{"timestamp":"2025-07-10T06:35:49.733Z","action":"READ","filename":"gongshui","ip":"::1","success":true,"error":null}
{"timestamp":"2025-07-10T06:36:33.332Z","action":"SAVE","filename":"gongshui","ip":"::ffff:127.0.0.1","success":false,"error":"The \"data\" argument must be of type string or an instance of Buffer, TypedArray, or DataView. Received undefined"}
{"timestamp":"2025-07-10T06:37:30.423Z","action":"READ","filename":"sczaizhi","ip":"::1","success":true,"error":null}
{"timestamp":"2025-07-10T06:37:30.468Z","action":"SAVE","filename":"gongshui","ip":"::1","success":false,"error":"The \"data\" argument must be of type string or an instance of Buffer, TypedArray, or DataView. Received undefined"}
{"timestamp":"2025-07-10T06:37:56.147Z","action":"SAVE","filename":"sczaizhi","ip":"::ffff:127.0.0.1","success":false,"error":"The \"data\" argument must be of type string or an instance of Buffer, TypedArray, or DataView. Received undefined"}
{"timestamp":"2025-07-10T06:37:59.888Z","action":"READ","filename":"sczaizhi","ip":"::1","success":true,"error":null}
{"timestamp":"2025-07-10T06:38:03.006Z","action":"READ","filename":"sclizhi","ip":"::ffff:127.0.0.1","success":true,"error":null}
{"timestamp":"2025-07-10T06:38:03.024Z","action":"SAVE","filename":"sczaizhi","ip":"::ffff:127.0.0.1","success":false,"error":"The \"data\" argument must be of type string or an instance of Buffer, TypedArray, or DataView. Received undefined"}
{"timestamp":"2025-07-10T06:38:03.876Z","action":"READ","filename":"sczaizhi","ip":"::1","success":true,"error":null}
{"timestamp":"2025-07-10T06:38:03.921Z","action":"SAVE","filename":"sclizhi","ip":"::1","success":false,"error":"The \"data\" argument must be of type string or an instance of Buffer, TypedArray, or DataView. Received undefined"}
{"timestamp":"2025-07-10T06:40:22.055Z","action":"SAVE","filename":"sczaizhi","ip":"::ffff:127.0.0.1","success":false,"error":"The \"data\" argument must be of type string or an instance of Buffer, TypedArray, or DataView. Received undefined"}
{"timestamp":"2025-07-10T06:40:22.962Z","action":"READ","filename":"sczaizhi","ip":"::1","success":true,"error":null}
{"timestamp":"2025-07-10T06:42:02.545Z","action":"READ","filename":"gongshui","ip":"::ffff:127.0.0.1","success":true,"error":null}
{"timestamp":"2025-07-10T06:42:02.568Z","action":"SAVE","filename":"sczaizhi","ip":"::ffff:127.0.0.1","success":false,"error":"The \"data\" argument must be of type string or an instance of Buffer, TypedArray, or DataView. Received undefined"}
{"timestamp":"2025-07-10T06:42:46.297Z","action":"READ","filename":"sc","ip":"::ffff:127.0.0.1","success":true,"error":null}
{"timestamp":"2025-07-10T06:42:46.335Z","action":"SAVE","filename":"gongshui","ip":"::1","success":false,"error":"The \"data\" argument must be of type string or an instance of Buffer, TypedArray, or DataView. Received undefined"}
{"timestamp":"2025-07-10T06:42:46.369Z","action":"SAVE","filename":"sc2","ip":"::1","success":false,"error":"The \"data\" argument must be of type string or an instance of Buffer, TypedArray, or DataView. Received undefined"}
{"timestamp":"2025-07-10T06:42:57.384Z","action":"SAVE","filename":"sc","ip":"::ffff:127.0.0.1","success":false,"error":"The \"data\" argument must be of type string or an instance of Buffer, TypedArray, or DataView. Received undefined"}
{"timestamp":"2025-07-10T06:42:57.400Z","action":"SAVE","filename":"sc2","ip":"::1","success":false,"error":"The \"data\" argument must be of type string or an instance of Buffer, TypedArray, or DataView. Received undefined"}
{"timestamp":"2025-07-10T06:43:07.204Z","action":"READ","filename":"sc","ip":"::ffff:127.0.0.1","success":true,"error":null}
{"timestamp":"2025-07-10T06:43:07.252Z","action":"SAVE","filename":"sc2","ip":"::1","success":false,"error":"The \"data\" argument must be of type string or an instance of Buffer, TypedArray, or DataView. Received undefined"}
{"timestamp":"2025-07-10T06:44:05.644Z","action":"READ","filename":"sczaizhi","ip":"::1","success":true,"error":null}
{"timestamp":"2025-07-10T06:44:05.685Z","action":"SAVE","filename":"sc","ip":"::ffff:127.0.0.1","success":false,"error":"The \"data\" argument must be of type string or an instance of Buffer, TypedArray, or DataView. Received undefined"}
{"timestamp":"2025-07-10T06:44:08.075Z","action":"SAVE","filename":"sczaizhi","ip":"::ffff:127.0.0.1","success":false,"error":"The \"data\" argument must be of type string or an instance of Buffer, TypedArray, or DataView. Received undefined"}
{"timestamp":"2025-07-10T06:44:09.958Z","action":"READ","filename":"sc","ip":"::1","success":true,"error":null}
{"timestamp":"2025-07-10T06:44:10.019Z","action":"SAVE","filename":"sc2","ip":"::ffff:127.0.0.1","success":false,"error":"The \"data\" argument must be of type string or an instance of Buffer, TypedArray, or DataView. Received undefined"}
{"timestamp":"2025-07-10T06:44:38.048Z","action":"SAVE","filename":"sc","ip":"::ffff:127.0.0.1","success":false,"error":"The \"data\" argument must be of type string or an instance of Buffer, TypedArray, or DataView. Received undefined"}
{"timestamp":"2025-07-10T20:21:10.476Z","action":"READ","filename":"dailySupplies","ip":"::1","success":true,"error":null}
{"timestamp":"2025-07-10T20:21:22.069Z","action":"READ","filename":"projectSupplies","ip":"::1","success":true,"error":null}
{"timestamp":"2025-07-10T20:21:22.077Z","action":"SAVE","filename":"dailySupplies","ip":"::1","success":false,"error":"The \"data\" argument must be of type string or an instance of Buffer, TypedArray, or DataView. Received undefined"}
{"timestamp":"2025-07-10T20:23:06.755Z","action":"SAVE","filename":"projectSupplies","ip":"::1","success":true,"error":null}
{"timestamp":"2025-07-10T20:23:06.781Z","action":"READ","filename":"dailySupplies","ip":"::1","success":true,"error":null}
{"timestamp":"2025-07-10T20:23:07.445Z","action":"READ","filename":"projectSupplies","ip":"::1","success":true,"error":null}
{"timestamp":"2025-07-10T20:24:37.143Z","action":"SAVE","filename":"projectSupplies","ip":"::1","success":true,"error":null}
{"timestamp":"2025-07-10T20:24:39.112Z","action":"SAVE","filename":"projectSupplies","ip":"::1","success":true,"error":null}
{"timestamp":"2025-07-10T20:24:39.138Z","action":"READ","filename":"dailySupplies","ip":"::1","success":true,"error":null}
{"timestamp":"2025-07-10T20:24:43.197Z","action":"LIST_BACKUPS","filename":"dailySupplies","ip":"::1","success":true,"error":null}
{"timestamp":"2025-07-10T20:26:40.639Z","action":"READ","filename":"dailySupplies","ip":"::1","success":true,"error":null}
{"timestamp":"2025-07-10T20:26:40.689Z","action":"SAVE","filename":"dailySupplies","ip":"::1","success":true,"error":null}
{"timestamp":"2025-07-10T20:26:46.539Z","action":"READ","filename":"contract_management","ip":"::1","success":true,"error":null}
{"timestamp":"2025-07-10T20:26:47.343Z","action":"SAVE","filename":"contract_management","ip":"::1","success":true,"error":null}
{"timestamp":"2025-07-10T20:26:47.369Z","action":"READ","filename":"income_contract_management","ip":"::1","success":true,"error":null}
{"timestamp":"2025-07-10T20:26:48.376Z","action":"LIST_BACKUPS","filename":"income_contract_management","ip":"::1","success":true,"error":null}
{"timestamp":"2025-07-10T20:26:51.977Z","action":"SAVE","filename":"income_contract_management","ip":"::1","success":true,"error":null}
{"timestamp":"2025-07-10T20:26:52.504Z","action":"LIST_BACKUPS","filename":"income_contract_management","ip":"::1","success":true,"error":null}
{"timestamp":"2025-07-10T20:27:32.137Z","action":"LIST_BACKUPS","filename":"income_contract_management","ip":"::1","success":true,"error":null}
{"timestamp":"2025-07-10T20:27:34.191Z","action":"SAVE","filename":"income_contract_management","ip":"::1","success":true,"error":null}
{"timestamp":"2025-07-10T20:27:34.656Z","action":"LIST_BACKUPS","filename":"income_contract_management","ip":"::1","success":true,"error":null}
{"timestamp":"2025-07-10T20:27:39.269Z","action":"SAVE","filename":"income_contract_management","ip":"::1","success":true,"error":null}
{"timestamp":"2025-07-10T20:27:39.376Z","action":"READ","filename":"dailySupplies","ip":"::1","success":true,"error":null}
{"timestamp":"2025-07-10T20:28:32.953Z","action":"READ","filename":"projectSupplies","ip":"::1","success":true,"error":null}
{"timestamp":"2025-07-10T20:28:33.085Z","action":"SAVE","filename":"dailySupplies","ip":"::1","success":true,"error":null}
{"timestamp":"2025-07-10T20:28:33.406Z","action":"SAVE","filename":"projectSupplies","ip":"::1","success":true,"error":null}
{"timestamp":"2025-07-10T20:28:33.458Z","action":"READ","filename":"dailySupplies","ip":"::1","success":true,"error":null}
{"timestamp":"2025-07-10T20:28:44.480Z","action":"READ","filename":"consultingServices","ip":"::1","success":true,"error":null}
{"timestamp":"2025-07-10T20:28:44.814Z","action":"SAVE","filename":"dailySupplies","ip":"::1","success":true,"error":null}
{"timestamp":"2025-07-10T20:28:45.071Z","action":"SAVE","filename":"consultingServices","ip":"::1","success":true,"error":null}
{"timestamp":"2025-07-10T20:28:45.084Z","action":"READ","filename":"projectSupplies","ip":"::1","success":true,"error":null}
{"timestamp":"2025-07-10T20:28:46.719Z","action":"READ","filename":"incomeData","ip":"::1","success":true,"error":null}
{"timestamp":"2025-07-10T20:28:46.736Z","action":"SAVE","filename":"projectSupplies","ip":"::1","success":true,"error":null}
{"timestamp":"2025-07-10T20:28:47.295Z","action":"SAVE","filename":"incomeData","ip":"::1","success":true,"error":null}
{"timestamp":"2025-07-10T20:28:47.310Z","action":"READ","filename":"disburseData","ip":"::1","success":true,"error":null}
{"timestamp":"2025-07-10T20:28:47.790Z","action":"SAVE","filename":"disburseData","ip":"::1","success":true,"error":null}
{"timestamp":"2025-07-10T20:28:47.820Z","action":"READ","filename":"summaryData","ip":"::1","success":true,"error":null}
{"timestamp":"2025-07-10T20:28:48.455Z","action":"SAVE","filename":"summaryData","ip":"::1","success":true,"error":null}
{"timestamp":"2025-07-10T20:28:48.469Z","action":"READ","filename":"disburseData","ip":"::1","success":true,"error":null}
{"timestamp":"2025-07-10T20:28:51.657Z","action":"SAVE","filename":"disburseData","ip":"::1","success":true,"error":null}
{"timestamp":"2025-07-10T20:28:52.858Z","action":"READ","filename":"disburseData","ip":"::1","success":true,"error":null}
{"timestamp":"2025-07-10T20:28:55.502Z","action":"READ","filename":"zlda","ip":"::1","success":true,"error":null}
{"timestamp":"2025-07-10T20:28:55.551Z","action":"SAVE","filename":"disburseData","ip":"::1","success":true,"error":null}
{"timestamp":"2025-07-10T20:28:55.579Z","action":"READ","filename":"projectManagementData","ip":"::1","success":true,"error":null}
{"timestamp":"2025-07-10T20:28:56.160Z","action":"READ","filename":"tree","ip":"::1","success":true,"error":null}
{"timestamp":"2025-07-10T20:28:56.172Z","action":"SAVE","filename":"projectManagementData","ip":"::1","success":true,"error":null}
{"timestamp":"2025-07-10T20:28:56.182Z","action":"READ","filename":"fileManager","ip":"::1","success":true,"error":null}
{"timestamp":"2025-07-10T20:28:57.640Z","action":"SAVE","filename":"fileManager","ip":"::1","success":true,"error":null}
{"timestamp":"2025-07-10T20:28:57.650Z","action":"READ","filename":"touzifazhanbu_xiangmuguanli_Data","ip":"::1","success":true,"error":null}
{"timestamp":"2025-07-10T20:28:57.670Z","action":"SAVE","filename":"tree","ip":"::1","success":true,"error":null}
{"timestamp":"2025-07-10T20:28:58.324Z","action":"SAVE","filename":"touzifazhanbu_xiangmuguanli_Data","ip":"::1","success":true,"error":null}
{"timestamp":"2025-07-10T20:28:58.338Z","action":"READ","filename":"contractArchive","ip":"::1","success":true,"error":null}
{"timestamp":"2025-07-10T20:28:58.745Z","action":"SAVE","filename":"contractArchive","ip":"::1","success":true,"error":null}
{"timestamp":"2025-07-10T20:28:58.746Z","action":"SAVE","filename":"contractArchive","ip":"::1","success":true,"error":null}
{"timestamp":"2025-07-10T20:28:58.776Z","action":"READ","filename":"crossBorderProjectFiles","ip":"::1","success":true,"error":null}
{"timestamp":"2025-07-10T20:29:27.625Z","action":"READ","filename":"zlda","ip":"::1","success":true,"error":null}
{"timestamp":"2025-07-10T20:29:27.651Z","action":"SAVE","filename":"crossBorderProjectFiles","ip":"::1","success":true,"error":null}
{"timestamp":"2025-07-10T20:29:27.716Z","action":"READ","filename":"projectManagementData","ip":"::1","success":true,"error":null}
{"timestamp":"2025-07-10T20:29:28.201Z","action":"READ","filename":"tree","ip":"::1","success":true,"error":null}
{"timestamp":"2025-07-10T20:29:28.239Z","action":"READ","filename":"fileManager","ip":"::1","success":true,"error":null}
{"timestamp":"2025-07-10T20:29:28.254Z","action":"SAVE","filename":"projectManagementData","ip":"::1","success":true,"error":null}
{"timestamp":"2025-07-10T20:29:33.153Z","action":"SAVE","filename":"tree","ip":"::1","success":true,"error":null}
{"timestamp":"2025-07-10T20:29:33.207Z","action":"SAVE","filename":"fileManager","ip":"::1","success":true,"error":null}
{"timestamp":"2025-07-10T20:29:33.211Z","action":"READ","filename":"contract_management","ip":"::1","success":true,"error":null}
{"timestamp":"2025-07-10T20:29:33.889Z","action":"READ","filename":"income_contract_management","ip":"::1","success":true,"error":null}
{"timestamp":"2025-07-10T20:29:33.897Z","action":"READ","filename":"project_summary_management","ip":"::1","success":true,"error":null}
{"timestamp":"2025-07-10T20:29:33.904Z","action":"READ","filename":"contract_management","ip":"::1","success":true,"error":null}
{"timestamp":"2025-07-10T20:29:33.912Z","action":"READ","filename":"income_contract_management","ip":"::1","success":true,"error":null}
{"timestamp":"2025-07-10T20:29:33.915Z","action":"READ","filename":"contract_management","ip":"::1","success":true,"error":null}
{"timestamp":"2025-07-10T20:29:33.921Z","action":"SAVE","filename":"contract_management","ip":"::1","success":true,"error":null}
{"timestamp":"2025-07-10T20:29:36.000Z","action":"SAVE","filename":"project_summary_management","ip":"::1","success":true,"error":null}
{"timestamp":"2025-07-10T20:29:36.049Z","action":"READ","filename":"personalInfoData","ip":"::1","success":true,"error":null}
{"timestamp":"2025-07-10T20:29:36.851Z","action":"SAVE","filename":"personalInfoData","ip":"::1","success":true,"error":null}
{"timestamp":"2025-07-10T20:29:36.934Z","action":"READ","filename":"employee-display-data","ip":"::1","success":true,"error":null}
{"timestamp":"2025-07-10T20:29:38.086Z","action":"READ","filename":"performanceData","ip":"::1","success":true,"error":null}
{"timestamp":"2025-07-10T20:29:38.678Z","action":"SAVE","filename":"performanceData","ip":"::1","success":true,"error":null}
{"timestamp":"2025-07-10T20:29:38.741Z","action":"READ","filename":"personalInfoData","ip":"::1","success":true,"error":null}
{"timestamp":"2025-07-10T20:29:51.593Z","action":"LIST_BACKUPS","filename":"personalInfoData","ip":"::1","success":true,"error":null}
{"timestamp":"2025-07-10T20:29:55.816Z","action":"READ","filename":"performanceData","ip":"::1","success":true,"error":null}
{"timestamp":"2025-07-10T20:29:55.851Z","action":"SAVE","filename":"personalInfoData","ip":"::1","success":true,"error":null}
{"timestamp":"2025-07-10T20:29:57.571Z","action":"READ","filename":"personalInfoData","ip":"::1","success":true,"error":null}
{"timestamp":"2025-07-10T20:29:57.626Z","action":"SAVE","filename":"performanceData","ip":"::1","success":true,"error":null}
{"timestamp":"2025-07-10T20:30:00.174Z","action":"SAVE","filename":"personalInfoData","ip":"::1","success":true,"error":null}
{"timestamp":"2025-07-10T20:30:00.187Z","action":"READ","filename":"performanceData","ip":"::1","success":true,"error":null}
{"timestamp":"2025-07-10T20:30:16.053Z","action":"READ","filename":"personalInfoData","ip":"::1","success":true,"error":null}
{"timestamp":"2025-07-10T20:32:38.525Z","action":"SAVE","filename":"personalInfoData","ip":"::1","success":true,"error":null}
{"timestamp":"2025-07-10T20:32:43.192Z","action":"READ","filename":"employee-display-data","ip":"::1","success":true,"error":null}
{"timestamp":"2025-07-10T20:32:43.197Z","action":"SAVE","filename":"personalInfoData","ip":"::1","success":true,"error":null}
{"timestamp":"2025-07-10T20:32:56.083Z","action":"READ","filename":"rwjx","ip":"::1","success":true,"error":null}
{"timestamp":"2025-07-10T20:35:18.864Z","action":"READ","filename":"rwjx","ip":"::1","success":true,"error":null}
{"timestamp":"2025-07-10T20:35:18.896Z","action":"SAVE","filename":"rwjx","ip":"::1","success":true,"error":null}
