{"timestamp":"2025-06-29T05:56:15.562Z","action":"READ","filename":"htdaa","ip":"::1","success":true,"error":null}
{"timestamp":"2025-06-29T05:56:19.585Z","action":"READ","filename":"hetong_0","ip":"::1","success":true,"error":null}
{"timestamp":"2025-06-29T05:56:19.601Z","action":"SAVE","filename":"htdaa","ip":"::1","success":true,"error":null}
{"timestamp":"2025-06-29T06:03:58.069Z","action":"READ","filename":"htdaa","ip":"::1","success":true,"error":null}
{"timestamp":"2025-06-29T06:03:58.510Z","action":"SAVE","filename":"htdaa","ip":"::1","success":true,"error":null}
{"timestamp":"2025-06-29T06:04:35.095Z","action":"READ","filename":"htdaa","ip":"::1","success":true,"error":null}
{"timestamp":"2025-06-29T06:04:35.561Z","action":"SAVE","filename":"htdaa","ip":"::1","success":true,"error":null}
{"timestamp":"2025-06-29T06:04:51.801Z","action":"READ","filename":"htdaa","ip":"::1","success":true,"error":null}
{"timestamp":"2025-06-29T06:18:49.370Z","action":"READ","filename":"htdaa","ip":"::1","success":true,"error":null}
{"timestamp":"2025-06-29T06:18:54.159Z","action":"READ","filename":"hetong_0","ip":"::1","success":true,"error":null}
{"timestamp":"2025-06-29T06:19:09.101Z","action":"SAVE","filename":"hetong_0","ip":"::1","success":true,"error":null}
{"timestamp":"2025-06-29T06:19:09.355Z","action":"SAVE","filename":"hetong_0","ip":"::1","success":true,"error":null}
{"timestamp":"2025-06-29T06:19:14.714Z","action":"SAVE","filename":"hetong_0","ip":"::1","success":true,"error":null}
{"timestamp":"2025-06-29T06:19:15.054Z","action":"READ","filename":"htdaa","ip":"::1","success":true,"error":null}
{"timestamp":"2025-06-29T06:30:26.955Z","action":"READ","filename":"xiangmujx","ip":"::1","success":true,"error":null}
{"timestamp":"2025-06-29T07:30:10.866Z","action":"READ","filename":"jygl","ip":"::1","success":true,"error":null}
{"timestamp":"2025-06-29T08:31:37.243Z","action":"READ","filename":"performance","ip":"::1","success":true,"error":null}
{"timestamp":"2025-06-29T08:33:42.919Z","action":"SAVE","filename":"performance","ip":"::1","success":true,"error":null}
{"timestamp":"2025-06-29T08:33:42.927Z","action":"READ","filename":"grxx","ip":"::1","success":true,"error":null}
{"timestamp":"2025-06-29T08:33:44.523Z","action":"SAVE","filename":"grxx","ip":"::1","success":true,"error":null}
{"timestamp":"2025-06-29T08:33:44.536Z","action":"READ","filename":"xiangmujx","ip":"::1","success":true,"error":null}
{"timestamp":"2025-06-29T08:39:29.882Z","action":"READ","filename":"p1","ip":"::1","success":true,"error":null}
{"timestamp":"2025-06-29T08:39:30.223Z","action":"SAVE","filename":"p1","ip":"::1","success":true,"error":null}
{"timestamp":"2025-06-29T08:39:31.024Z","action":"READ","filename":"p1","ip":"::1","success":true,"error":null}
{"timestamp":"2025-06-29T08:39:33.526Z","action":"SAVE","filename":"p1","ip":"::1","success":true,"error":null}
{"timestamp":"2025-06-29T10:11:10.773Z","action":"READ","filename":"grxx","ip":"::1","success":true,"error":null}
{"timestamp":"2025-06-29T10:11:12.474Z","action":"SAVE","filename":"grxx","ip":"::1","success":true,"error":null}
{"timestamp":"2025-06-29T10:21:21.897Z","action":"READ","filename":"zlda","ip":"::1","success":true,"error":null}
{"timestamp":"2025-06-29T10:21:23.662Z","action":"SAVE","filename":"zlda","ip":"::1","success":true,"error":null}
{"timestamp":"2025-06-29T10:21:31.642Z","action":"READ","filename":"zlda","ip":"::1","success":true,"error":null}
{"timestamp":"2025-06-29T10:21:33.605Z","action":"SAVE","filename":"zlda","ip":"::1","success":true,"error":null}
{"timestamp":"2025-06-29T10:21:34.649Z","action":"READ","filename":"zlda","ip":"::1","success":true,"error":null}
{"timestamp":"2025-06-29T10:21:42.822Z","action":"SAVE","filename":"zlda","ip":"::1","success":true,"error":null}
{"timestamp":"2025-06-29T10:30:35.969Z","action":"READ","filename":"zlda","ip":"::1","success":true,"error":null}
{"timestamp":"2025-06-29T10:51:04.171Z","action":"READ","filename":"serve","ip":"::1","success":true,"error":null}
{"timestamp":"2025-06-29T10:51:08.534Z","action":"READ","filename":"serve","ip":"::1","success":true,"error":null}
{"timestamp":"2025-06-29T10:51:12.500Z","action":"READ","filename":"serve","ip":"::1","success":true,"error":null}
{"timestamp":"2025-06-29T10:51:26.325Z","action":"READ","filename":"serve","ip":"::1","success":true,"error":null}
{"timestamp":"2025-06-29T10:51:50.097Z","action":"READ","filename":"serve","ip":"::1","success":true,"error":null}
{"timestamp":"2025-06-29T10:51:53.337Z","action":"READ","filename":"serve","ip":"::1","success":true,"error":null}
{"timestamp":"2025-06-29T10:51:54.998Z","action":"READ","filename":"serve","ip":"::1","success":true,"error":null}
{"timestamp":"2025-06-29T10:52:44.270Z","action":"READ","filename":"serve","ip":"::1","success":true,"error":null}
{"timestamp":"2025-06-29T10:55:10.296Z","action":"READ","filename":"serve","ip":"::1","success":true,"error":null}
{"timestamp":"2025-06-29T11:10:58.831Z","action":"READ","filename":"jjzb","ip":"::1","success":true,"error":null}
{"timestamp":"2025-06-29T11:11:05.955Z","action":"READ","filename":"d1","ip":"::1","success":true,"error":null}
{"timestamp":"2025-06-29T11:11:10.760Z","action":"SAVE","filename":"d1","ip":"::1","success":true,"error":null}
{"timestamp":"2025-06-29T11:16:51.590Z","action":"READ","filename":"serve","ip":"::1","success":true,"error":null}
{"timestamp":"2025-06-29T11:17:18.055Z","action":"READ","filename":"serve","ip":"::1","success":true,"error":null}
{"timestamp":"2025-06-29T11:18:30.252Z","action":"READ","filename":"serve","ip":"::1","success":true,"error":null}
{"timestamp":"2025-06-29T11:23:02.442Z","action":"READ","filename":"serve","ip":"::1","success":true,"error":null}
{"timestamp":"2025-06-29T11:26:01.822Z","action":"READ","filename":"serve","ip":"::1","success":true,"error":null}
{"timestamp":"2025-06-29T11:26:20.741Z","action":"READ","filename":"serve","ip":"::1","success":true,"error":null}
{"timestamp":"2025-06-29T12:28:15.598Z","action":"READ","filename":"serve","ip":"::1","success":true,"error":null}
{"timestamp":"2025-06-29T12:28:18.045Z","action":"READ","filename":"serve","ip":"::1","success":true,"error":null}
{"timestamp":"2025-06-29T13:30:12.360Z","action":"READ","filename":"water","ip":"::1","success":true,"error":null}
{"timestamp":"2025-06-29T13:30:14.634Z","action":"SAVE","filename":"water","ip":"::1","success":true,"error":null}
{"timestamp":"2025-06-29T13:30:14.634Z","action":"READ","filename":"gongshui","ip":"::1","success":true,"error":null}
{"timestamp":"2025-06-29T13:30:17.543Z","action":"READ","filename":"sc","ip":"::1","success":true,"error":null}
{"timestamp":"2025-06-29T13:30:17.551Z","action":"SAVE","filename":"gongshui","ip":"::1","success":true,"error":null}
{"timestamp":"2025-06-29T13:30:21.955Z","action":"SAVE","filename":"sc","ip":"::1","success":true,"error":null}
{"timestamp":"2025-06-29T13:30:21.960Z","action":"READ","filename":"wsc","ip":"::1","success":true,"error":null}
{"timestamp":"2025-06-29T13:30:22.489Z","action":"READ","filename":"sc","ip":"::1","success":true,"error":null}
{"timestamp":"2025-06-29T13:30:22.493Z","action":"SAVE","filename":"wsc","ip":"::1","success":true,"error":null}
{"timestamp":"2025-06-29T13:30:22.856Z","action":"SAVE","filename":"sc","ip":"::1","success":true,"error":null}
{"timestamp":"2025-06-29T13:30:22.859Z","action":"READ","filename":"wsc","ip":"::1","success":true,"error":null}
{"timestamp":"2025-06-29T13:30:23.426Z","action":"READ","filename":"sc","ip":"::1","success":true,"error":null}
{"timestamp":"2025-06-29T13:30:23.435Z","action":"SAVE","filename":"wsc","ip":"::1","success":true,"error":null}
{"timestamp":"2025-06-29T13:30:23.892Z","action":"SAVE","filename":"sc","ip":"::1","success":true,"error":null}
{"timestamp":"2025-06-29T13:30:23.895Z","action":"READ","filename":"wsc","ip":"::1","success":true,"error":null}
{"timestamp":"2025-06-29T13:30:31.947Z","action":"READ","filename":"water","ip":"::1","success":true,"error":null}
{"timestamp":"2025-06-29T13:30:31.962Z","action":"SAVE","filename":"wsc","ip":"::1","success":true,"error":null}
{"timestamp":"2025-06-29T13:30:50.293Z","action":"READ","filename":"sczaizhi","ip":"::1","success":true,"error":null}
{"timestamp":"2025-06-29T13:30:50.306Z","action":"SAVE","filename":"water","ip":"::1","success":true,"error":null}
{"timestamp":"2025-06-29T13:30:52.071Z","action":"READ","filename":"sclizhi","ip":"::1","success":true,"error":null}
{"timestamp":"2025-06-29T13:30:52.075Z","action":"SAVE","filename":"sczaizhi","ip":"::1","success":true,"error":null}
{"timestamp":"2025-06-29T13:30:52.862Z","action":"READ","filename":"sczaizhi","ip":"::1","success":true,"error":null}
{"timestamp":"2025-06-29T13:30:52.878Z","action":"SAVE","filename":"sclizhi","ip":"::1","success":true,"error":null}
{"timestamp":"2025-06-29T13:30:59.534Z","action":"READ","filename":"wsczaizhi","ip":"::1","success":true,"error":null}
{"timestamp":"2025-06-29T13:30:59.540Z","action":"SAVE","filename":"sczaizhi","ip":"::1","success":true,"error":null}
{"timestamp":"2025-06-29T13:31:01.158Z","action":"READ","filename":"sczaizhi","ip":"::1","success":true,"error":null}
{"timestamp":"2025-06-29T13:31:01.173Z","action":"SAVE","filename":"wsczaizhi","ip":"::1","success":true,"error":null}
{"timestamp":"2025-06-29T13:31:01.510Z","action":"READ","filename":"sclizhi","ip":"::1","success":true,"error":null}
{"timestamp":"2025-06-29T13:31:01.517Z","action":"SAVE","filename":"sczaizhi","ip":"::1","success":true,"error":null}
{"timestamp":"2025-06-29T13:31:01.917Z","action":"READ","filename":"wsczaizhi","ip":"::1","success":true,"error":null}
{"timestamp":"2025-06-29T13:31:01.924Z","action":"SAVE","filename":"sclizhi","ip":"::1","success":true,"error":null}
{"timestamp":"2025-06-29T13:31:02.501Z","action":"READ","filename":"sczaizhi","ip":"::1","success":true,"error":null}
{"timestamp":"2025-06-29T13:31:02.509Z","action":"SAVE","filename":"wsczaizhi","ip":"::1","success":true,"error":null}
{"timestamp":"2025-06-29T13:31:05.545Z","action":"READ","filename":"wsczaizhi","ip":"::1","success":true,"error":null}
{"timestamp":"2025-06-29T13:31:05.552Z","action":"SAVE","filename":"sczaizhi","ip":"::1","success":true,"error":null}
{"timestamp":"2025-06-29T13:31:06.526Z","action":"READ","filename":"wsclizhi","ip":"::1","success":true,"error":null}
{"timestamp":"2025-06-29T13:31:06.531Z","action":"SAVE","filename":"wsczaizhi","ip":"::1","success":true,"error":null}
{"timestamp":"2025-06-29T13:31:06.993Z","action":"READ","filename":"wsczaizhi","ip":"::1","success":true,"error":null}
{"timestamp":"2025-06-29T13:31:07.006Z","action":"SAVE","filename":"wsclizhi","ip":"::1","success":true,"error":null}
{"timestamp":"2025-06-29T13:31:07.914Z","action":"READ","filename":"wsclizhi","ip":"::1","success":true,"error":null}
{"timestamp":"2025-06-29T13:31:07.916Z","action":"SAVE","filename":"wsczaizhi","ip":"::1","success":true,"error":null}
{"timestamp":"2025-06-29T13:31:09.112Z","action":"READ","filename":"wsczaizhi","ip":"::1","success":true,"error":null}
{"timestamp":"2025-06-29T13:31:09.128Z","action":"SAVE","filename":"wsclizhi","ip":"::1","success":true,"error":null}
{"timestamp":"2025-06-29T13:31:09.886Z","action":"READ","filename":"wsclizhi","ip":"::1","success":true,"error":null}
{"timestamp":"2025-06-29T13:31:09.887Z","action":"SAVE","filename":"wsczaizhi","ip":"::1","success":true,"error":null}
{"timestamp":"2025-06-29T13:31:10.511Z","action":"READ","filename":"wsczaizhi","ip":"::1","success":true,"error":null}
{"timestamp":"2025-06-29T13:31:10.525Z","action":"SAVE","filename":"wsclizhi","ip":"::1","success":true,"error":null}
{"timestamp":"2025-06-29T13:31:10.854Z","action":"READ","filename":"sclizhi","ip":"::1","success":true,"error":null}
{"timestamp":"2025-06-29T13:31:10.862Z","action":"SAVE","filename":"wsczaizhi","ip":"::1","success":true,"error":null}
{"timestamp":"2025-06-29T13:31:11.166Z","action":"READ","filename":"sczaizhi","ip":"::1","success":true,"error":null}
{"timestamp":"2025-06-29T13:31:11.181Z","action":"SAVE","filename":"sclizhi","ip":"::1","success":true,"error":null}
{"timestamp":"2025-06-29T13:32:10.442Z","action":"READ","filename":"water","ip":"::1","success":true,"error":null}
{"timestamp":"2025-06-29T13:32:10.456Z","action":"SAVE","filename":"sczaizhi","ip":"::1","success":true,"error":null}
{"timestamp":"2025-06-29T13:32:40.416Z","action":"READ","filename":"ruku","ip":"::1","success":true,"error":null}
{"timestamp":"2025-06-29T13:32:40.420Z","action":"SAVE","filename":"water","ip":"::1","success":true,"error":null}
{"timestamp":"2025-06-29T13:32:40.844Z","action":"READ","filename":"shicaichuku","ip":"::1","success":true,"error":null}
{"timestamp":"2025-06-29T13:32:40.847Z","action":"SAVE","filename":"ruku","ip":"::1","success":true,"error":null}
{"timestamp":"2025-06-29T13:32:42.268Z","action":"SAVE","filename":"shicaichuku","ip":"::1","success":true,"error":null}
{"timestamp":"2025-06-29T13:32:56.938Z","action":"READ","filename":"water","ip":"::1","success":true,"error":null}
{"timestamp":"2025-06-29T13:33:33.004Z","action":"SAVE","filename":"water","ip":"::1","success":true,"error":null}
{"timestamp":"2025-06-29T13:33:33.004Z","action":"READ","filename":"ruku","ip":"::1","success":true,"error":null}
{"timestamp":"2025-06-29T13:33:33.363Z","action":"READ","filename":"shicaichuku","ip":"::1","success":true,"error":null}
{"timestamp":"2025-06-29T13:33:33.369Z","action":"SAVE","filename":"ruku","ip":"::1","success":true,"error":null}
{"timestamp":"2025-06-29T13:33:33.687Z","action":"READ","filename":"shicairuku","ip":"::1","success":true,"error":null}
{"timestamp":"2025-06-29T13:33:33.689Z","action":"SAVE","filename":"shicaichuku","ip":"::1","success":true,"error":null}
{"timestamp":"2025-06-29T13:33:34.060Z","action":"READ","filename":"pac","ip":"::1","success":true,"error":null}
{"timestamp":"2025-06-29T13:33:34.067Z","action":"SAVE","filename":"shicairuku","ip":"::1","success":true,"error":null}
{"timestamp":"2025-06-29T13:33:34.411Z","action":"READ","filename":"chuku2","ip":"::1","success":true,"error":null}
{"timestamp":"2025-06-29T13:33:34.418Z","action":"SAVE","filename":"pac","ip":"::1","success":true,"error":null}
{"timestamp":"2025-06-29T13:33:34.761Z","action":"READ","filename":"ruku2","ip":"::1","success":true,"error":null}
{"timestamp":"2025-06-29T13:33:34.766Z","action":"SAVE","filename":"chuku2","ip":"::1","success":true,"error":null}
{"timestamp":"2025-06-29T13:33:40.242Z","action":"SAVE","filename":"ruku2","ip":"::1","success":true,"error":null}
{"timestamp":"2025-06-29T13:34:22.039Z","action":"READ","filename":"zlda","ip":"::1","success":true,"error":null}
{"timestamp":"2025-06-29T13:34:22.599Z","action":"READ","filename":"tree","ip":"::1","success":true,"error":null}
{"timestamp":"2025-06-29T13:34:22.623Z","action":"SAVE","filename":"zlda","ip":"::1","success":true,"error":null}
{"timestamp":"2025-06-29T13:34:23.326Z","action":"READ","filename":"zlda","ip":"::1","success":true,"error":null}
{"timestamp":"2025-06-29T13:34:23.327Z","action":"SAVE","filename":"tree","ip":"::1","success":true,"error":null}
{"timestamp":"2025-06-29T13:35:21.443Z","action":"READ","filename":"water","ip":"::1","success":true,"error":null}
{"timestamp":"2025-06-29T13:35:21.455Z","action":"SAVE","filename":"zlda","ip":"::1","success":true,"error":null}
{"timestamp":"2025-06-29T13:35:28.079Z","action":"READ","filename":"ruku","ip":"::1","success":true,"error":null}
{"timestamp":"2025-06-29T13:35:28.081Z","action":"SAVE","filename":"water","ip":"::1","success":true,"error":null}
{"timestamp":"2025-06-29T13:35:28.661Z","action":"READ","filename":"shicaichuku","ip":"::1","success":true,"error":null}
{"timestamp":"2025-06-29T13:35:28.663Z","action":"SAVE","filename":"ruku","ip":"::1","success":true,"error":null}
{"timestamp":"2025-06-29T13:35:29.119Z","action":"READ","filename":"shicairuku","ip":"::1","success":true,"error":null}
{"timestamp":"2025-06-29T13:35:29.124Z","action":"SAVE","filename":"shicaichuku","ip":"::1","success":true,"error":null}
{"timestamp":"2025-06-29T13:35:29.824Z","action":"READ","filename":"pac","ip":"::1","success":true,"error":null}
{"timestamp":"2025-06-29T13:35:29.828Z","action":"SAVE","filename":"shicairuku","ip":"::1","success":true,"error":null}
{"timestamp":"2025-06-29T13:35:30.154Z","action":"READ","filename":"chuku2","ip":"::1","success":true,"error":null}
{"timestamp":"2025-06-29T13:35:30.157Z","action":"SAVE","filename":"pac","ip":"::1","success":true,"error":null}
{"timestamp":"2025-06-29T13:35:30.432Z","action":"READ","filename":"ruku2","ip":"::1","success":true,"error":null}
{"timestamp":"2025-06-29T13:35:30.436Z","action":"SAVE","filename":"chuku2","ip":"::1","success":true,"error":null}
{"timestamp":"2025-06-29T13:36:05.073Z","action":"READ","filename":"water","ip":"::1","success":true,"error":null}
{"timestamp":"2025-06-29T13:36:05.086Z","action":"SAVE","filename":"ruku2","ip":"::1","success":true,"error":null}
{"timestamp":"2025-06-29T13:36:49.385Z","action":"READ","filename":"ruku","ip":"::1","success":true,"error":null}
{"timestamp":"2025-06-29T13:36:49.390Z","action":"SAVE","filename":"water","ip":"::1","success":true,"error":null}
{"timestamp":"2025-06-29T13:36:49.748Z","action":"READ","filename":"water","ip":"::1","success":true,"error":null}
{"timestamp":"2025-06-29T13:36:49.766Z","action":"SAVE","filename":"ruku","ip":"::1","success":true,"error":null}
{"timestamp":"2025-06-29T13:36:50.787Z","action":"READ","filename":"ruku","ip":"::1","success":true,"error":null}
{"timestamp":"2025-06-29T13:36:50.790Z","action":"SAVE","filename":"water","ip":"::1","success":true,"error":null}
{"timestamp":"2025-06-29T13:36:51.160Z","action":"READ","filename":"water","ip":"::1","success":true,"error":null}
{"timestamp":"2025-06-29T13:36:51.171Z","action":"SAVE","filename":"ruku","ip":"::1","success":true,"error":null}
{"timestamp":"2025-06-29T13:36:52.022Z","action":"SAVE","filename":"water","ip":"::1","success":true,"error":null}
{"timestamp":"2025-06-29T13:36:52.022Z","action":"READ","filename":"ruku","ip":"::1","success":true,"error":null}
{"timestamp":"2025-06-29T13:36:52.266Z","action":"READ","filename":"water","ip":"::1","success":true,"error":null}
{"timestamp":"2025-06-29T13:36:52.274Z","action":"SAVE","filename":"ruku","ip":"::1","success":true,"error":null}
{"timestamp":"2025-06-29T13:38:23.728Z","action":"READ","filename":"ruku","ip":"::1","success":true,"error":null}
{"timestamp":"2025-06-29T13:38:23.734Z","action":"SAVE","filename":"water","ip":"::1","success":true,"error":null}
{"timestamp":"2025-06-29T13:38:23.988Z","action":"READ","filename":"shicaichuku","ip":"::1","success":true,"error":null}
{"timestamp":"2025-06-29T13:38:24.004Z","action":"SAVE","filename":"ruku","ip":"::1","success":true,"error":null}
{"timestamp":"2025-06-29T13:38:24.221Z","action":"READ","filename":"shicairuku","ip":"::1","success":true,"error":null}
{"timestamp":"2025-06-29T13:38:24.228Z","action":"SAVE","filename":"shicaichuku","ip":"::1","success":true,"error":null}
{"timestamp":"2025-06-29T13:38:24.452Z","action":"READ","filename":"pac","ip":"::1","success":true,"error":null}
{"timestamp":"2025-06-29T13:38:24.458Z","action":"SAVE","filename":"shicairuku","ip":"::1","success":true,"error":null}
{"timestamp":"2025-06-29T13:38:24.678Z","action":"READ","filename":"chuku2","ip":"::1","success":true,"error":null}
{"timestamp":"2025-06-29T13:38:24.683Z","action":"SAVE","filename":"pac","ip":"::1","success":true,"error":null}
{"timestamp":"2025-06-29T13:38:25.421Z","action":"READ","filename":"ruku2","ip":"::1","success":true,"error":null}
{"timestamp":"2025-06-29T13:38:25.424Z","action":"SAVE","filename":"chuku2","ip":"::1","success":true,"error":null}
{"timestamp":"2025-06-29T13:38:26.485Z","action":"READ","filename":"water","ip":"::1","success":true,"error":null}
{"timestamp":"2025-06-29T13:38:26.533Z","action":"SAVE","filename":"ruku2","ip":"::1","success":true,"error":null}
{"timestamp":"2025-06-29T13:39:36.325Z","action":"READ","filename":"ruku","ip":"::1","success":true,"error":null}
{"timestamp":"2025-06-29T13:39:36.341Z","action":"SAVE","filename":"water","ip":"::1","success":true,"error":null}
{"timestamp":"2025-06-29T13:39:36.739Z","action":"READ","filename":"shicaichuku","ip":"::1","success":true,"error":null}
{"timestamp":"2025-06-29T13:39:36.749Z","action":"SAVE","filename":"ruku","ip":"::1","success":true,"error":null}
{"timestamp":"2025-06-29T13:39:37.130Z","action":"READ","filename":"water","ip":"::1","success":true,"error":null}
{"timestamp":"2025-06-29T13:39:37.147Z","action":"SAVE","filename":"shicaichuku","ip":"::1","success":true,"error":null}
{"timestamp":"2025-06-29T13:45:48.495Z","action":"READ","filename":"sc","ip":"::1","success":true,"error":null}
{"timestamp":"2025-06-29T13:45:48.520Z","action":"SAVE","filename":"water","ip":"::1","success":true,"error":null}
{"timestamp":"2025-06-29T13:45:49.955Z","action":"READ","filename":"wsc","ip":"::1","success":true,"error":null}
{"timestamp":"2025-06-29T13:45:49.965Z","action":"SAVE","filename":"sc","ip":"::1","success":true,"error":null}
{"timestamp":"2025-06-29T13:45:50.532Z","action":"READ","filename":"sc","ip":"::1","success":true,"error":null}
{"timestamp":"2025-06-29T13:45:50.543Z","action":"SAVE","filename":"wsc","ip":"::1","success":true,"error":null}
{"timestamp":"2025-06-29T13:45:50.899Z","action":"READ","filename":"wsc","ip":"::1","success":true,"error":null}
{"timestamp":"2025-06-29T13:45:50.901Z","action":"SAVE","filename":"sc","ip":"::1","success":true,"error":null}
{"timestamp":"2025-06-29T13:45:51.931Z","action":"READ","filename":"sc","ip":"::1","success":true,"error":null}
{"timestamp":"2025-06-29T13:45:51.941Z","action":"SAVE","filename":"wsc","ip":"::1","success":true,"error":null}
{"timestamp":"2025-06-29T13:46:12.823Z","action":"READ","filename":"wsc","ip":"::1","success":true,"error":null}
{"timestamp":"2025-06-29T13:46:12.832Z","action":"SAVE","filename":"sc","ip":"::1","success":true,"error":null}
{"timestamp":"2025-06-29T13:46:13.333Z","action":"READ","filename":"sc","ip":"::1","success":true,"error":null}
{"timestamp":"2025-06-29T13:46:13.382Z","action":"SAVE","filename":"wsc","ip":"::1","success":true,"error":null}
{"timestamp":"2025-06-29T13:46:21.348Z","action":"SAVE","filename":"sc2","ip":"::1","success":true,"error":null}
{"timestamp":"2025-06-29T13:46:21.369Z","action":"SAVE","filename":"sc","ip":"::1","success":true,"error":null}
{"timestamp":"2025-06-29T13:46:32.639Z","action":"READ","filename":"water","ip":"::1","success":true,"error":null}
{"timestamp":"2025-06-29T13:47:05.364Z","action":"READ","filename":"sc","ip":"::1","success":true,"error":null}
{"timestamp":"2025-06-29T13:47:05.379Z","action":"SAVE","filename":"water","ip":"::1","success":true,"error":null}
{"timestamp":"2025-06-29T13:47:05.410Z","action":"SAVE","filename":"sc2","ip":"::1","success":true,"error":null}
{"timestamp":"2025-06-29T13:47:06.588Z","action":"READ","filename":"sczaizhi","ip":"::1","success":true,"error":null}
{"timestamp":"2025-06-29T13:47:06.603Z","action":"SAVE","filename":"sc","ip":"::1","success":true,"error":null}
{"timestamp":"2025-06-29T13:47:07.197Z","action":"READ","filename":"sc","ip":"::1","success":true,"error":null}
{"timestamp":"2025-06-29T13:47:07.228Z","action":"SAVE","filename":"sczaizhi","ip":"::1","success":true,"error":null}
{"timestamp":"2025-06-29T13:47:07.250Z","action":"SAVE","filename":"sc2","ip":"::1","success":true,"error":null}
{"timestamp":"2025-06-29T13:53:29.701Z","action":"READ","filename":"water","ip":"::1","success":true,"error":null}
{"timestamp":"2025-06-29T13:53:31.216Z","action":"READ","filename":"ruku","ip":"::1","success":true,"error":null}
{"timestamp":"2025-06-29T13:53:31.684Z","action":"READ","filename":"shicaichuku","ip":"::1","success":true,"error":null}
{"timestamp":"2025-06-29T13:53:31.689Z","action":"SAVE","filename":"ruku","ip":"::1","success":true,"error":null}
{"timestamp":"2025-06-29T13:53:32.088Z","action":"READ","filename":"water","ip":"::1","success":true,"error":null}
{"timestamp":"2025-06-29T13:53:32.100Z","action":"SAVE","filename":"shicaichuku","ip":"::1","success":true,"error":null}
{"timestamp":"2025-06-29T13:53:50.626Z","action":"READ","filename":"water","ip":"::1","success":true,"error":null}
{"timestamp":"2025-06-29T13:54:13.874Z","action":"READ","filename":"gongshui","ip":"::1","success":true,"error":null}
{"timestamp":"2025-06-29T13:54:14.504Z","action":"READ","filename":"water","ip":"::1","success":true,"error":null}
{"timestamp":"2025-06-29T13:54:14.509Z","action":"SAVE","filename":"gongshui","ip":"::1","success":true,"error":null}
{"timestamp":"2025-06-29T13:54:16.362Z","action":"READ","filename":"gongshui","ip":"::1","success":true,"error":null}
{"timestamp":"2025-06-29T13:54:48.574Z","action":"SAVE","filename":"gongshui","ip":"::1","success":true,"error":null}
{"timestamp":"2025-06-29T13:54:48.574Z","action":"READ","filename":"water","ip":"::1","success":true,"error":null}
{"timestamp":"2025-06-29T13:54:57.650Z","action":"READ","filename":"gongshui","ip":"::1","success":true,"error":null}
{"timestamp":"2025-06-29T13:54:57.933Z","action":"READ","filename":"water","ip":"::1","success":true,"error":null}
{"timestamp":"2025-06-29T13:54:57.939Z","action":"SAVE","filename":"gongshui","ip":"::1","success":true,"error":null}
{"timestamp":"2025-06-29T13:55:21.814Z","action":"READ","filename":"gongshui","ip":"::1","success":true,"error":null}
{"timestamp":"2025-06-29T13:55:22.788Z","action":"READ","filename":"water","ip":"::1","success":true,"error":null}
{"timestamp":"2025-06-29T13:55:22.790Z","action":"SAVE","filename":"gongshui","ip":"::1","success":true,"error":null}
{"timestamp":"2025-06-29T13:55:34.426Z","action":"READ","filename":"gongshui","ip":"::1","success":true,"error":null}
{"timestamp":"2025-06-29T13:55:36.558Z","action":"SAVE","filename":"gongshui","ip":"::1","success":true,"error":null}
{"timestamp":"2025-06-29T13:55:40.155Z","action":"SAVE","filename":"gongshui","ip":"::1","success":true,"error":null}
{"timestamp":"2025-06-29T13:55:40.158Z","action":"READ","filename":"water","ip":"::1","success":true,"error":null}
{"timestamp":"2025-06-29T13:55:41.599Z","action":"READ","filename":"ruku","ip":"::1","success":true,"error":null}
{"timestamp":"2025-06-29T13:55:42.864Z","action":"READ","filename":"water","ip":"::1","success":true,"error":null}
{"timestamp":"2025-06-29T13:55:42.878Z","action":"SAVE","filename":"ruku","ip":"::1","success":true,"error":null}
{"timestamp":"2025-06-29T13:55:43.646Z","action":"READ","filename":"ruku","ip":"::1","success":true,"error":null}
{"timestamp":"2025-06-29T13:55:44.317Z","action":"READ","filename":"water","ip":"::1","success":true,"error":null}
{"timestamp":"2025-06-29T13:55:44.326Z","action":"SAVE","filename":"ruku","ip":"::1","success":true,"error":null}
{"timestamp":"2025-06-29T13:56:24.312Z","action":"READ","filename":"water","ip":"::1","success":true,"error":null}
{"timestamp":"2025-06-29T14:25:03.815Z","action":"READ","filename":"ruku","ip":"::1","success":true,"error":null}
{"timestamp":"2025-06-29T14:25:09.364Z","action":"SAVE","filename":"ruku","ip":"::1","success":true,"error":null}
{"timestamp":"2025-06-29T14:25:10.128Z","action":"READ","filename":"ruku","ip":"::1","success":true,"error":null}
{"timestamp":"2025-06-29T14:25:10.565Z","action":"SAVE","filename":"ruku","ip":"::1","success":true,"error":null}
{"timestamp":"2025-06-29T14:25:14.618Z","action":"READ","filename":"ruku","ip":"::1","success":true,"error":null}
{"timestamp":"2025-06-29T14:25:15.151Z","action":"READ","filename":"shicaichuku","ip":"::1","success":true,"error":null}
{"timestamp":"2025-06-29T14:25:15.157Z","action":"SAVE","filename":"ruku","ip":"::1","success":true,"error":null}
{"timestamp":"2025-06-29T14:25:15.587Z","action":"READ","filename":"pac","ip":"::1","success":true,"error":null}
{"timestamp":"2025-06-29T14:25:15.593Z","action":"SAVE","filename":"shicaichuku","ip":"::1","success":true,"error":null}
{"timestamp":"2025-06-29T14:25:21.781Z","action":"READ","filename":"ruku","ip":"::1","success":true,"error":null}
{"timestamp":"2025-06-29T14:25:21.876Z","action":"SAVE","filename":"pac","ip":"::1","success":true,"error":null}
{"timestamp":"2025-06-29T14:28:25.799Z","action":"READ","filename":"shicaichuku","ip":"::1","success":true,"error":null}
{"timestamp":"2025-06-29T14:28:26.541Z","action":"READ","filename":"shicairuku","ip":"::1","success":true,"error":null}
{"timestamp":"2025-06-29T14:28:26.545Z","action":"SAVE","filename":"shicaichuku","ip":"::1","success":true,"error":null}
{"timestamp":"2025-06-29T14:28:27.181Z","action":"READ","filename":"pac","ip":"::1","success":true,"error":null}
{"timestamp":"2025-06-29T14:28:27.184Z","action":"SAVE","filename":"shicairuku","ip":"::1","success":true,"error":null}
{"timestamp":"2025-06-29T14:28:27.537Z","action":"READ","filename":"chuku2","ip":"::1","success":true,"error":null}
{"timestamp":"2025-06-29T14:28:27.546Z","action":"SAVE","filename":"pac","ip":"::1","success":true,"error":null}
{"timestamp":"2025-06-29T14:28:27.931Z","action":"READ","filename":"ruku2","ip":"::1","success":true,"error":null}
{"timestamp":"2025-06-29T14:28:27.937Z","action":"SAVE","filename":"chuku2","ip":"::1","success":true,"error":null}
{"timestamp":"2025-06-29T14:28:29.982Z","action":"READ","filename":"shicaichuku","ip":"::1","success":true,"error":null}
{"timestamp":"2025-06-29T14:28:29.999Z","action":"SAVE","filename":"ruku2","ip":"::1","success":true,"error":null}
{"timestamp":"2025-06-29T14:28:30.545Z","action":"SAVE","filename":"shicaichuku","ip":"::1","success":true,"error":null}
{"timestamp":"2025-06-29T14:28:31.316Z","action":"READ","filename":"shicaichuku","ip":"::1","success":true,"error":null}
{"timestamp":"2025-06-29T14:29:24.511Z","action":"SAVE","filename":"shicaichuku","ip":"::1","success":true,"error":null}
{"timestamp":"2025-06-29T14:29:25.655Z","action":"READ","filename":"shicaichuku","ip":"::1","success":true,"error":null}
{"timestamp":"2025-06-29T14:29:26.179Z","action":"READ","filename":"shicairuku","ip":"::1","success":true,"error":null}
{"timestamp":"2025-06-29T14:29:26.185Z","action":"SAVE","filename":"shicaichuku","ip":"::1","success":true,"error":null}
{"timestamp":"2025-06-29T14:29:26.968Z","action":"SAVE","filename":"shicairuku","ip":"::1","success":true,"error":null}
{"timestamp":"2025-06-29T14:31:30.800Z","action":"READ","filename":"shicairuku","ip":"::1","success":true,"error":null}
{"timestamp":"2025-06-29T14:31:31.330Z","action":"SAVE","filename":"shicairuku","ip":"::1","success":true,"error":null}
{"timestamp":"2025-06-29T14:31:31.658Z","action":"READ","filename":"shicairuku","ip":"::1","success":true,"error":null}
{"timestamp":"2025-06-29T14:31:32.757Z","action":"READ","filename":"pac","ip":"::1","success":true,"error":null}
{"timestamp":"2025-06-29T14:31:32.762Z","action":"SAVE","filename":"shicairuku","ip":"::1","success":true,"error":null}
{"timestamp":"2025-06-29T14:31:33.869Z","action":"READ","filename":"shicairuku","ip":"::1","success":true,"error":null}
{"timestamp":"2025-06-29T14:31:33.888Z","action":"SAVE","filename":"pac","ip":"::1","success":true,"error":null}
{"timestamp":"2025-06-29T14:31:37.050Z","action":"SAVE","filename":"shicairuku","ip":"::1","success":true,"error":null}
{"timestamp":"2025-06-29T14:31:41.109Z","action":"READ","filename":"shicairuku","ip":"::1","success":true,"error":null}
{"timestamp":"2025-06-29T14:31:41.787Z","action":"SAVE","filename":"shicairuku","ip":"::1","success":true,"error":null}
{"timestamp":"2025-06-29T14:31:42.386Z","action":"READ","filename":"shicairuku","ip":"::1","success":true,"error":null}
{"timestamp":"2025-06-29T14:32:53.202Z","action":"SAVE","filename":"shicairuku","ip":"::1","success":true,"error":null}
{"timestamp":"2025-06-29T14:32:54.604Z","action":"READ","filename":"shicairuku","ip":"::1","success":true,"error":null}
{"timestamp":"2025-06-29T14:32:55.658Z","action":"READ","filename":"pac","ip":"::1","success":true,"error":null}
{"timestamp":"2025-06-29T14:32:55.662Z","action":"SAVE","filename":"shicairuku","ip":"::1","success":true,"error":null}
{"timestamp":"2025-06-29T14:32:56.129Z","action":"READ","filename":"shicairuku","ip":"::1","success":true,"error":null}
{"timestamp":"2025-06-29T14:32:56.144Z","action":"SAVE","filename":"pac","ip":"::1","success":true,"error":null}
{"timestamp":"2025-06-29T14:33:23.627Z","action":"READ","filename":"gongshui","ip":"::1","success":true,"error":null}
{"timestamp":"2025-06-29T14:33:23.636Z","action":"SAVE","filename":"shicairuku","ip":"::1","success":true,"error":null}
{"timestamp":"2025-06-29T14:33:25.201Z","action":"SAVE","filename":"gongshui","ip":"::1","success":true,"error":null}
{"timestamp":"2025-06-29T14:35:39.740Z","action":"READ","filename":"zlda","ip":"::1","success":true,"error":null}
{"timestamp":"2025-06-29T14:35:43.750Z","action":"SAVE","filename":"zlda","ip":"::1","success":true,"error":null}
{"timestamp":"2025-06-29T14:35:51.193Z","action":"READ","filename":"test8","ip":"::1","success":true,"error":null}
{"timestamp":"2025-06-29T14:35:52.455Z","action":"READ","filename":"p1","ip":"::1","success":true,"error":null}
{"timestamp":"2025-06-29T14:35:54.258Z","action":"SAVE","filename":"p1","ip":"::1","success":true,"error":null}
{"timestamp":"2025-06-29T14:35:55.010Z","action":"READ","filename":"p1","ip":"::1","success":true,"error":null}
{"timestamp":"2025-06-29T14:35:58.804Z","action":"SAVE","filename":"p1","ip":"::1","success":true,"error":null}
{"timestamp":"2025-06-29T14:35:59.355Z","action":"READ","filename":"p1","ip":"::1","success":true,"error":null}
{"timestamp":"2025-06-29T14:36:02.584Z","action":"SAVE","filename":"p1","ip":"::1","success":true,"error":null}
{"timestamp":"2025-06-29T14:36:03.020Z","action":"READ","filename":"p1","ip":"::1","success":true,"error":null}
{"timestamp":"2025-06-29T14:36:06.506Z","action":"SAVE","filename":"p1","ip":"::1","success":true,"error":null}
{"timestamp":"2025-06-29T14:36:08.309Z","action":"READ","filename":"pac","ip":"::1","success":true,"error":null}
{"timestamp":"2025-06-29T14:36:09.337Z","action":"READ","filename":"chuku2","ip":"::1","success":true,"error":null}
{"timestamp":"2025-06-29T14:36:09.348Z","action":"SAVE","filename":"pac","ip":"::1","success":true,"error":null}
{"timestamp":"2025-06-29T14:36:09.690Z","action":"READ","filename":"ruku2","ip":"::1","success":true,"error":null}
{"timestamp":"2025-06-29T14:36:09.700Z","action":"SAVE","filename":"chuku2","ip":"::1","success":true,"error":null}
{"timestamp":"2025-06-29T14:36:10.013Z","action":"READ","filename":"pac","ip":"::1","success":true,"error":null}
{"timestamp":"2025-06-29T14:36:10.031Z","action":"SAVE","filename":"ruku2","ip":"::1","success":true,"error":null}
{"timestamp":"2025-06-29T14:38:06.109Z","action":"READ","filename":"gongshui","ip":"::1","success":true,"error":null}
{"timestamp":"2025-06-29T14:38:06.702Z","action":"SAVE","filename":"gongshui","ip":"::1","success":true,"error":null}
{"timestamp":"2025-06-29T14:38:22.086Z","action":"READ","filename":"gongshui","ip":"::1","success":true,"error":null}
{"timestamp":"2025-06-29T14:38:23.695Z","action":"SAVE","filename":"gongshui","ip":"::1","success":true,"error":null}
{"timestamp":"2025-06-29T14:39:52.118Z","action":"READ","filename":"p1","ip":"::1","success":true,"error":null}
{"timestamp":"2025-06-29T14:39:53.710Z","action":"SAVE","filename":"p1","ip":"::1","success":true,"error":null}
{"timestamp":"2025-06-29T14:42:45.676Z","action":"READ","filename":"gongshui","ip":"::1","success":true,"error":null}
{"timestamp":"2025-06-29T14:42:46.269Z","action":"SAVE","filename":"gongshui","ip":"::1","success":true,"error":null}
{"timestamp":"2025-06-29T14:43:13.226Z","action":"READ","filename":"gongshui","ip":"::1","success":true,"error":null}
{"timestamp":"2025-06-29T14:43:14.078Z","action":"SAVE","filename":"gongshui","ip":"::1","success":true,"error":null}
{"timestamp":"2025-06-29T14:45:10.437Z","action":"READ","filename":"gongshui","ip":"::1","success":true,"error":null}
{"timestamp":"2025-06-29T14:45:10.849Z","action":"SAVE","filename":"gongshui","ip":"::1","success":true,"error":null}
{"timestamp":"2025-06-29T14:45:13.207Z","action":"READ","filename":"p1","ip":"::1","success":true,"error":null}
{"timestamp":"2025-06-29T14:45:15.031Z","action":"SAVE","filename":"p1","ip":"::1","success":true,"error":null}
{"timestamp":"2025-06-29T14:45:55.567Z","action":"READ","filename":"pac","ip":"::1","success":true,"error":null}
{"timestamp":"2025-06-29T14:45:56.741Z","action":"SAVE","filename":"pac","ip":"::1","success":true,"error":null}
{"timestamp":"2025-06-29T14:45:57.658Z","action":"READ","filename":"pac","ip":"::1","success":true,"error":null}
{"timestamp":"2025-06-29T14:48:51.174Z","action":"READ","filename":"chuku2","ip":"::1","success":true,"error":null}
{"timestamp":"2025-06-29T14:50:31.406Z","action":"READ","filename":"gongshui","ip":"::1","success":true,"error":null}
{"timestamp":"2025-06-29T14:50:31.942Z","action":"SAVE","filename":"gongshui","ip":"::1","success":true,"error":null}
{"timestamp":"2025-06-29T15:02:54.786Z","action":"READ","filename":"gongshui","ip":"::1","success":true,"error":null}
{"timestamp":"2025-06-29T15:02:55.403Z","action":"SAVE","filename":"gongshui","ip":"::1","success":true,"error":null}
{"timestamp":"2025-06-29T15:16:25.212Z","action":"READ","filename":"chuku2","ip":"::1","success":true,"error":null}
{"timestamp":"2025-06-29T15:16:27.845Z","action":"SAVE","filename":"chuku2","ip":"::1","success":true,"error":null}
{"timestamp":"2025-06-29T15:16:28.673Z","action":"READ","filename":"chuku2","ip":"::1","success":true,"error":null}
{"timestamp":"2025-06-29T15:21:09.777Z","action":"READ","filename":"chuku2","ip":"::1","success":true,"error":null}
{"timestamp":"2025-06-29T15:21:10.928Z","action":"SAVE","filename":"chuku2","ip":"::1","success":true,"error":null}
{"timestamp":"2025-06-29T15:21:11.345Z","action":"READ","filename":"chuku2","ip":"::1","success":true,"error":null}
{"timestamp":"2025-06-29T15:21:12.629Z","action":"SAVE","filename":"chuku2","ip":"::1","success":true,"error":null}
{"timestamp":"2025-06-29T15:22:00.241Z","action":"READ","filename":"chuku2","ip":"::1","success":true,"error":null}
{"timestamp":"2025-06-29T15:23:06.996Z","action":"READ","filename":"gongshui","ip":"::1","success":true,"error":null}
{"timestamp":"2025-06-29T15:23:07.005Z","action":"SAVE","filename":"chuku2","ip":"::1","success":true,"error":null}
{"timestamp":"2025-06-29T15:23:08.718Z","action":"READ","filename":"sc","ip":"::1","success":true,"error":null}
{"timestamp":"2025-06-29T15:23:08.736Z","action":"SAVE","filename":"gongshui","ip":"::1","success":true,"error":null}
{"timestamp":"2025-06-29T15:23:08.765Z","action":"SAVE","filename":"sc2","ip":"::1","success":true,"error":null}
{"timestamp":"2025-06-29T15:23:10.616Z","action":"READ","filename":"sczaizhi","ip":"::1","success":true,"error":null}
{"timestamp":"2025-06-29T15:23:10.637Z","action":"SAVE","filename":"sc","ip":"::1","success":true,"error":null}
{"timestamp":"2025-06-29T15:23:14.233Z","action":"READ","filename":"sclizhi","ip":"::1","success":true,"error":null}
{"timestamp":"2025-06-29T15:23:14.244Z","action":"SAVE","filename":"sczaizhi","ip":"::1","success":true,"error":null}
{"timestamp":"2025-06-29T15:23:14.519Z","action":"READ","filename":"wsczaizhi","ip":"::1","success":true,"error":null}
{"timestamp":"2025-06-29T15:23:14.531Z","action":"SAVE","filename":"sclizhi","ip":"::1","success":true,"error":null}
{"timestamp":"2025-06-29T15:23:15.476Z","action":"READ","filename":"gongshui","ip":"::1","success":true,"error":null}
{"timestamp":"2025-06-29T15:23:15.484Z","action":"SAVE","filename":"wsczaizhi","ip":"::1","success":true,"error":null}
{"timestamp":"2025-06-29T15:23:15.895Z","action":"READ","filename":"sc","ip":"::1","success":true,"error":null}
{"timestamp":"2025-06-29T15:23:15.908Z","action":"SAVE","filename":"gongshui","ip":"::1","success":true,"error":null}
{"timestamp":"2025-06-29T15:23:15.945Z","action":"SAVE","filename":"sc2","ip":"::1","success":true,"error":null}
{"timestamp":"2025-06-29T15:23:16.402Z","action":"SAVE","filename":"sc","ip":"::1","success":true,"error":null}
{"timestamp":"2025-06-29T15:23:31.249Z","action":"SAVE","filename":"mlss","ip":"::1","success":true,"error":null}
{"timestamp":"2025-06-29T15:24:51.118Z","action":"READ","filename":"gongshui","ip":"::1","success":true,"error":null}
{"timestamp":"2025-06-29T15:24:56.505Z","action":"SAVE","filename":"gongshui","ip":"::1","success":true,"error":null}
{"timestamp":"2025-06-29T15:24:56.527Z","action":"READ","filename":"completionStatus","ip":"::1","success":true,"error":null}
{"timestamp":"2025-06-29T15:24:57.194Z","action":"READ","filename":"gongshui","ip":"::1","success":true,"error":null}
{"timestamp":"2025-06-29T15:24:57.210Z","action":"SAVE","filename":"completionStatus","ip":"::1","success":true,"error":null}
{"timestamp":"2025-06-29T15:24:57.612Z","action":"SAVE","filename":"gongshui","ip":"::1","success":true,"error":null}
{"timestamp":"2025-06-29T15:24:57.627Z","action":"READ","filename":"completionStatus","ip":"::1","success":true,"error":null}
{"timestamp":"2025-06-29T15:24:58.173Z","action":"READ","filename":"gongshui","ip":"::1","success":true,"error":null}
{"timestamp":"2025-06-29T15:24:58.182Z","action":"SAVE","filename":"completionStatus","ip":"::1","success":true,"error":null}
{"timestamp":"2025-06-29T15:24:58.959Z","action":"SAVE","filename":"gongshui","ip":"::1","success":true,"error":null}
{"timestamp":"2025-06-29T15:24:58.972Z","action":"READ","filename":"completionStatus","ip":"::1","success":true,"error":null}
{"timestamp":"2025-06-29T15:25:03.840Z","action":"READ","filename":"gongshui","ip":"::1","success":true,"error":null}
{"timestamp":"2025-06-29T15:25:03.856Z","action":"SAVE","filename":"completionStatus","ip":"::1","success":true,"error":null}
{"timestamp":"2025-06-29T15:26:42.012Z","action":"READ","filename":"sc","ip":"::1","success":true,"error":null}
{"timestamp":"2025-06-29T15:26:42.026Z","action":"SAVE","filename":"gongshui","ip":"::1","success":true,"error":null}
{"timestamp":"2025-06-29T15:26:42.080Z","action":"SAVE","filename":"sc2","ip":"::1","success":true,"error":null}
{"timestamp":"2025-06-29T15:26:45.565Z","action":"READ","filename":"gongshui","ip":"::1","success":true,"error":null}
{"timestamp":"2025-06-29T15:26:45.574Z","action":"SAVE","filename":"sc","ip":"::1","success":true,"error":null}
{"timestamp":"2025-06-29T15:26:51.973Z","action":"READ","filename":"sc","ip":"::1","success":true,"error":null}
{"timestamp":"2025-06-29T15:26:51.984Z","action":"SAVE","filename":"gongshui","ip":"::1","success":true,"error":null}
{"timestamp":"2025-06-29T15:26:52.028Z","action":"SAVE","filename":"sc2","ip":"::1","success":true,"error":null}
{"timestamp":"2025-06-29T15:26:52.382Z","action":"READ","filename":"gongshui","ip":"::1","success":true,"error":null}
{"timestamp":"2025-06-29T15:26:52.391Z","action":"SAVE","filename":"sc","ip":"::1","success":true,"error":null}
{"timestamp":"2025-06-29T15:26:53.695Z","action":"SAVE","filename":"gongshui","ip":"::1","success":true,"error":null}
{"timestamp":"2025-06-29T15:26:55.195Z","action":"READ","filename":"gongshui","ip":"::1","success":true,"error":null}
{"timestamp":"2025-06-29T15:26:55.897Z","action":"SAVE","filename":"gongshui","ip":"::1","success":true,"error":null}
{"timestamp":"2025-06-29T15:26:58.872Z","action":"READ","filename":"gongshui","ip":"::1","success":true,"error":null}
{"timestamp":"2025-06-29T15:27:00.991Z","action":"READ","filename":"sc","ip":"::1","success":true,"error":null}
{"timestamp":"2025-06-29T15:27:01.010Z","action":"SAVE","filename":"gongshui","ip":"::1","success":true,"error":null}
{"timestamp":"2025-06-29T15:27:01.037Z","action":"SAVE","filename":"sc2","ip":"::1","success":true,"error":null}
{"timestamp":"2025-06-29T15:27:02.313Z","action":"READ","filename":"sczaizhi","ip":"::1","success":true,"error":null}
{"timestamp":"2025-06-29T15:27:02.329Z","action":"SAVE","filename":"sc","ip":"::1","success":true,"error":null}
{"timestamp":"2025-06-29T15:27:03.274Z","action":"READ","filename":"sc","ip":"::1","success":true,"error":null}
{"timestamp":"2025-06-29T15:27:03.290Z","action":"SAVE","filename":"sczaizhi","ip":"::1","success":true,"error":null}
{"timestamp":"2025-06-29T15:27:03.310Z","action":"SAVE","filename":"sc2","ip":"::1","success":true,"error":null}
{"timestamp":"2025-06-29T15:27:04.586Z","action":"SAVE","filename":"sc","ip":"::1","success":true,"error":null}
{"timestamp":"2025-06-29T15:27:05.094Z","action":"READ","filename":"sczaizhi","ip":"::1","success":true,"error":null}
{"timestamp":"2025-06-29T15:27:06.868Z","action":"READ","filename":"wsczaizhi","ip":"::1","success":true,"error":null}
{"timestamp":"2025-06-29T15:27:06.873Z","action":"SAVE","filename":"sczaizhi","ip":"::1","success":true,"error":null}
{"timestamp":"2025-06-29T15:27:07.339Z","action":"READ","filename":"sclizhi","ip":"::1","success":true,"error":null}
{"timestamp":"2025-06-29T15:27:07.371Z","action":"SAVE","filename":"wsczaizhi","ip":"::1","success":true,"error":null}
{"timestamp":"2025-06-29T15:27:07.938Z","action":"READ","filename":"wsclizhi","ip":"::1","success":true,"error":null}
{"timestamp":"2025-06-29T15:27:07.951Z","action":"SAVE","filename":"sclizhi","ip":"::1","success":true,"error":null}
{"timestamp":"2025-06-29T15:27:09.587Z","action":"SAVE","filename":"wsclizhi","ip":"::1","success":true,"error":null}
{"timestamp":"2025-06-29T15:27:16.152Z","action":"SAVE","filename":"yuanshui","ip":"::1","success":true,"error":null}
{"timestamp":"2025-06-29T15:27:17.026Z","action":"SAVE","filename":"yuanshui","ip":"::1","success":true,"error":null}
{"timestamp":"2025-06-29T15:27:18.143Z","action":"READ","filename":"sc","ip":"::1","success":true,"error":null}
{"timestamp":"2025-06-29T15:27:18.193Z","action":"SAVE","filename":"sc2","ip":"::1","success":true,"error":null}
{"timestamp":"2025-06-29T15:27:18.781Z","action":"SAVE","filename":"sc","ip":"::1","success":true,"error":null}
{"timestamp":"2025-06-29T15:27:25.873Z","action":"READ","filename":"sczaizhi","ip":"::1","success":true,"error":null}
{"timestamp":"2025-06-29T15:27:26.225Z","action":"SAVE","filename":"sczaizhi","ip":"::1","success":true,"error":null}
{"timestamp":"2025-06-29T15:31:05.207Z","action":"READ","filename":"sczaizhi","ip":"::1","success":true,"error":null}
{"timestamp":"2025-06-29T15:31:06.198Z","action":"READ","filename":"sc","ip":"::1","success":true,"error":null}
{"timestamp":"2025-06-29T15:31:06.237Z","action":"SAVE","filename":"sczaizhi","ip":"::1","success":true,"error":null}
{"timestamp":"2025-06-29T15:31:06.265Z","action":"SAVE","filename":"sc2","ip":"::1","success":true,"error":null}
{"timestamp":"2025-06-29T15:31:06.873Z","action":"READ","filename":"sczaizhi","ip":"::1","success":true,"error":null}
{"timestamp":"2025-06-29T15:31:06.967Z","action":"SAVE","filename":"sc","ip":"::1","success":true,"error":null}
{"timestamp":"2025-06-29T15:32:35.284Z","action":"SAVE","filename":"sczaizhi","ip":"::1","success":true,"error":null}
{"timestamp":"2025-06-29T15:32:38.705Z","action":"READ","filename":"sczaizhi","ip":"::1","success":true,"error":null}
{"timestamp":"2025-06-29T15:32:41.333Z","action":"READ","filename":"sc","ip":"::1","success":true,"error":null}
{"timestamp":"2025-06-29T15:32:41.345Z","action":"SAVE","filename":"sczaizhi","ip":"::1","success":true,"error":null}
{"timestamp":"2025-06-29T15:32:41.398Z","action":"SAVE","filename":"sc2","ip":"::1","success":true,"error":null}
{"timestamp":"2025-06-29T15:32:43.841Z","action":"SAVE","filename":"sc","ip":"::1","success":true,"error":null}
{"timestamp":"2025-06-29T15:33:00.223Z","action":"READ","filename":"sc","ip":"::1","success":true,"error":null}
{"timestamp":"2025-06-29T15:33:00.268Z","action":"SAVE","filename":"sc2","ip":"::1","success":true,"error":null}
{"timestamp":"2025-06-29T15:33:00.709Z","action":"READ","filename":"gongshui","ip":"::1","success":true,"error":null}
{"timestamp":"2025-06-29T15:33:00.713Z","action":"SAVE","filename":"sc","ip":"::1","success":true,"error":null}
{"timestamp":"2025-06-29T15:33:07.280Z","action":"SAVE","filename":"gongshui","ip":"::1","success":true,"error":null}
{"timestamp":"2025-06-29T15:34:20.929Z","action":"SAVE","filename":"yuanshui","ip":"::1","success":true,"error":null}
{"timestamp":"2025-06-29T15:37:35.626Z","action":"READ","filename":"sczaizhi","ip":"::1","success":true,"error":null}
{"timestamp":"2025-06-29T15:37:39.732Z","action":"READ","filename":"wsczaizhi","ip":"::1","success":true,"error":null}
{"timestamp":"2025-06-29T15:37:39.743Z","action":"SAVE","filename":"sczaizhi","ip":"::1","success":true,"error":null}
{"timestamp":"2025-06-29T15:40:57.686Z","action":"READ","filename":"sczaizhi","ip":"::1","success":true,"error":null}
{"timestamp":"2025-06-29T15:40:58.108Z","action":"SAVE","filename":"sczaizhi","ip":"::1","success":true,"error":null}
{"timestamp":"2025-06-29T15:47:37.679Z","action":"READ","filename":"sczaizhi","ip":"::1","success":true,"error":null}
{"timestamp":"2025-06-29T15:47:37.880Z","action":"SAVE","filename":"sczaizhi","ip":"::1","success":true,"error":null}
{"timestamp":"2025-06-29T15:56:47.215Z","action":"SAVE","filename":"qiyu","ip":"::1","success":true,"error":null}
{"timestamp":"2025-06-29T15:56:48.382Z","action":"SAVE","filename":"qiyu","ip":"::1","success":true,"error":null}
{"timestamp":"2025-06-29T15:56:50.326Z","action":"SAVE","filename":"qiyu","ip":"::1","success":true,"error":null}
{"timestamp":"2025-06-29T15:57:03.917Z","action":"SAVE","filename":"ph","ip":"::1","success":true,"error":null}
{"timestamp":"2025-06-29T15:57:04.359Z","action":"SAVE","filename":"ph","ip":"::1","success":true,"error":null}
{"timestamp":"2025-06-29T15:57:04.535Z","action":"SAVE","filename":"ph","ip":"::1","success":true,"error":null}
{"timestamp":"2025-06-29T15:57:07.057Z","action":"SAVE","filename":"ph","ip":"::1","success":true,"error":null}
{"timestamp":"2025-06-29T15:57:07.099Z","action":"SAVE","filename":"ph","ip":"::1","success":true,"error":null}
{"timestamp":"2025-06-29T15:57:07.285Z","action":"SAVE","filename":"ph","ip":"::1","success":true,"error":null}
{"timestamp":"2025-06-29T15:57:20.516Z","action":"SAVE","filename":"mlss","ip":"::1","success":true,"error":null}
{"timestamp":"2025-06-29T15:57:20.891Z","action":"SAVE","filename":"mlss","ip":"::1","success":true,"error":null}
{"timestamp":"2025-06-29T15:57:21.029Z","action":"SAVE","filename":"mlss","ip":"::1","success":true,"error":null}
{"timestamp":"2025-06-29T15:57:54.398Z","action":"SAVE","filename":"mlss","ip":"::1","success":true,"error":null}
{"timestamp":"2025-06-29T15:57:54.750Z","action":"SAVE","filename":"mlss","ip":"::1","success":true,"error":null}
{"timestamp":"2025-06-29T15:57:54.874Z","action":"SAVE","filename":"mlss","ip":"::1","success":true,"error":null}
{"timestamp":"2025-06-29T15:58:11.211Z","action":"SAVE","filename":"mlss","ip":"::1","success":true,"error":null}
{"timestamp":"2025-06-29T15:58:11.354Z","action":"SAVE","filename":"mlss","ip":"::1","success":true,"error":null}
{"timestamp":"2025-06-29T15:58:15.426Z","action":"SAVE","filename":"mlss","ip":"::1","success":true,"error":null}
{"timestamp":"2025-06-29T15:58:15.577Z","action":"SAVE","filename":"mlss","ip":"::1","success":true,"error":null}
{"timestamp":"2025-06-29T15:58:15.702Z","action":"SAVE","filename":"mlss","ip":"::1","success":true,"error":null}
{"timestamp":"2025-06-29T16:10:15.457Z","action":"READ","filename":"sczaizhi","ip":"::1","success":true,"error":null}
{"timestamp":"2025-06-29T16:10:15.804Z","action":"SAVE","filename":"sczaizhi","ip":"::1","success":true,"error":null}
{"timestamp":"2025-06-29T16:32:23.998Z","action":"READ","filename":"d1","ip":"::1","success":true,"error":null}
{"timestamp":"2025-06-29T16:32:29.393Z","action":"READ","filename":"cq1","ip":"::1","success":true,"error":null}
{"timestamp":"2025-06-29T16:32:29.403Z","action":"SAVE","filename":"d1","ip":"::1","success":true,"error":null}
{"timestamp":"2025-06-29T16:32:33.399Z","action":"SAVE","filename":"cq1","ip":"::1","success":true,"error":null}
{"timestamp":"2025-06-29T16:32:33.425Z","action":"READ","filename":"cq2","ip":"::1","success":true,"error":null}
{"timestamp":"2025-06-29T16:32:36.257Z","action":"SAVE","filename":"cq2","ip":"::1","success":true,"error":null}
{"timestamp":"2025-06-29T16:32:36.262Z","action":"READ","filename":"d8","ip":"::1","success":true,"error":null}
{"timestamp":"2025-06-29T16:32:47.605Z","action":"SAVE","filename":"d8","ip":"::1","success":true,"error":null}
{"timestamp":"2025-06-29T17:03:47.969Z","action":"READ","filename":"sczaizhi","ip":"::1","success":true,"error":null}
{"timestamp":"2025-06-29T17:03:48.469Z","action":"SAVE","filename":"sczaizhi","ip":"::1","success":true,"error":null}
{"timestamp":"2025-06-29T17:12:04.604Z","action":"READ","filename":"sczaizhi","ip":"::1","success":true,"error":null}
{"timestamp":"2025-06-29T17:12:05.210Z","action":"SAVE","filename":"sczaizhi","ip":"::1","success":true,"error":null}
{"timestamp":"2025-06-29T17:12:25.791Z","action":"READ","filename":"sczaizhi","ip":"::1","success":true,"error":null}
{"timestamp":"2025-06-29T17:12:26.305Z","action":"SAVE","filename":"sczaizhi","ip":"::1","success":true,"error":null}
{"timestamp":"2025-06-29T17:18:22.326Z","action":"READ","filename":"d1","ip":"::1","success":true,"error":null}
{"timestamp":"2025-06-29T17:18:37.529Z","action":"SAVE","filename":"d1","ip":"::1","success":true,"error":null}
{"timestamp":"2025-06-29T17:18:37.548Z","action":"READ","filename":"d2","ip":"::1","success":true,"error":null}
{"timestamp":"2025-06-29T17:18:37.945Z","action":"READ","filename":"d1","ip":"::1","success":true,"error":null}
{"timestamp":"2025-06-29T17:18:37.952Z","action":"SAVE","filename":"d2","ip":"::1","success":true,"error":null}
{"timestamp":"2025-06-29T17:19:23.574Z","action":"READ","filename":"cq1","ip":"::1","success":true,"error":null}
{"timestamp":"2025-06-29T17:19:23.582Z","action":"SAVE","filename":"d1","ip":"::1","success":true,"error":null}
{"timestamp":"2025-06-29T17:19:25.762Z","action":"READ","filename":"d1","ip":"::1","success":true,"error":null}
{"timestamp":"2025-06-29T17:19:25.769Z","action":"SAVE","filename":"cq1","ip":"::1","success":true,"error":null}
{"timestamp":"2025-06-29T17:21:56.777Z","action":"READ","filename":"tree","ip":"::1","success":true,"error":null}
{"timestamp":"2025-06-29T17:21:56.818Z","action":"SAVE","filename":"d1","ip":"::1","success":true,"error":null}
{"timestamp":"2025-06-29T17:21:57.456Z","action":"READ","filename":"zlda","ip":"::1","success":true,"error":null}
{"timestamp":"2025-06-29T17:21:57.468Z","action":"SAVE","filename":"tree","ip":"::1","success":true,"error":null}
{"timestamp":"2025-06-29T17:21:59.571Z","action":"SAVE","filename":"zlda","ip":"::1","success":true,"error":null}
{"timestamp":"2025-06-29T17:23:55.613Z","action":"READ","filename":"d1","ip":"::1","success":true,"error":null}
{"timestamp":"2025-06-29T17:24:55.799Z","action":"READ","filename":"d2","ip":"::1","success":true,"error":null}
{"timestamp":"2025-06-29T17:24:56.223Z","action":"SAVE","filename":"d2","ip":"::1","success":true,"error":null}
{"timestamp":"2025-06-29T17:25:15.378Z","action":"READ","filename":"cq1","ip":"::1","success":true,"error":null}
{"timestamp":"2025-06-29T17:25:15.829Z","action":"SAVE","filename":"cq1","ip":"::1","success":true,"error":null}
{"timestamp":"2025-06-29T17:25:17.950Z","action":"READ","filename":"d2","ip":"::1","success":true,"error":null}
{"timestamp":"2025-06-29T17:25:47.702Z","action":"SAVE","filename":"d2","ip":"::1","success":true,"error":null}
{"timestamp":"2025-06-29T17:25:48.052Z","action":"READ","filename":"d2","ip":"::1","success":true,"error":null}
{"timestamp":"2025-06-29T17:27:45.339Z","action":"SAVE","filename":"d2","ip":"::1","success":true,"error":null}
{"timestamp":"2025-06-29T17:28:08.622Z","action":"READ","filename":"gongshui","ip":"::1","success":true,"error":null}
{"timestamp":"2025-06-29T17:28:11.152Z","action":"SAVE","filename":"gongshui","ip":"::1","success":true,"error":null}
{"timestamp":"2025-06-29T17:33:03.204Z","action":"READ","filename":"d2","ip":"::1","success":true,"error":null}
{"timestamp":"2025-06-29T17:34:43.830Z","action":"SAVE","filename":"d2","ip":"::1","success":true,"error":null}
{"timestamp":"2025-06-29T17:34:44.142Z","action":"READ","filename":"d2","ip":"::1","success":true,"error":null}
{"timestamp":"2025-06-29T17:34:55.903Z","action":"READ","filename":"d3","ip":"::1","success":true,"error":null}
{"timestamp":"2025-06-29T17:34:56.607Z","action":"SAVE","filename":"d3","ip":"::1","success":true,"error":null}
{"timestamp":"2025-06-29T17:34:56.628Z","action":"READ","filename":"d4","ip":"::1","success":true,"error":null}
{"timestamp":"2025-06-29T17:34:56.933Z","action":"SAVE","filename":"d4","ip":"::1","success":true,"error":null}
{"timestamp":"2025-06-29T17:34:56.959Z","action":"READ","filename":"d5","ip":"::1","success":true,"error":null}
{"timestamp":"2025-06-29T17:34:57.210Z","action":"SAVE","filename":"d5","ip":"::1","success":true,"error":null}
{"timestamp":"2025-06-29T17:34:57.235Z","action":"READ","filename":"d6","ip":"::1","success":true,"error":null}
{"timestamp":"2025-06-29T17:34:57.467Z","action":"SAVE","filename":"d6","ip":"::1","success":true,"error":null}
{"timestamp":"2025-06-29T17:34:57.490Z","action":"READ","filename":"d7","ip":"::1","success":true,"error":null}
{"timestamp":"2025-06-29T17:34:57.790Z","action":"SAVE","filename":"d7","ip":"::1","success":true,"error":null}
{"timestamp":"2025-06-29T17:34:57.810Z","action":"READ","filename":"d9","ip":"::1","success":true,"error":null}
{"timestamp":"2025-06-29T17:34:58.092Z","action":"SAVE","filename":"d9","ip":"::1","success":true,"error":null}
{"timestamp":"2025-06-29T17:34:58.117Z","action":"READ","filename":"d10","ip":"::1","success":true,"error":null}
{"timestamp":"2025-06-29T17:34:58.876Z","action":"READ","filename":"d9","ip":"::1","success":true,"error":null}
{"timestamp":"2025-06-29T17:34:58.917Z","action":"SAVE","filename":"d10","ip":"::1","success":true,"error":null}
{"timestamp":"2025-06-29T17:35:01.021Z","action":"SAVE","filename":"d9","ip":"::1","success":true,"error":null}
{"timestamp":"2025-06-29T17:35:01.033Z","action":"READ","filename":"d10","ip":"::1","success":true,"error":null}
{"timestamp":"2025-06-29T17:35:01.313Z","action":"SAVE","filename":"d10","ip":"::1","success":true,"error":null}
{"timestamp":"2025-06-29T17:35:01.325Z","action":"READ","filename":"d11","ip":"::1","success":true,"error":null}
{"timestamp":"2025-06-29T17:35:02.355Z","action":"READ","filename":"d10","ip":"::1","success":true,"error":null}
{"timestamp":"2025-06-29T17:35:02.365Z","action":"SAVE","filename":"d11","ip":"::1","success":true,"error":null}
{"timestamp":"2025-06-29T17:35:02.714Z","action":"READ","filename":"d9","ip":"::1","success":true,"error":null}
{"timestamp":"2025-06-29T17:35:02.731Z","action":"SAVE","filename":"d10","ip":"::1","success":true,"error":null}
{"timestamp":"2025-06-29T17:36:31.091Z","action":"READ","filename":"d4","ip":"::1","success":true,"error":null}
{"timestamp":"2025-06-29T17:38:12.153Z","action":"READ","filename":"cq1","ip":"::1","success":true,"error":null}
{"timestamp":"2025-06-29T17:38:12.758Z","action":"SAVE","filename":"cq1","ip":"::1","success":true,"error":null}
{"timestamp":"2025-06-29T17:39:19.198Z","action":"READ","filename":"cq1","ip":"::1","success":true,"error":null}
{"timestamp":"2025-06-29T17:39:19.601Z","action":"SAVE","filename":"cq1","ip":"::1","success":true,"error":null}
{"timestamp":"2025-06-29T17:39:45.717Z","action":"READ","filename":"d4","ip":"::1","success":true,"error":null}
{"timestamp":"2025-06-29T17:39:46.425Z","action":"SAVE","filename":"d4","ip":"::1","success":true,"error":null}
{"timestamp":"2025-06-29T17:39:46.733Z","action":"READ","filename":"d4","ip":"::1","success":true,"error":null}
{"timestamp":"2025-06-29T17:41:01.890Z","action":"READ","filename":"d4","ip":"::1","success":true,"error":null}
{"timestamp":"2025-06-29T17:41:35.554Z","action":"READ","filename":"d5","ip":"::1","success":true,"error":null}
{"timestamp":"2025-06-29T17:41:36.133Z","action":"SAVE","filename":"d5","ip":"::1","success":true,"error":null}
{"timestamp":"2025-06-29T17:41:36.976Z","action":"READ","filename":"d5","ip":"::1","success":true,"error":null}
{"timestamp":"2025-06-29T17:45:05.001Z","action":"READ","filename":"jjzb","ip":"::1","success":true,"error":null}
{"timestamp":"2025-06-29T17:45:13.532Z","action":"READ","filename":"jjzb","ip":"::1","success":true,"error":null}
{"timestamp":"2025-06-29T17:45:27.184Z","action":"READ","filename":"jjzb","ip":"::1","success":true,"error":null}
{"timestamp":"2025-06-29T17:45:37.751Z","action":"READ","filename":"d4","ip":"::1","success":true,"error":null}
{"timestamp":"2025-06-29T17:45:38.167Z","action":"SAVE","filename":"d4","ip":"::1","success":true,"error":null}
{"timestamp":"2025-06-29T17:45:38.181Z","action":"READ","filename":"d5","ip":"::1","success":true,"error":null}
{"timestamp":"2025-06-29T17:46:41.546Z","action":"READ","filename":"d6","ip":"::1","success":true,"error":null}
{"timestamp":"2025-06-29T17:46:42.007Z","action":"SAVE","filename":"d6","ip":"::1","success":true,"error":null}
{"timestamp":"2025-06-29T17:46:47.059Z","action":"READ","filename":"d6","ip":"::1","success":true,"error":null}
{"timestamp":"2025-06-29T17:46:47.380Z","action":"SAVE","filename":"d6","ip":"::1","success":true,"error":null}
{"timestamp":"2025-06-29T17:48:02.444Z","action":"READ","filename":"d6","ip":"::1","success":true,"error":null}
{"timestamp":"2025-06-29T17:48:03.270Z","action":"SAVE","filename":"d6","ip":"::1","success":true,"error":null}
{"timestamp":"2025-06-29T17:49:19.538Z","action":"READ","filename":"d6","ip":"::1","success":true,"error":null}
{"timestamp":"2025-06-29T17:49:57.521Z","action":"READ","filename":"d6","ip":"::1","success":true,"error":null}
{"timestamp":"2025-06-29T17:49:58.211Z","action":"SAVE","filename":"d6","ip":"::1","success":true,"error":null}
{"timestamp":"2025-06-29T17:49:58.681Z","action":"READ","filename":"d6","ip":"::1","success":true,"error":null}
{"timestamp":"2025-06-29T17:50:02.922Z","action":"SAVE","filename":"d6","ip":"::1","success":true,"error":null}
{"timestamp":"2025-06-29T17:50:04.065Z","action":"READ","filename":"d6","ip":"::1","success":true,"error":null}
{"timestamp":"2025-06-29T17:50:04.620Z","action":"SAVE","filename":"d6","ip":"::1","success":true,"error":null}
{"timestamp":"2025-06-29T17:54:52.367Z","action":"READ","filename":"d7","ip":"::1","success":true,"error":null}
{"timestamp":"2025-06-29T17:54:53.233Z","action":"SAVE","filename":"d7","ip":"::1","success":true,"error":null}
{"timestamp":"2025-06-29T17:54:56.999Z","action":"READ","filename":"d7","ip":"::1","success":true,"error":null}
{"timestamp":"2025-06-29T17:54:57.399Z","action":"SAVE","filename":"d7","ip":"::1","success":true,"error":null}
{"timestamp":"2025-06-29T17:54:57.410Z","action":"READ","filename":"d9","ip":"::1","success":true,"error":null}
{"timestamp":"2025-06-29T17:54:57.773Z","action":"SAVE","filename":"d9","ip":"::1","success":true,"error":null}
{"timestamp":"2025-06-29T17:54:57.782Z","action":"READ","filename":"d10","ip":"::1","success":true,"error":null}
{"timestamp":"2025-06-29T17:54:58.271Z","action":"READ","filename":"d9","ip":"::1","success":true,"error":null}
{"timestamp":"2025-06-29T17:54:58.287Z","action":"SAVE","filename":"d10","ip":"::1","success":true,"error":null}
{"timestamp":"2025-06-29T17:54:58.959Z","action":"SAVE","filename":"d9","ip":"::1","success":true,"error":null}
{"timestamp":"2025-06-29T17:54:59.817Z","action":"READ","filename":"d7","ip":"::1","success":true,"error":null}
{"timestamp":"2025-06-29T17:55:27.752Z","action":"READ","filename":"d9","ip":"::1","success":true,"error":null}
{"timestamp":"2025-06-29T17:55:28.250Z","action":"SAVE","filename":"d9","ip":"::1","success":true,"error":null}
{"timestamp":"2025-06-29T18:09:16.521Z","action":"READ","filename":"d6","ip":"::1","success":true,"error":null}
{"timestamp":"2025-06-29T18:09:16.938Z","action":"SAVE","filename":"d6","ip":"::1","success":true,"error":null}
{"timestamp":"2025-06-29T18:09:35.374Z","action":"READ","filename":"d6","ip":"::1","success":true,"error":null}
{"timestamp":"2025-06-29T18:09:35.903Z","action":"READ","filename":"d5","ip":"::1","success":true,"error":null}
{"timestamp":"2025-06-29T18:09:35.924Z","action":"SAVE","filename":"d6","ip":"::1","success":true,"error":null}
{"timestamp":"2025-06-29T18:09:36.677Z","action":"SAVE","filename":"d5","ip":"::1","success":true,"error":null}
{"timestamp":"2025-06-29T18:09:36.688Z","action":"READ","filename":"d6","ip":"::1","success":true,"error":null}
{"timestamp":"2025-06-29T18:09:37.045Z","action":"READ","filename":"d5","ip":"::1","success":true,"error":null}
{"timestamp":"2025-06-29T18:09:37.066Z","action":"SAVE","filename":"d6","ip":"::1","success":true,"error":null}
{"timestamp":"2025-06-29T18:09:37.373Z","action":"SAVE","filename":"d5","ip":"::1","success":true,"error":null}
{"timestamp":"2025-06-29T18:09:37.704Z","action":"READ","filename":"d5","ip":"::1","success":true,"error":null}
{"timestamp":"2025-06-29T18:09:38.041Z","action":"SAVE","filename":"d5","ip":"::1","success":true,"error":null}
{"timestamp":"2025-06-29T18:09:38.052Z","action":"READ","filename":"d6","ip":"::1","success":true,"error":null}
{"timestamp":"2025-06-29T18:09:38.459Z","action":"READ","filename":"d5","ip":"::1","success":true,"error":null}
{"timestamp":"2025-06-29T18:09:38.475Z","action":"SAVE","filename":"d6","ip":"::1","success":true,"error":null}
{"timestamp":"2025-06-29T18:09:38.843Z","action":"SAVE","filename":"d5","ip":"::1","success":true,"error":null}
{"timestamp":"2025-06-29T18:09:38.853Z","action":"READ","filename":"d6","ip":"::1","success":true,"error":null}
{"timestamp":"2025-06-29T18:09:39.680Z","action":"SAVE","filename":"d6","ip":"::1","success":true,"error":null}
{"timestamp":"2025-06-29T18:09:39.965Z","action":"READ","filename":"d9","ip":"::1","success":true,"error":null}
{"timestamp":"2025-06-29T18:09:40.422Z","action":"READ","filename":"d6","ip":"::1","success":true,"error":null}
{"timestamp":"2025-06-29T18:09:40.445Z","action":"SAVE","filename":"d9","ip":"::1","success":true,"error":null}
{"timestamp":"2025-06-29T18:09:41.032Z","action":"SAVE","filename":"d6","ip":"::1","success":true,"error":null}
{"timestamp":"2025-06-29T18:09:41.353Z","action":"READ","filename":"d6","ip":"::1","success":true,"error":null}
{"timestamp":"2025-06-29T18:09:41.673Z","action":"SAVE","filename":"d6","ip":"::1","success":true,"error":null}
{"timestamp":"2025-06-29T18:09:42.060Z","action":"READ","filename":"d6","ip":"::1","success":true,"error":null}
{"timestamp":"2025-06-29T18:09:42.675Z","action":"SAVE","filename":"d6","ip":"::1","success":true,"error":null}
{"timestamp":"2025-06-29T18:09:43.041Z","action":"READ","filename":"d6","ip":"::1","success":true,"error":null}
{"timestamp":"2025-06-29T18:09:43.340Z","action":"READ","filename":"d5","ip":"::1","success":true,"error":null}
{"timestamp":"2025-06-29T18:09:43.356Z","action":"SAVE","filename":"d6","ip":"::1","success":true,"error":null}
{"timestamp":"2025-06-29T18:09:43.674Z","action":"SAVE","filename":"d5","ip":"::1","success":true,"error":null}
{"timestamp":"2025-06-29T18:09:43.680Z","action":"READ","filename":"d6","ip":"::1","success":true,"error":null}
{"timestamp":"2025-06-29T18:09:46.232Z","action":"READ","filename":"d5","ip":"::1","success":true,"error":null}
{"timestamp":"2025-06-29T18:09:46.251Z","action":"SAVE","filename":"d6","ip":"::1","success":true,"error":null}
{"timestamp":"2025-06-29T18:09:46.547Z","action":"SAVE","filename":"d5","ip":"::1","success":true,"error":null}
{"timestamp":"2025-06-29T18:09:48.099Z","action":"READ","filename":"d5","ip":"::1","success":true,"error":null}
{"timestamp":"2025-06-29T18:09:48.921Z","action":"SAVE","filename":"d5","ip":"::1","success":true,"error":null}
{"timestamp":"2025-06-29T18:09:48.930Z","action":"READ","filename":"d6","ip":"::1","success":true,"error":null}
{"timestamp":"2025-06-29T18:09:49.288Z","action":"READ","filename":"d5","ip":"::1","success":true,"error":null}
{"timestamp":"2025-06-29T18:09:49.302Z","action":"SAVE","filename":"d6","ip":"::1","success":true,"error":null}
{"timestamp":"2025-06-29T18:10:14.154Z","action":"SAVE","filename":"d5","ip":"::1","success":true,"error":null}
{"timestamp":"2025-06-29T18:10:14.746Z","action":"READ","filename":"d5","ip":"::1","success":true,"error":null}
{"timestamp":"2025-06-29T18:11:59.875Z","action":"READ","filename":"d6","ip":"::1","success":true,"error":null}
{"timestamp":"2025-06-29T18:12:00.371Z","action":"SAVE","filename":"d6","ip":"::1","success":true,"error":null}
{"timestamp":"2025-06-29T18:12:01.513Z","action":"READ","filename":"d6","ip":"::1","success":true,"error":null}
{"timestamp":"2025-06-29T18:12:01.793Z","action":"SAVE","filename":"d6","ip":"::1","success":true,"error":null}
{"timestamp":"2025-06-29T18:12:19.773Z","action":"READ","filename":"d6","ip":"::1","success":true,"error":null}
{"timestamp":"2025-06-29T18:12:20.091Z","action":"SAVE","filename":"d6","ip":"::1","success":true,"error":null}
{"timestamp":"2025-06-29T18:12:22.029Z","action":"READ","filename":"cq1","ip":"::1","success":true,"error":null}
{"timestamp":"2025-06-29T18:12:22.431Z","action":"SAVE","filename":"cq1","ip":"::1","success":true,"error":null}
{"timestamp":"2025-06-29T18:12:25.871Z","action":"READ","filename":"cq1","ip":"::1","success":true,"error":null}
{"timestamp":"2025-06-29T18:12:26.200Z","action":"SAVE","filename":"cq1","ip":"::1","success":true,"error":null}
{"timestamp":"2025-06-29T18:12:33.209Z","action":"READ","filename":"d6","ip":"::1","success":true,"error":null}
{"timestamp":"2025-06-29T18:12:34.482Z","action":"SAVE","filename":"d6","ip":"::1","success":true,"error":null}
{"timestamp":"2025-06-29T18:12:35.023Z","action":"READ","filename":"d6","ip":"::1","success":true,"error":null}
{"timestamp":"2025-06-29T18:12:35.560Z","action":"SAVE","filename":"d6","ip":"::1","success":true,"error":null}
{"timestamp":"2025-06-29T18:12:36.413Z","action":"READ","filename":"d6","ip":"::1","success":true,"error":null}
{"timestamp":"2025-06-29T18:13:15.413Z","action":"READ","filename":"d9","ip":"::1","success":true,"error":null}
{"timestamp":"2025-06-29T18:13:16.520Z","action":"SAVE","filename":"d9","ip":"::1","success":true,"error":null}
{"timestamp":"2025-06-29T18:13:16.530Z","action":"READ","filename":"d10","ip":"::1","success":true,"error":null}
{"timestamp":"2025-06-29T18:13:17.007Z","action":"SAVE","filename":"d10","ip":"::1","success":true,"error":null}
{"timestamp":"2025-06-29T18:13:17.017Z","action":"READ","filename":"d11","ip":"::1","success":true,"error":null}
{"timestamp":"2025-06-29T18:13:17.453Z","action":"READ","filename":"d10","ip":"::1","success":true,"error":null}
{"timestamp":"2025-06-29T18:13:17.469Z","action":"SAVE","filename":"d11","ip":"::1","success":true,"error":null}
{"timestamp":"2025-06-29T18:13:17.941Z","action":"READ","filename":"d9","ip":"::1","success":true,"error":null}
{"timestamp":"2025-06-29T18:13:17.961Z","action":"SAVE","filename":"d10","ip":"::1","success":true,"error":null}
{"timestamp":"2025-06-29T18:13:18.249Z","action":"SAVE","filename":"d9","ip":"::1","success":true,"error":null}
{"timestamp":"2025-06-29T18:13:18.265Z","action":"READ","filename":"d11","ip":"::1","success":true,"error":null}
{"timestamp":"2025-06-29T18:13:18.708Z","action":"READ","filename":"d10","ip":"::1","success":true,"error":null}
{"timestamp":"2025-06-29T18:13:18.721Z","action":"SAVE","filename":"d11","ip":"::1","success":true,"error":null}
{"timestamp":"2025-06-29T18:13:19.013Z","action":"READ","filename":"d9","ip":"::1","success":true,"error":null}
{"timestamp":"2025-06-29T18:13:19.028Z","action":"SAVE","filename":"d10","ip":"::1","success":true,"error":null}
{"timestamp":"2025-06-29T18:13:19.321Z","action":"SAVE","filename":"d9","ip":"::1","success":true,"error":null}
{"timestamp":"2025-06-29T18:13:20.181Z","action":"READ","filename":"d11","ip":"::1","success":true,"error":null}
{"timestamp":"2025-06-29T18:13:22.313Z","action":"SAVE","filename":"d11","ip":"::1","success":true,"error":null}
{"timestamp":"2025-06-29T18:13:22.973Z","action":"READ","filename":"d9","ip":"::1","success":true,"error":null}
{"timestamp":"2025-06-29T18:13:23.553Z","action":"SAVE","filename":"d9","ip":"::1","success":true,"error":null}
{"timestamp":"2025-06-29T18:13:23.565Z","action":"READ","filename":"d10","ip":"::1","success":true,"error":null}
{"timestamp":"2025-06-29T18:13:24.002Z","action":"SAVE","filename":"d10","ip":"::1","success":true,"error":null}
{"timestamp":"2025-06-29T18:13:24.008Z","action":"READ","filename":"d11","ip":"::1","success":true,"error":null}
{"timestamp":"2025-06-29T18:13:24.330Z","action":"READ","filename":"d10","ip":"::1","success":true,"error":null}
{"timestamp":"2025-06-29T18:13:24.353Z","action":"SAVE","filename":"d11","ip":"::1","success":true,"error":null}
{"timestamp":"2025-06-29T18:13:24.610Z","action":"SAVE","filename":"d10","ip":"::1","success":true,"error":null}
{"timestamp":"2025-06-29T18:13:26.271Z","action":"READ","filename":"d9","ip":"::1","success":true,"error":null}
{"timestamp":"2025-06-29T18:13:36.752Z","action":"SAVE","filename":"d9","ip":"::1","success":true,"error":null}
{"timestamp":"2025-06-29T18:13:38.043Z","action":"READ","filename":"d9","ip":"::1","success":true,"error":null}
{"timestamp":"2025-06-29T18:13:38.768Z","action":"SAVE","filename":"d9","ip":"::1","success":true,"error":null}
{"timestamp":"2025-06-29T18:13:40.179Z","action":"READ","filename":"d9","ip":"::1","success":true,"error":null}
{"timestamp":"2025-06-29T18:13:40.946Z","action":"SAVE","filename":"d9","ip":"::1","success":true,"error":null}
{"timestamp":"2025-06-29T18:15:12.444Z","action":"READ","filename":"d9","ip":"::1","success":true,"error":null}
{"timestamp":"2025-06-29T18:15:12.838Z","action":"SAVE","filename":"d9","ip":"::1","success":true,"error":null}
{"timestamp":"2025-06-29T18:18:01.641Z","action":"READ","filename":"d9","ip":"::1","success":true,"error":null}
{"timestamp":"2025-06-29T18:18:02.198Z","action":"SAVE","filename":"d9","ip":"::1","success":true,"error":null}
{"timestamp":"2025-06-29T18:20:41.280Z","action":"READ","filename":"d9","ip":"::1","success":true,"error":null}
{"timestamp":"2025-06-29T18:20:52.154Z","action":"SAVE","filename":"d9","ip":"::1","success":true,"error":null}
{"timestamp":"2025-06-29T18:20:52.168Z","action":"READ","filename":"d11","ip":"::1","success":true,"error":null}
{"timestamp":"2025-06-29T18:20:53.687Z","action":"READ","filename":"d10","ip":"::1","success":true,"error":null}
{"timestamp":"2025-06-29T18:20:53.704Z","action":"SAVE","filename":"d11","ip":"::1","success":true,"error":null}
{"timestamp":"2025-06-29T18:20:54.233Z","action":"SAVE","filename":"d10","ip":"::1","success":true,"error":null}
{"timestamp":"2025-06-29T18:20:54.242Z","action":"READ","filename":"d11","ip":"::1","success":true,"error":null}
{"timestamp":"2025-06-29T18:20:54.768Z","action":"READ","filename":"d10","ip":"::1","success":true,"error":null}
{"timestamp":"2025-06-29T18:20:54.784Z","action":"SAVE","filename":"d11","ip":"::1","success":true,"error":null}
{"timestamp":"2025-06-29T18:20:55.139Z","action":"READ","filename":"d9","ip":"::1","success":true,"error":null}
{"timestamp":"2025-06-29T18:20:55.155Z","action":"SAVE","filename":"d10","ip":"::1","success":true,"error":null}
{"timestamp":"2025-06-29T18:22:56.633Z","action":"READ","filename":"d9","ip":"::1","success":true,"error":null}
{"timestamp":"2025-06-29T18:24:57.118Z","action":"READ","filename":"d10","ip":"::1","success":true,"error":null}
{"timestamp":"2025-06-29T18:28:26.628Z","action":"READ","filename":"d11","ip":"::1","success":true,"error":null}
{"timestamp":"2025-06-29T18:29:23.631Z","action":"READ","filename":"cq1","ip":"::1","success":true,"error":null}
{"timestamp":"2025-06-29T18:29:23.643Z","action":"SAVE","filename":"d11","ip":"::1","success":true,"error":null}
{"timestamp":"2025-06-29T18:29:28.057Z","action":"READ","filename":"d8","ip":"::1","success":true,"error":null}
{"timestamp":"2025-06-29T18:29:28.069Z","action":"SAVE","filename":"cq1","ip":"::1","success":true,"error":null}
{"timestamp":"2025-06-29T18:29:47.303Z","action":"READ","filename":"cq1","ip":"::1","success":true,"error":null}
{"timestamp":"2025-06-29T18:29:47.313Z","action":"SAVE","filename":"d8","ip":"::1","success":true,"error":null}
{"timestamp":"2025-06-29T18:29:48.770Z","action":"SAVE","filename":"cq1","ip":"::1","success":true,"error":null}
{"timestamp":"2025-06-29T18:29:48.776Z","action":"READ","filename":"cq2","ip":"::1","success":true,"error":null}
{"timestamp":"2025-06-29T18:29:49.034Z","action":"SAVE","filename":"cq2","ip":"::1","success":true,"error":null}
{"timestamp":"2025-06-29T18:29:49.050Z","action":"READ","filename":"cq3","ip":"::1","success":true,"error":null}
{"timestamp":"2025-06-29T18:29:49.274Z","action":"SAVE","filename":"cq3","ip":"::1","success":true,"error":null}
{"timestamp":"2025-06-29T18:29:49.298Z","action":"READ","filename":"cq4","ip":"::1","success":true,"error":null}
{"timestamp":"2025-06-29T18:29:49.518Z","action":"SAVE","filename":"cq4","ip":"::1","success":true,"error":null}
{"timestamp":"2025-06-29T18:29:49.540Z","action":"READ","filename":"cq5","ip":"::1","success":true,"error":null}
{"timestamp":"2025-06-29T18:29:49.762Z","action":"SAVE","filename":"cq5","ip":"::1","success":true,"error":null}
{"timestamp":"2025-06-29T18:29:49.785Z","action":"READ","filename":"cq6","ip":"::1","success":true,"error":null}
{"timestamp":"2025-06-29T18:29:50.018Z","action":"SAVE","filename":"cq6","ip":"::1","success":true,"error":null}
{"timestamp":"2025-06-29T18:29:50.041Z","action":"READ","filename":"cq7","ip":"::1","success":true,"error":null}
{"timestamp":"2025-06-29T18:29:50.270Z","action":"SAVE","filename":"cq7","ip":"::1","success":true,"error":null}
{"timestamp":"2025-06-29T18:29:50.286Z","action":"READ","filename":"cq8","ip":"::1","success":true,"error":null}
{"timestamp":"2025-06-29T18:29:50.525Z","action":"SAVE","filename":"cq8","ip":"::1","success":true,"error":null}
{"timestamp":"2025-06-29T18:29:50.543Z","action":"READ","filename":"cq9","ip":"::1","success":true,"error":null}
{"timestamp":"2025-06-29T18:29:50.822Z","action":"SAVE","filename":"cq9","ip":"::1","success":true,"error":null}
{"timestamp":"2025-06-29T18:29:50.841Z","action":"READ","filename":"cq10","ip":"::1","success":true,"error":null}
{"timestamp":"2025-06-29T18:29:51.416Z","action":"SAVE","filename":"cq10","ip":"::1","success":true,"error":null}
{"timestamp":"2025-06-29T18:29:51.441Z","action":"READ","filename":"cq11","ip":"::1","success":true,"error":null}
{"timestamp":"2025-06-29T18:29:51.723Z","action":"SAVE","filename":"cq11","ip":"::1","success":true,"error":null}
{"timestamp":"2025-06-29T18:29:51.737Z","action":"READ","filename":"cq12","ip":"::1","success":true,"error":null}
{"timestamp":"2025-06-29T18:30:26.797Z","action":"SAVE","filename":"cq12","ip":"::1","success":true,"error":null}
{"timestamp":"2025-06-29T18:30:26.804Z","action":"READ","filename":"d8","ip":"::1","success":true,"error":null}
{"timestamp":"2025-06-29T18:37:24.506Z","action":"READ","filename":"cq1","ip":"::1","success":true,"error":null}
{"timestamp":"2025-06-29T18:37:25.206Z","action":"SAVE","filename":"cq1","ip":"::1","success":true,"error":null}
{"timestamp":"2025-06-29T18:37:38.903Z","action":"READ","filename":"p1","ip":"::1","success":true,"error":null}
{"timestamp":"2025-06-29T18:37:43.994Z","action":"SAVE","filename":"p1","ip":"::1","success":true,"error":null}
{"timestamp":"2025-06-29T18:37:45.370Z","action":"READ","filename":"d11","ip":"::1","success":true,"error":null}
{"timestamp":"2025-06-29T18:37:46.058Z","action":"SAVE","filename":"d11","ip":"::1","success":true,"error":null}
{"timestamp":"2025-06-29T18:37:46.694Z","action":"READ","filename":"d11","ip":"::1","success":true,"error":null}
{"timestamp":"2025-06-29T18:38:29.122Z","action":"READ","filename":"jjzb","ip":"::1","success":true,"error":null}
{"timestamp":"2025-06-29T18:38:29.146Z","action":"SAVE","filename":"d11","ip":"::1","success":true,"error":null}
{"timestamp":"2025-06-29T18:39:39.470Z","action":"READ","filename":"d11","ip":"::1","success":true,"error":null}
{"timestamp":"2025-06-29T18:39:51.642Z","action":"READ","filename":"cq1","ip":"::1","success":true,"error":null}
{"timestamp":"2025-06-29T18:40:29.719Z","action":"SAVE","filename":"cq1","ip":"::1","success":true,"error":null}
{"timestamp":"2025-06-29T18:40:30.607Z","action":"READ","filename":"jjzb","ip":"::1","success":true,"error":null}
{"timestamp":"2025-06-29T18:40:58.354Z","action":"SAVE","filename":"jjzb","ip":"::1","success":true,"error":null}
{"timestamp":"2025-06-29T18:41:30.396Z","action":"READ","filename":"jjzb","ip":"::1","success":true,"error":null}
{"timestamp":"2025-06-29T18:41:30.397Z","action":"SAVE","filename":"test11","ip":"::1","success":true,"error":null}
{"timestamp":"2025-06-29T18:42:36.228Z","action":"READ","filename":"jygl","ip":"::1","success":true,"error":null}
{"timestamp":"2025-06-29T18:42:36.241Z","action":"SAVE","filename":"jjzb","ip":"::1","success":true,"error":null}
{"timestamp":"2025-06-29T18:42:37.878Z","action":"READ","filename":"jygl","ip":"::1","success":true,"error":null}
{"timestamp":"2025-06-29T18:42:51.597Z","action":"READ","filename":"jjzb","ip":"::1","success":true,"error":null}
{"timestamp":"2025-06-29T18:47:43.669Z","action":"READ","filename":"jjzb","ip":"::1","success":true,"error":null}
{"timestamp":"2025-06-29T18:49:00.463Z","action":"READ","filename":"jjzb","ip":"::1","success":true,"error":null}
{"timestamp":"2025-06-29T18:49:11.766Z","action":"READ","filename":"jjzb","ip":"::1","success":true,"error":null}
{"timestamp":"2025-06-29T18:49:11.776Z","action":"SAVE","filename":"test11","ip":"::1","success":true,"error":null}
{"timestamp":"2025-06-29T18:49:19.399Z","action":"READ","filename":"jjzb","ip":"::1","success":true,"error":null}
{"timestamp":"2025-06-29T18:49:19.407Z","action":"SAVE","filename":"test11","ip":"::1","success":true,"error":null}
{"timestamp":"2025-06-29T18:54:16.516Z","action":"READ","filename":"jjzb","ip":"::1","success":true,"error":null}
{"timestamp":"2025-06-29T18:55:36.084Z","action":"READ","filename":"performance","ip":"::1","success":true,"error":null}
{"timestamp":"2025-06-29T18:55:51.404Z","action":"READ","filename":"jjzb","ip":"::1","success":true,"error":null}
{"timestamp":"2025-06-29T18:55:51.411Z","action":"SAVE","filename":"performance","ip":"::1","success":true,"error":null}
{"timestamp":"2025-06-29T18:58:51.503Z","action":"READ","filename":"jjzb","ip":"::1","success":true,"error":null}
{"timestamp":"2025-06-29T19:02:54.143Z","action":"READ","filename":"dazl","ip":"::1","success":true,"error":null}
{"timestamp":"2025-06-29T19:02:54.386Z","action":"READ","filename":"xmjd","ip":"::1","success":true,"error":null}
{"timestamp":"2025-06-29T19:02:55.106Z","action":"READ","filename":"dazl","ip":"::1","success":true,"error":null}
{"timestamp":"2025-06-29T19:03:02.244Z","action":"READ","filename":"xmjd","ip":"::1","success":true,"error":null}
{"timestamp":"2025-06-29T19:07:32.113Z","action":"READ","filename":"jjzb","ip":"::1","success":true,"error":null}
{"timestamp":"2025-06-29T19:08:15.920Z","action":"READ","filename":"p1","ip":"::1","success":true,"error":null}
{"timestamp":"2025-06-29T19:09:13.207Z","action":"SAVE","filename":"p1","ip":"::1","success":true,"error":null}
{"timestamp":"2025-06-29T19:19:46.722Z","action":"READ","filename":"jjzb","ip":"::1","success":true,"error":null}
