{"timestamp":"2025-07-12T07:30:36.259Z","action":"READ","filename":"cq1","ip":"::1","success":true,"error":null}
{"timestamp":"2025-07-12T07:30:47.008Z","action":"READ","filename":"cq1","ip":"::1","success":true,"error":null}
{"timestamp":"2025-07-12T07:30:51.137Z","action":"READ","filename":"cq2","ip":"::1","success":true,"error":null}
{"timestamp":"2025-07-12T07:30:51.254Z","action":"SAVE","filename":"cq1","ip":"::1","success":true,"error":null}
{"timestamp":"2025-07-12T07:32:23.512Z","action":"READ","filename":"cq1","ip":"::1","success":true,"error":null}
{"timestamp":"2025-07-12T07:32:25.230Z","action":"SAVE","filename":"cq1","ip":"::1","success":true,"error":null}
{"timestamp":"2025-07-12T07:32:26.108Z","action":"READ","filename":"cq3","ip":"::1","success":true,"error":null}
{"timestamp":"2025-07-12T07:32:27.584Z","action":"SAVE","filename":"cq3","ip":"::1","success":true,"error":null}
{"timestamp":"2025-07-12T07:33:25.123Z","action":"READ","filename":"cq3","ip":"::1","success":true,"error":null}
{"timestamp":"2025-07-12T07:33:26.401Z","action":"SAVE","filename":"cq3","ip":"::1","success":true,"error":null}
{"timestamp":"2025-07-12T07:33:31.182Z","action":"READ","filename":"cq3","ip":"::1","success":true,"error":null}
{"timestamp":"2025-07-12T07:33:34.691Z","action":"SAVE","filename":"cq3","ip":"::1","success":true,"error":null}
{"timestamp":"2025-07-12T07:34:33.767Z","action":"READ","filename":"cq1","ip":"::1","success":true,"error":null}
{"timestamp":"2025-07-12T07:34:35.620Z","action":"SAVE","filename":"cq1","ip":"::1","success":true,"error":null}
{"timestamp":"2025-07-12T07:35:27.198Z","action":"READ","filename":"cq4","ip":"::1","success":true,"error":null}
{"timestamp":"2025-07-12T07:36:41.482Z","action":"READ","filename":"cq1","ip":"::1","success":true,"error":null}
{"timestamp":"2025-07-12T07:36:43.412Z","action":"SAVE","filename":"cq1","ip":"::1","success":true,"error":null}
{"timestamp":"2025-07-12T07:36:44.178Z","action":"READ","filename":"cq5","ip":"::1","success":true,"error":null}
{"timestamp":"2025-07-12T07:37:20.723Z","action":"READ","filename":"cq1","ip":"::1","success":true,"error":null}
{"timestamp":"2025-07-12T07:37:23.090Z","action":"SAVE","filename":"cq1","ip":"::1","success":true,"error":null}
{"timestamp":"2025-07-12T07:37:24.621Z","action":"READ","filename":"cq6","ip":"::1","success":true,"error":null}
{"timestamp":"2025-07-12T07:38:57.894Z","action":"READ","filename":"cq1","ip":"::1","success":true,"error":null}
{"timestamp":"2025-07-12T07:38:59.888Z","action":"SAVE","filename":"cq1","ip":"::1","success":true,"error":null}
{"timestamp":"2025-07-12T07:39:02.812Z","action":"READ","filename":"cq7","ip":"::1","success":true,"error":null}
{"timestamp":"2025-07-12T07:39:51.557Z","action":"READ","filename":"cq1","ip":"::1","success":true,"error":null}
{"timestamp":"2025-07-12T07:39:53.479Z","action":"SAVE","filename":"cq1","ip":"::1","success":true,"error":null}
{"timestamp":"2025-07-12T07:39:55.898Z","action":"READ","filename":"cq8","ip":"::1","success":true,"error":null}
{"timestamp":"2025-07-12T07:43:34.428Z","action":"READ","filename":"cq1","ip":"::1","success":true,"error":null}
{"timestamp":"2025-07-12T07:43:36.204Z","action":"SAVE","filename":"cq1","ip":"::1","success":true,"error":null}
{"timestamp":"2025-07-12T07:43:43.405Z","action":"READ","filename":"jygl","ip":"::1","success":true,"error":null}
{"timestamp":"2025-07-12T07:45:00.552Z","action":"READ","filename":"jygl","ip":"::1","success":true,"error":null}
{"timestamp":"2025-07-12T07:45:51.345Z","action":"READ","filename":"jygl","ip":"::1","success":true,"error":null}
{"timestamp":"2025-07-12T07:45:57.967Z","action":"READ","filename":"jygl","ip":"::1","success":true,"error":null}
{"timestamp":"2025-07-12T07:47:59.334Z","action":"READ","filename":"xiangmujx","ip":"::1","success":true,"error":null}
{"timestamp":"2025-07-12T07:48:52.959Z","action":"READ","filename":"zlda","ip":"::1","success":true,"error":null}
{"timestamp":"2025-07-12T07:50:06.128Z","action":"READ","filename":"zlda","ip":"::1","success":true,"error":null}
{"timestamp":"2025-07-12T07:50:43.709Z","action":"SAVE","filename":"zlda","ip":"::1","success":true,"error":null}
{"timestamp":"2025-07-12T07:51:10.632Z","action":"READ","filename":"zlda","ip":"::1","success":true,"error":null}
{"timestamp":"2025-07-12T07:51:17.041Z","action":"READ","filename":"tree","ip":"::1","success":true,"error":null}
{"timestamp":"2025-07-12T07:51:17.094Z","action":"SAVE","filename":"zlda","ip":"::1","success":true,"error":null}
{"timestamp":"2025-07-12T07:51:20.485Z","action":"READ","filename":"zlda","ip":"::1","success":true,"error":null}
{"timestamp":"2025-07-12T07:51:20.536Z","action":"SAVE","filename":"tree","ip":"::1","success":true,"error":null}
{"timestamp":"2025-07-12T07:51:21.593Z","action":"READ","filename":"tree","ip":"::1","success":true,"error":null}
{"timestamp":"2025-07-12T07:51:21.637Z","action":"SAVE","filename":"zlda","ip":"::1","success":true,"error":null}
{"timestamp":"2025-07-12T07:52:50.846Z","action":"READ","filename":"tree","ip":"::1","success":true,"error":null}
{"timestamp":"2025-07-12T07:54:30.982Z","action":"READ","filename":"tree","ip":"::1","success":true,"error":null}
{"timestamp":"2025-07-12T07:54:54.665Z","action":"READ","filename":"tree","ip":"::1","success":true,"error":null}
{"timestamp":"2025-07-12T07:54:54.725Z","action":"SAVE","filename":"tree","ip":"::1","success":true,"error":null}
{"timestamp":"2025-07-12T07:55:26.873Z","action":"READ","filename":"tree","ip":"::1","success":true,"error":null}
{"timestamp":"2025-07-12T07:56:12.915Z","action":"READ","filename":"tree","ip":"::1","success":true,"error":null}
{"timestamp":"2025-07-12T07:56:25.898Z","action":"SAVE","filename":"tree","ip":"::1","success":true,"error":null}
{"timestamp":"2025-07-12T07:57:11.754Z","action":"READ","filename":"test8","ip":"::1","success":true,"error":null}
{"timestamp":"2025-07-12T07:57:35.628Z","action":"READ","filename":"gongshui","ip":"::1","success":true,"error":null}
{"timestamp":"2025-07-12T08:00:44.661Z","action":"READ","filename":"completionStatus","ip":"::1","success":true,"error":null}
{"timestamp":"2025-07-12T08:00:45.607Z","action":"SAVE","filename":"completionStatus","ip":"::1","success":true,"error":null}
{"timestamp":"2025-07-12T08:00:46.729Z","action":"READ","filename":"completionStatus","ip":"::1","success":true,"error":null}
{"timestamp":"2025-07-12T08:00:47.280Z","action":"SAVE","filename":"completionStatus","ip":"::1","success":true,"error":null}
{"timestamp":"2025-07-12T08:01:01.074Z","action":"READ","filename":"gongshui","ip":"::1","success":true,"error":null}
{"timestamp":"2025-07-12T08:07:20.230Z","action":"READ","filename":"completionStatus","ip":"::1","success":true,"error":null}
{"timestamp":"2025-07-12T08:08:03.293Z","action":"SAVE","filename":"completionStatus","ip":"::1","success":true,"error":null}
{"timestamp":"2025-07-12T08:08:07.094Z","action":"READ","filename":"completionStatus","ip":"::1","success":true,"error":null}
{"timestamp":"2025-07-12T08:09:08.227Z","action":"READ","filename":"completionStatus","ip":"::1","success":true,"error":null}
{"timestamp":"2025-07-12T08:09:09.426Z","action":"SAVE","filename":"completionStatus","ip":"::1","success":true,"error":null}
{"timestamp":"2025-07-12T08:09:10.205Z","action":"READ","filename":"completionStatus","ip":"::1","success":true,"error":null}
{"timestamp":"2025-07-12T08:09:11.148Z","action":"SAVE","filename":"completionStatus","ip":"::1","success":true,"error":null}
{"timestamp":"2025-07-12T08:09:11.922Z","action":"READ","filename":"completionStatus","ip":"::1","success":true,"error":null}
{"timestamp":"2025-07-12T08:09:25.279Z","action":"SAVE","filename":"completionStatus","ip":"::1","success":true,"error":null}
{"timestamp":"2025-07-12T08:09:26.368Z","action":"READ","filename":"completionStatus","ip":"::1","success":true,"error":null}
{"timestamp":"2025-07-12T08:09:48.364Z","action":"READ","filename":"sc","ip":"::1","success":true,"error":null}
{"timestamp":"2025-07-12T08:09:48.419Z","action":"SAVE","filename":"sc2","ip":"::1","success":true,"error":null}
{"timestamp":"2025-07-12T08:09:53.536Z","action":"READ","filename":"wsc","ip":"::1","success":true,"error":null}
{"timestamp":"2025-07-12T08:09:53.573Z","action":"SAVE","filename":"sc","ip":"::1","success":true,"error":null}
{"timestamp":"2025-07-12T08:09:54.669Z","action":"READ","filename":"sc","ip":"::1","success":true,"error":null}
{"timestamp":"2025-07-12T08:09:54.708Z","action":"SAVE","filename":"wsc","ip":"::1","success":true,"error":null}
{"timestamp":"2025-07-12T08:09:54.719Z","action":"SAVE","filename":"sc2","ip":"::1","success":true,"error":null}
{"timestamp":"2025-07-12T08:09:55.445Z","action":"READ","filename":"wsc","ip":"::1","success":true,"error":null}
{"timestamp":"2025-07-12T08:09:55.482Z","action":"SAVE","filename":"sc","ip":"::1","success":true,"error":null}
{"timestamp":"2025-07-12T08:09:57.072Z","action":"READ","filename":"sc","ip":"::1","success":true,"error":null}
{"timestamp":"2025-07-12T08:09:57.106Z","action":"SAVE","filename":"wsc","ip":"::1","success":true,"error":null}
{"timestamp":"2025-07-12T08:09:57.118Z","action":"SAVE","filename":"sc2","ip":"::1","success":true,"error":null}
{"timestamp":"2025-07-12T08:11:47.450Z","action":"READ","filename":"wsc","ip":"::1","success":true,"error":null}
{"timestamp":"2025-07-12T08:11:48.536Z","action":"SAVE","filename":"wsc","ip":"::1","success":true,"error":null}
{"timestamp":"2025-07-12T08:11:49.540Z","action":"READ","filename":"wsc","ip":"::1","success":true,"error":null}
{"timestamp":"2025-07-12T08:11:50.425Z","action":"SAVE","filename":"wsc","ip":"::1","success":true,"error":null}
{"timestamp":"2025-07-12T08:11:55.166Z","action":"READ","filename":"wsc","ip":"::1","success":true,"error":null}
{"timestamp":"2025-07-12T08:14:40.874Z","action":"READ","filename":"sczaizhi","ip":"::1","success":true,"error":null}
{"timestamp":"2025-07-12T08:14:44.718Z","action":"READ","filename":"sclizhi","ip":"::1","success":true,"error":null}
{"timestamp":"2025-07-12T08:14:44.759Z","action":"SAVE","filename":"sczaizhi","ip":"::1","success":true,"error":null}
{"timestamp":"2025-07-12T08:14:45.575Z","action":"READ","filename":"wsczaizhi","ip":"::1","success":true,"error":null}
{"timestamp":"2025-07-12T08:14:45.618Z","action":"SAVE","filename":"sclizhi","ip":"::1","success":true,"error":null}
{"timestamp":"2025-07-12T08:14:46.449Z","action":"READ","filename":"wsclizhi","ip":"::1","success":true,"error":null}
{"timestamp":"2025-07-12T08:14:46.490Z","action":"SAVE","filename":"wsczaizhi","ip":"::1","success":true,"error":null}
{"timestamp":"2025-07-12T08:14:47.268Z","action":"READ","filename":"wsczaizhi","ip":"::1","success":true,"error":null}
{"timestamp":"2025-07-12T08:14:47.313Z","action":"SAVE","filename":"wsclizhi","ip":"::1","success":true,"error":null}
{"timestamp":"2025-07-12T08:14:48.623Z","action":"READ","filename":"wsclizhi","ip":"::1","success":true,"error":null}
{"timestamp":"2025-07-12T08:14:48.663Z","action":"SAVE","filename":"wsczaizhi","ip":"::1","success":true,"error":null}
{"timestamp":"2025-07-12T08:14:49.779Z","action":"READ","filename":"wsczaizhi","ip":"::1","success":true,"error":null}
{"timestamp":"2025-07-12T08:14:49.816Z","action":"SAVE","filename":"wsclizhi","ip":"::1","success":true,"error":null}
{"timestamp":"2025-07-12T08:14:50.609Z","action":"READ","filename":"sclizhi","ip":"::1","success":true,"error":null}
{"timestamp":"2025-07-12T08:14:50.641Z","action":"SAVE","filename":"wsczaizhi","ip":"::1","success":true,"error":null}
{"timestamp":"2025-07-12T08:14:51.442Z","action":"READ","filename":"sczaizhi","ip":"::1","success":true,"error":null}
{"timestamp":"2025-07-12T08:14:51.479Z","action":"SAVE","filename":"sclizhi","ip":"::1","success":true,"error":null}
{"timestamp":"2025-07-12T08:14:52.448Z","action":"READ","filename":"sclizhi","ip":"::1","success":true,"error":null}
{"timestamp":"2025-07-12T08:14:52.483Z","action":"SAVE","filename":"sczaizhi","ip":"::1","success":true,"error":null}
{"timestamp":"2025-07-12T08:14:53.113Z","action":"READ","filename":"wsczaizhi","ip":"::1","success":true,"error":null}
{"timestamp":"2025-07-12T08:14:53.147Z","action":"SAVE","filename":"sclizhi","ip":"::1","success":true,"error":null}
{"timestamp":"2025-07-12T08:14:53.739Z","action":"READ","filename":"wsclizhi","ip":"::1","success":true,"error":null}
{"timestamp":"2025-07-12T08:14:53.780Z","action":"SAVE","filename":"wsczaizhi","ip":"::1","success":true,"error":null}
{"timestamp":"2025-07-12T08:14:54.685Z","action":"READ","filename":"sczaizhi","ip":"::1","success":true,"error":null}
{"timestamp":"2025-07-12T08:14:54.725Z","action":"SAVE","filename":"wsclizhi","ip":"::1","success":true,"error":null}
{"timestamp":"2025-07-12T08:17:20.748Z","action":"READ","filename":"sclizhi","ip":"::1","success":true,"error":null}
{"timestamp":"2025-07-12T08:18:26.675Z","action":"READ","filename":"wsczaizhi","ip":"::1","success":true,"error":null}
{"timestamp":"2025-07-12T08:20:21.559Z","action":"READ","filename":"wsczaizhi","ip":"::1","success":true,"error":null}
{"timestamp":"2025-07-12T08:21:52.517Z","action":"READ","filename":"wsclizhi","ip":"::1","success":true,"error":null}
{"timestamp":"2025-07-12T08:21:54.492Z","action":"SAVE","filename":"wsclizhi","ip":"::1","success":true,"error":null}
{"timestamp":"2025-07-12T08:21:55.179Z","action":"READ","filename":"wsclizhi","ip":"::1","success":true,"error":null}
{"timestamp":"2025-07-12T08:22:52.533Z","action":"READ","filename":"d11","ip":"::1","success":true,"error":null}
{"timestamp":"2025-07-12T08:23:00.186Z","action":"READ","filename":"cq1","ip":"::1","success":true,"error":null}
{"timestamp":"2025-07-12T08:23:03.227Z","action":"SAVE","filename":"cq1","ip":"::1","success":true,"error":null}
{"timestamp":"2025-07-12T08:23:11.552Z","action":"READ","filename":"jjzb","ip":"::1","success":true,"error":null}
