{"timestamp":"2025-07-07T06:16:59.100Z","action":"READ","filename":"cq1","ip":"::1","success":true,"error":null}
{"timestamp":"2025-07-07T06:18:30.191Z","action":"SAVE","filename":"cq1","ip":"::1","success":true,"error":null}
{"timestamp":"2025-07-07T06:22:37.176Z","action":"READ","filename":"cq1","ip":"::1","success":true,"error":null}
{"timestamp":"2025-07-07T06:29:11.007Z","action":"READ","filename":"cq1","ip":"::1","success":true,"error":null}
{"timestamp":"2025-07-07T06:29:23.477Z","action":"READ","filename":"cq2","ip":"::1","success":true,"error":null}
{"timestamp":"2025-07-07T06:29:24.582Z","action":"READ","filename":"cq1","ip":"::1","success":true,"error":null}
{"timestamp":"2025-07-07T06:29:24.626Z","action":"SAVE","filename":"cq2","ip":"::1","success":true,"error":null}
{"timestamp":"2025-07-07T06:29:49.479Z","action":"READ","filename":"cq2","ip":"::1","success":true,"error":null}
{"timestamp":"2025-07-07T06:29:51.099Z","action":"READ","filename":"cq1","ip":"::1","success":true,"error":null}
{"timestamp":"2025-07-07T06:29:51.150Z","action":"SAVE","filename":"cq2","ip":"::1","success":true,"error":null}
{"timestamp":"2025-07-07T06:29:52.119Z","action":"READ","filename":"cq2","ip":"::1","success":true,"error":null}
{"timestamp":"2025-07-07T06:29:53.069Z","action":"READ","filename":"cq1","ip":"::1","success":true,"error":null}
{"timestamp":"2025-07-07T06:29:53.116Z","action":"SAVE","filename":"cq2","ip":"::1","success":true,"error":null}
{"timestamp":"2025-07-07T06:29:53.912Z","action":"READ","filename":"cq2","ip":"::1","success":true,"error":null}
{"timestamp":"2025-07-07T06:34:15.956Z","action":"READ","filename":"cq1","ip":"::1","success":true,"error":null}
{"timestamp":"2025-07-07T06:34:17.796Z","action":"READ","filename":"cq2","ip":"::1","success":true,"error":null}
{"timestamp":"2025-07-07T06:34:18.838Z","action":"READ","filename":"cq1","ip":"::1","success":true,"error":null}
{"timestamp":"2025-07-07T06:34:19.668Z","action":"READ","filename":"cq2","ip":"::1","success":true,"error":null}
{"timestamp":"2025-07-07T06:34:20.878Z","action":"READ","filename":"cq1","ip":"::1","success":true,"error":null}
{"timestamp":"2025-07-07T06:34:21.841Z","action":"READ","filename":"cq2","ip":"::1","success":true,"error":null}
{"timestamp":"2025-07-07T06:34:22.653Z","action":"READ","filename":"cq3","ip":"::1","success":true,"error":null}
{"timestamp":"2025-07-07T06:36:19.263Z","action":"READ","filename":"cq1","ip":"::1","success":true,"error":null}
{"timestamp":"2025-07-07T06:36:21.284Z","action":"READ","filename":"cq2","ip":"::1","success":true,"error":null}
{"timestamp":"2025-07-07T06:36:22.232Z","action":"READ","filename":"cq3","ip":"::1","success":true,"error":null}
{"timestamp":"2025-07-07T06:36:23.930Z","action":"READ","filename":"cq4","ip":"::1","success":true,"error":null}
{"timestamp":"2025-07-07T06:37:35.838Z","action":"READ","filename":"cq1","ip":"::1","success":true,"error":null}
{"timestamp":"2025-07-07T06:37:37.483Z","action":"READ","filename":"cq3","ip":"::1","success":true,"error":null}
{"timestamp":"2025-07-07T06:37:38.440Z","action":"READ","filename":"cq4","ip":"::1","success":true,"error":null}
{"timestamp":"2025-07-07T06:37:39.730Z","action":"READ","filename":"cq3","ip":"::1","success":true,"error":null}
{"timestamp":"2025-07-07T06:37:42.538Z","action":"READ","filename":"cq4","ip":"::1","success":true,"error":null}
{"timestamp":"2025-07-07T06:37:43.861Z","action":"READ","filename":"cq5","ip":"::1","success":true,"error":null}
{"timestamp":"2025-07-07T06:37:44.762Z","action":"READ","filename":"cq4","ip":"::1","success":true,"error":null}
{"timestamp":"2025-07-07T06:37:44.804Z","action":"SAVE","filename":"cq5","ip":"::1","success":true,"error":null}
{"timestamp":"2025-07-07T06:38:15.579Z","action":"READ","filename":"cq4","ip":"::1","success":true,"error":null}
{"timestamp":"2025-07-07T06:38:17.200Z","action":"READ","filename":"cq5","ip":"::1","success":true,"error":null}
{"timestamp":"2025-07-07T06:40:01.160Z","action":"READ","filename":"cq1","ip":"::1","success":true,"error":null}
{"timestamp":"2025-07-07T06:40:03.344Z","action":"READ","filename":"cq4","ip":"::1","success":true,"error":null}
{"timestamp":"2025-07-07T06:40:04.215Z","action":"READ","filename":"cq5","ip":"::1","success":true,"error":null}
{"timestamp":"2025-07-07T06:40:05.190Z","action":"READ","filename":"cq6","ip":"::1","success":true,"error":null}
{"timestamp":"2025-07-07T06:40:06.219Z","action":"READ","filename":"cq5","ip":"::1","success":true,"error":null}
{"timestamp":"2025-07-07T06:40:06.258Z","action":"SAVE","filename":"cq6","ip":"::1","success":true,"error":null}
{"timestamp":"2025-07-07T06:40:07.021Z","action":"READ","filename":"cq4","ip":"::1","success":true,"error":null}
{"timestamp":"2025-07-07T06:40:07.990Z","action":"READ","filename":"cq3","ip":"::1","success":true,"error":null}
{"timestamp":"2025-07-07T06:40:09.011Z","action":"READ","filename":"cq4","ip":"::1","success":true,"error":null}
{"timestamp":"2025-07-07T06:40:09.793Z","action":"READ","filename":"cq5","ip":"::1","success":true,"error":null}
{"timestamp":"2025-07-07T06:40:33.453Z","action":"READ","filename":"cq6","ip":"::1","success":true,"error":null}
{"timestamp":"2025-07-07T06:40:34.763Z","action":"READ","filename":"cq5","ip":"::1","success":true,"error":null}
{"timestamp":"2025-07-07T06:40:34.795Z","action":"SAVE","filename":"cq6","ip":"::1","success":true,"error":null}
{"timestamp":"2025-07-07T06:40:35.649Z","action":"READ","filename":"cq4","ip":"::1","success":true,"error":null}
{"timestamp":"2025-07-07T06:40:37.191Z","action":"READ","filename":"cq5","ip":"::1","success":true,"error":null}
{"timestamp":"2025-07-07T06:40:38.062Z","action":"READ","filename":"cq4","ip":"::1","success":true,"error":null}
{"timestamp":"2025-07-07T06:41:19.372Z","action":"READ","filename":"cq5","ip":"::1","success":true,"error":null}
{"timestamp":"2025-07-07T06:50:57.197Z","action":"READ","filename":"cq1","ip":"::1","success":true,"error":null}
{"timestamp":"2025-07-07T06:51:00.986Z","action":"READ","filename":"cq2","ip":"::1","success":true,"error":null}
{"timestamp":"2025-07-07T06:51:01.759Z","action":"READ","filename":"cq3","ip":"::1","success":true,"error":null}
{"timestamp":"2025-07-07T06:51:02.583Z","action":"READ","filename":"cq4","ip":"::1","success":true,"error":null}
{"timestamp":"2025-07-07T06:51:03.350Z","action":"READ","filename":"cq5","ip":"::1","success":true,"error":null}
{"timestamp":"2025-07-07T06:51:04.168Z","action":"READ","filename":"cq6","ip":"::1","success":true,"error":null}
{"timestamp":"2025-07-07T06:51:06.724Z","action":"READ","filename":"cq6","ip":"::1","success":true,"error":null}
{"timestamp":"2025-07-07T06:51:15.252Z","action":"READ","filename":"cq6","ip":"::1","success":true,"error":null}
{"timestamp":"2025-07-07T06:51:36.023Z","action":"READ","filename":"cq1","ip":"::1","success":true,"error":null}
{"timestamp":"2025-07-07T06:52:53.143Z","action":"READ","filename":"cq2","ip":"::1","success":true,"error":null}
{"timestamp":"2025-07-07T06:52:54.837Z","action":"READ","filename":"cq3","ip":"::1","success":true,"error":null}
{"timestamp":"2025-07-07T06:53:07.783Z","action":"READ","filename":"cq4","ip":"::1","success":true,"error":null}
{"timestamp":"2025-07-07T06:53:18.263Z","action":"READ","filename":"cq5","ip":"::1","success":true,"error":null}
{"timestamp":"2025-07-07T06:53:19.787Z","action":"READ","filename":"cq6","ip":"::1","success":true,"error":null}
{"timestamp":"2025-07-07T06:53:22.126Z","action":"READ","filename":"cq6","ip":"::1","success":true,"error":null}
{"timestamp":"2025-07-07T06:55:25.593Z","action":"READ","filename":"cq1","ip":"::1","success":true,"error":null}
{"timestamp":"2025-07-07T06:55:27.436Z","action":"READ","filename":"cq7","ip":"::1","success":true,"error":null}
{"timestamp":"2025-07-07T06:55:29.465Z","action":"READ","filename":"cq6","ip":"::1","success":true,"error":null}
{"timestamp":"2025-07-07T06:55:30.310Z","action":"READ","filename":"cq7","ip":"::1","success":true,"error":null}
{"timestamp":"2025-07-07T06:55:32.231Z","action":"READ","filename":"cq7","ip":"::1","success":true,"error":null}
{"timestamp":"2025-07-07T06:56:04.766Z","action":"READ","filename":"cq1","ip":"::1","success":true,"error":null}
{"timestamp":"2025-07-07T06:57:21.256Z","action":"READ","filename":"cq2","ip":"::1","success":true,"error":null}
{"timestamp":"2025-07-07T06:57:22.014Z","action":"READ","filename":"cq3","ip":"::1","success":true,"error":null}
{"timestamp":"2025-07-07T06:57:22.765Z","action":"READ","filename":"cq4","ip":"::1","success":true,"error":null}
{"timestamp":"2025-07-07T06:57:23.557Z","action":"READ","filename":"cq5","ip":"::1","success":true,"error":null}
{"timestamp":"2025-07-07T06:57:24.314Z","action":"READ","filename":"cq6","ip":"::1","success":true,"error":null}
{"timestamp":"2025-07-07T06:57:25.074Z","action":"READ","filename":"cq7","ip":"::1","success":true,"error":null}
{"timestamp":"2025-07-07T06:57:26.941Z","action":"READ","filename":"cq7","ip":"::1","success":true,"error":null}
{"timestamp":"2025-07-07T07:00:36.160Z","action":"READ","filename":"cq1","ip":"::1","success":true,"error":null}
{"timestamp":"2025-07-07T07:00:38.245Z","action":"READ","filename":"cq8","ip":"::1","success":true,"error":null}
{"timestamp":"2025-07-07T07:01:38.218Z","action":"READ","filename":"cq8","ip":"::1","success":true,"error":null}
{"timestamp":"2025-07-07T07:03:22.135Z","action":"READ","filename":"cq8","ip":"::1","success":true,"error":null}
{"timestamp":"2025-07-07T07:04:53.954Z","action":"READ","filename":"cq8","ip":"::1","success":true,"error":null}
{"timestamp":"2025-07-07T07:04:55.868Z","action":"READ","filename":"cq8","ip":"::1","success":true,"error":null}
{"timestamp":"2025-07-07T07:09:36.493Z","action":"READ","filename":"cq1","ip":"::1","success":true,"error":null}
{"timestamp":"2025-07-07T07:09:38.732Z","action":"READ","filename":"cq8","ip":"::1","success":true,"error":null}
{"timestamp":"2025-07-07T07:09:39.511Z","action":"READ","filename":"cq9","ip":"::1","success":true,"error":null}
{"timestamp":"2025-07-07T07:10:22.006Z","action":"READ","filename":"cq9","ip":"::1","success":true,"error":null}
{"timestamp":"2025-07-07T07:10:33.185Z","action":"READ","filename":"cq9","ip":"::1","success":true,"error":null}
{"timestamp":"2025-07-07T07:16:49.091Z","action":"READ","filename":"cq1","ip":"::1","success":true,"error":null}
{"timestamp":"2025-07-07T07:16:51.353Z","action":"READ","filename":"cq2","ip":"::1","success":true,"error":null}
{"timestamp":"2025-07-07T07:16:52.043Z","action":"READ","filename":"cq3","ip":"::1","success":true,"error":null}
{"timestamp":"2025-07-07T07:16:52.703Z","action":"READ","filename":"cq4","ip":"::1","success":true,"error":null}
{"timestamp":"2025-07-07T07:16:53.384Z","action":"READ","filename":"cq5","ip":"::1","success":true,"error":null}
{"timestamp":"2025-07-07T07:16:54.047Z","action":"READ","filename":"cq6","ip":"::1","success":true,"error":null}
{"timestamp":"2025-07-07T07:16:54.678Z","action":"READ","filename":"cq7","ip":"::1","success":true,"error":null}
{"timestamp":"2025-07-07T07:16:55.368Z","action":"READ","filename":"cq8","ip":"::1","success":true,"error":null}
{"timestamp":"2025-07-07T07:16:56.050Z","action":"READ","filename":"cq9","ip":"::1","success":true,"error":null}
{"timestamp":"2025-07-07T07:17:01.851Z","action":"READ","filename":"cq9","ip":"::1","success":true,"error":null}
{"timestamp":"2025-07-07T07:17:02.606Z","action":"READ","filename":"cq8","ip":"::1","success":true,"error":null}
{"timestamp":"2025-07-07T07:17:03.324Z","action":"READ","filename":"cq7","ip":"::1","success":true,"error":null}
{"timestamp":"2025-07-07T07:17:04.029Z","action":"READ","filename":"cq6","ip":"::1","success":true,"error":null}
{"timestamp":"2025-07-07T07:17:04.712Z","action":"READ","filename":"cq5","ip":"::1","success":true,"error":null}
{"timestamp":"2025-07-07T07:18:14.950Z","action":"READ","filename":"cq9","ip":"::1","success":true,"error":null}
{"timestamp":"2025-07-07T08:40:22.462Z","action":"READ","filename":"gongshui","ip":"::1","success":true,"error":null}
{"timestamp":"2025-07-07T08:40:24.275Z","action":"READ","filename":"sc","ip":"::1","success":true,"error":null}
{"timestamp":"2025-07-07T08:40:24.321Z","action":"SAVE","filename":"gongshui","ip":"::1","success":true,"error":null}
{"timestamp":"2025-07-07T08:40:24.341Z","action":"SAVE","filename":"sc2","ip":"::1","success":true,"error":null}
{"timestamp":"2025-07-07T08:40:26.178Z","action":"READ","filename":"sczaizhi","ip":"::1","success":true,"error":null}
{"timestamp":"2025-07-07T08:40:26.222Z","action":"SAVE","filename":"sc","ip":"::1","success":true,"error":null}
{"timestamp":"2025-07-07T08:40:28.546Z","action":"SAVE","filename":"sczaizhi","ip":"::1","success":true,"error":null}
{"timestamp":"2025-07-07T08:40:34.801Z","action":"READ","filename":"sczaizhi","ip":"::1","success":true,"error":null}
{"timestamp":"2025-07-07T08:40:37.578Z","action":"READ","filename":"sclizhi","ip":"::1","success":true,"error":null}
{"timestamp":"2025-07-07T08:40:37.613Z","action":"SAVE","filename":"sczaizhi","ip":"::1","success":true,"error":null}
{"timestamp":"2025-07-07T08:40:38.054Z","action":"READ","filename":"wsczaizhi","ip":"::1","success":true,"error":null}
{"timestamp":"2025-07-07T08:40:38.086Z","action":"SAVE","filename":"sclizhi","ip":"::1","success":true,"error":null}
{"timestamp":"2025-07-07T08:40:38.509Z","action":"READ","filename":"wsclizhi","ip":"::1","success":true,"error":null}
{"timestamp":"2025-07-07T08:40:38.550Z","action":"SAVE","filename":"wsczaizhi","ip":"::1","success":true,"error":null}
{"timestamp":"2025-07-07T08:40:39.203Z","action":"READ","filename":"sczaizhi","ip":"::1","success":true,"error":null}
{"timestamp":"2025-07-07T08:40:39.245Z","action":"SAVE","filename":"wsclizhi","ip":"::1","success":true,"error":null}
{"timestamp":"2025-07-07T08:43:06.800Z","action":"READ","filename":"sclizhi","ip":"::1","success":true,"error":null}
{"timestamp":"2025-07-07T08:59:57.848Z","action":"READ","filename":"cq2","ip":"::1","success":true,"error":null}
{"timestamp":"2025-07-07T08:59:58.594Z","action":"READ","filename":"cq2","ip":"::1","success":true,"error":null}
{"timestamp":"2025-07-07T09:01:11.725Z","action":"READ","filename":"cq2","ip":"::1","success":true,"error":null}
{"timestamp":"2025-07-07T09:02:39.229Z","action":"READ","filename":"cq2","ip":"::1","success":true,"error":null}
{"timestamp":"2025-07-07T09:02:39.256Z","action":"SAVE","filename":"cq2","ip":"::1","success":true,"error":null}
{"timestamp":"2025-07-07T09:02:50.595Z","action":"SAVE","filename":"cq2","ip":"::1","success":true,"error":null}
{"timestamp":"2025-07-07T09:02:51.608Z","action":"READ","filename":"cq2","ip":"::1","success":true,"error":null}
{"timestamp":"2025-07-07T09:02:52.015Z","action":"SAVE","filename":"cq2","ip":"::1","success":true,"error":null}
{"timestamp":"2025-07-07T09:02:52.599Z","action":"READ","filename":"cq2","ip":"::1","success":true,"error":null}
{"timestamp":"2025-07-07T09:02:52.899Z","action":"SAVE","filename":"cq2","ip":"::1","success":true,"error":null}
{"timestamp":"2025-07-07T09:03:48.191Z","action":"READ","filename":"cq3","ip":"::1","success":true,"error":null}
{"timestamp":"2025-07-07T09:03:48.478Z","action":"READ","filename":"cq4","ip":"::1","success":true,"error":null}
{"timestamp":"2025-07-07T09:03:48.891Z","action":"READ","filename":"cq3","ip":"::1","success":true,"error":null}
{"timestamp":"2025-07-07T09:03:49.185Z","action":"READ","filename":"cq2","ip":"::1","success":true,"error":null}
{"timestamp":"2025-07-07T09:03:49.499Z","action":"SAVE","filename":"cq2","ip":"::1","success":true,"error":null}
{"timestamp":"2025-07-07T09:03:49.871Z","action":"READ","filename":"cq2","ip":"::1","success":true,"error":null}
{"timestamp":"2025-07-07T09:03:50.147Z","action":"READ","filename":"cq3","ip":"::1","success":true,"error":null}
{"timestamp":"2025-07-07T09:03:50.165Z","action":"SAVE","filename":"cq2","ip":"::1","success":true,"error":null}
{"timestamp":"2025-07-07T09:04:44.948Z","action":"READ","filename":"cq2","ip":"::1","success":true,"error":null}
{"timestamp":"2025-07-07T09:04:45.414Z","action":"SAVE","filename":"cq2","ip":"::1","success":true,"error":null}
{"timestamp":"2025-07-07T09:04:46.022Z","action":"READ","filename":"cq2","ip":"::1","success":true,"error":null}
{"timestamp":"2025-07-07T09:04:46.334Z","action":"READ","filename":"cq3","ip":"::1","success":true,"error":null}
{"timestamp":"2025-07-07T09:04:46.351Z","action":"SAVE","filename":"cq2","ip":"::1","success":true,"error":null}
{"timestamp":"2025-07-07T09:05:13.883Z","action":"READ","filename":"cq2","ip":"::1","success":true,"error":null}
{"timestamp":"2025-07-07T09:05:14.366Z","action":"READ","filename":"cq3","ip":"::1","success":true,"error":null}
{"timestamp":"2025-07-07T09:05:14.379Z","action":"SAVE","filename":"cq2","ip":"::1","success":true,"error":null}
{"timestamp":"2025-07-07T09:05:14.770Z","action":"READ","filename":"cq2","ip":"::1","success":true,"error":null}
{"timestamp":"2025-07-07T09:05:15.224Z","action":"SAVE","filename":"cq2","ip":"::1","success":true,"error":null}
{"timestamp":"2025-07-07T09:05:15.688Z","action":"READ","filename":"cq2","ip":"::1","success":true,"error":null}
{"timestamp":"2025-07-07T09:05:24.930Z","action":"SAVE","filename":"cq2","ip":"::1","success":true,"error":null}
{"timestamp":"2025-07-07T09:05:25.370Z","action":"READ","filename":"cq2","ip":"::1","success":true,"error":null}
{"timestamp":"2025-07-07T09:05:26.011Z","action":"READ","filename":"cq3","ip":"::1","success":true,"error":null}
{"timestamp":"2025-07-07T09:05:26.026Z","action":"SAVE","filename":"cq2","ip":"::1","success":true,"error":null}
{"timestamp":"2025-07-07T09:10:53.268Z","action":"READ","filename":"cq3","ip":"::1","success":true,"error":null}
{"timestamp":"2025-07-07T09:10:57.868Z","action":"READ","filename":"cq4","ip":"::1","success":true,"error":null}
{"timestamp":"2025-07-07T09:11:00.765Z","action":"READ","filename":"cq5","ip":"::1","success":true,"error":null}
{"timestamp":"2025-07-07T09:11:01.258Z","action":"READ","filename":"cq6","ip":"::1","success":true,"error":null}
{"timestamp":"2025-07-07T09:11:01.658Z","action":"READ","filename":"cq7","ip":"::1","success":true,"error":null}
{"timestamp":"2025-07-07T09:11:02.681Z","action":"READ","filename":"cq8","ip":"::1","success":true,"error":null}
{"timestamp":"2025-07-07T09:11:03.447Z","action":"READ","filename":"cq7","ip":"::1","success":true,"error":null}
{"timestamp":"2025-07-07T09:11:06.224Z","action":"READ","filename":"cq3","ip":"::1","success":true,"error":null}
{"timestamp":"2025-07-07T09:11:07.486Z","action":"READ","filename":"cq4","ip":"::1","success":true,"error":null}
{"timestamp":"2025-07-07T09:11:14.318Z","action":"READ","filename":"cq3","ip":"::1","success":true,"error":null}
{"timestamp":"2025-07-07T09:11:15.181Z","action":"READ","filename":"cq4","ip":"::1","success":true,"error":null}
{"timestamp":"2025-07-07T09:12:28.096Z","action":"READ","filename":"cq4","ip":"::1","success":true,"error":null}
{"timestamp":"2025-07-07T09:12:29.883Z","action":"READ","filename":"cq5","ip":"::1","success":true,"error":null}
{"timestamp":"2025-07-07T09:13:16.147Z","action":"READ","filename":"cq5","ip":"::1","success":true,"error":null}
{"timestamp":"2025-07-07T09:13:19.300Z","action":"READ","filename":"cq6","ip":"::1","success":true,"error":null}
{"timestamp":"2025-07-07T09:13:22.258Z","action":"READ","filename":"cq5","ip":"::1","success":true,"error":null}
{"timestamp":"2025-07-07T09:13:22.842Z","action":"READ","filename":"cq6","ip":"::1","success":true,"error":null}
{"timestamp":"2025-07-07T09:14:45.655Z","action":"READ","filename":"cq2","ip":"::1","success":true,"error":null}
{"timestamp":"2025-07-07T09:14:46.033Z","action":"READ","filename":"cq3","ip":"::1","success":true,"error":null}
{"timestamp":"2025-07-07T09:14:46.079Z","action":"SAVE","filename":"cq2","ip":"::1","success":true,"error":null}
{"timestamp":"2025-07-07T09:14:46.390Z","action":"READ","filename":"cq4","ip":"::1","success":true,"error":null}
{"timestamp":"2025-07-07T09:14:46.875Z","action":"READ","filename":"cq5","ip":"::1","success":true,"error":null}
{"timestamp":"2025-07-07T09:14:47.475Z","action":"READ","filename":"cq6","ip":"::1","success":true,"error":null}
{"timestamp":"2025-07-07T09:14:48.180Z","action":"READ","filename":"cq5","ip":"::1","success":true,"error":null}
{"timestamp":"2025-07-07T09:14:49.752Z","action":"READ","filename":"cq6","ip":"::1","success":true,"error":null}
{"timestamp":"2025-07-07T09:14:50.307Z","action":"READ","filename":"cq5","ip":"::1","success":true,"error":null}
{"timestamp":"2025-07-07T09:14:50.677Z","action":"READ","filename":"cq6","ip":"::1","success":true,"error":null}
{"timestamp":"2025-07-07T09:14:50.958Z","action":"READ","filename":"cq7","ip":"::1","success":true,"error":null}
{"timestamp":"2025-07-07T09:14:51.311Z","action":"READ","filename":"cq8","ip":"::1","success":true,"error":null}
{"timestamp":"2025-07-07T09:14:51.681Z","action":"READ","filename":"cq9","ip":"::1","success":true,"error":null}
{"timestamp":"2025-07-07T09:14:52.451Z","action":"READ","filename":"cq8","ip":"::1","success":true,"error":null}
{"timestamp":"2025-07-07T09:14:52.777Z","action":"READ","filename":"cq7","ip":"::1","success":true,"error":null}
{"timestamp":"2025-07-07T09:14:53.232Z","action":"READ","filename":"cq6","ip":"::1","success":true,"error":null}
{"timestamp":"2025-07-07T09:14:53.620Z","action":"READ","filename":"cq5","ip":"::1","success":true,"error":null}
{"timestamp":"2025-07-07T09:14:54.132Z","action":"READ","filename":"cq6","ip":"::1","success":true,"error":null}
{"timestamp":"2025-07-07T09:14:54.478Z","action":"READ","filename":"cq7","ip":"::1","success":true,"error":null}
{"timestamp":"2025-07-07T09:14:54.825Z","action":"READ","filename":"cq8","ip":"::1","success":true,"error":null}
{"timestamp":"2025-07-07T09:14:55.503Z","action":"READ","filename":"cq9","ip":"::1","success":true,"error":null}
{"timestamp":"2025-07-07T09:14:57.691Z","action":"READ","filename":"cq9","ip":"::1","success":true,"error":null}
{"timestamp":"2025-07-07T09:14:58.425Z","action":"READ","filename":"cq6","ip":"::1","success":true,"error":null}
{"timestamp":"2025-07-07T09:14:59.025Z","action":"READ","filename":"cq5","ip":"::1","success":true,"error":null}
{"timestamp":"2025-07-07T09:14:59.340Z","action":"READ","filename":"cq4","ip":"::1","success":true,"error":null}
{"timestamp":"2025-07-07T09:14:59.672Z","action":"READ","filename":"cq3","ip":"::1","success":true,"error":null}
{"timestamp":"2025-07-07T09:14:59.945Z","action":"READ","filename":"cq2","ip":"::1","success":true,"error":null}
{"timestamp":"2025-07-07T09:15:00.291Z","action":"SAVE","filename":"cq2","ip":"::1","success":true,"error":null}
{"timestamp":"2025-07-07T09:15:00.612Z","action":"READ","filename":"cq2","ip":"::1","success":true,"error":null}
{"timestamp":"2025-07-07T09:15:00.888Z","action":"READ","filename":"cq3","ip":"::1","success":true,"error":null}
{"timestamp":"2025-07-07T09:15:00.964Z","action":"SAVE","filename":"cq2","ip":"::1","success":true,"error":null}
{"timestamp":"2025-07-07T09:15:01.194Z","action":"READ","filename":"cq4","ip":"::1","success":true,"error":null}
{"timestamp":"2025-07-07T09:15:01.525Z","action":"READ","filename":"cq5","ip":"::1","success":true,"error":null}
{"timestamp":"2025-07-07T09:15:02.207Z","action":"READ","filename":"cq6","ip":"::1","success":true,"error":null}
{"timestamp":"2025-07-07T09:15:02.552Z","action":"READ","filename":"cq7","ip":"::1","success":true,"error":null}
{"timestamp":"2025-07-07T09:15:02.879Z","action":"READ","filename":"cq8","ip":"::1","success":true,"error":null}
{"timestamp":"2025-07-07T09:15:03.207Z","action":"READ","filename":"cq9","ip":"::1","success":true,"error":null}
{"timestamp":"2025-07-07T09:16:00.235Z","action":"READ","filename":"gongshui","ip":"::1","success":true,"error":null}
{"timestamp":"2025-07-07T09:16:05.161Z","action":"READ","filename":"sc","ip":"::1","success":true,"error":null}
{"timestamp":"2025-07-07T09:16:05.185Z","action":"SAVE","filename":"gongshui","ip":"::1","success":true,"error":null}
{"timestamp":"2025-07-07T09:16:05.199Z","action":"SAVE","filename":"sc2","ip":"::1","success":true,"error":null}
{"timestamp":"2025-07-07T09:19:07.445Z","action":"READ","filename":"wsc","ip":"::1","success":true,"error":null}
{"timestamp":"2025-07-07T09:19:07.497Z","action":"SAVE","filename":"sc","ip":"::1","success":true,"error":null}
{"timestamp":"2025-07-07T09:19:08.416Z","action":"READ","filename":"sc","ip":"::1","success":true,"error":null}
{"timestamp":"2025-07-07T09:19:08.459Z","action":"SAVE","filename":"wsc","ip":"::1","success":true,"error":null}
{"timestamp":"2025-07-07T09:19:08.474Z","action":"SAVE","filename":"sc2","ip":"::1","success":true,"error":null}
{"timestamp":"2025-07-07T09:19:18.689Z","action":"SAVE","filename":"sc","ip":"::1","success":true,"error":null}
{"timestamp":"2025-07-07T09:19:19.583Z","action":"READ","filename":"gongshui","ip":"::1","success":true,"error":null}
{"timestamp":"2025-07-07T09:19:28.645Z","action":"READ","filename":"completionStatus","ip":"::1","success":true,"error":null}
{"timestamp":"2025-07-07T09:19:28.672Z","action":"SAVE","filename":"gongshui","ip":"::1","success":true,"error":null}
{"timestamp":"2025-07-07T09:19:31.956Z","action":"READ","filename":"gongshui","ip":"::1","success":true,"error":null}
{"timestamp":"2025-07-07T09:19:32.012Z","action":"SAVE","filename":"completionStatus","ip":"::1","success":true,"error":null}
{"timestamp":"2025-07-07T09:19:39.103Z","action":"READ","filename":"zlda","ip":"::1","success":true,"error":null}
{"timestamp":"2025-07-07T09:19:39.141Z","action":"SAVE","filename":"gongshui","ip":"::1","success":true,"error":null}
{"timestamp":"2025-07-07T09:23:10.284Z","action":"READ","filename":"zlda","ip":"::1","success":true,"error":null}
{"timestamp":"2025-07-07T09:24:29.880Z","action":"READ","filename":"tree","ip":"::1","success":true,"error":null}
{"timestamp":"2025-07-07T09:24:29.936Z","action":"SAVE","filename":"zlda","ip":"::1","success":true,"error":null}
{"timestamp":"2025-07-07T09:24:34.717Z","action":"SAVE","filename":"tree","ip":"::1","success":true,"error":null}
{"timestamp":"2025-07-07T09:31:49.360Z","action":"READ","filename":"cq2","ip":"::1","success":true,"error":null}
{"timestamp":"2025-07-07T09:31:49.943Z","action":"READ","filename":"cq3","ip":"::1","success":true,"error":null}
{"timestamp":"2025-07-07T09:31:49.964Z","action":"SAVE","filename":"cq2","ip":"::1","success":true,"error":null}
{"timestamp":"2025-07-07T09:31:50.911Z","action":"READ","filename":"cq4","ip":"::1","success":true,"error":null}
{"timestamp":"2025-07-07T09:32:50.234Z","action":"READ","filename":"gongshui","ip":"::1","success":true,"error":null}
{"timestamp":"2025-07-07T09:32:52.122Z","action":"READ","filename":"sc","ip":"::1","success":true,"error":null}
{"timestamp":"2025-07-07T09:32:52.172Z","action":"SAVE","filename":"gongshui","ip":"::1","success":true,"error":null}
{"timestamp":"2025-07-07T09:32:52.190Z","action":"SAVE","filename":"sc2","ip":"::1","success":true,"error":null}
{"timestamp":"2025-07-07T09:32:53.595Z","action":"SAVE","filename":"sc","ip":"::1","success":true,"error":null}
{"timestamp":"2025-07-07T09:33:04.249Z","action":"READ","filename":"jygl","ip":"::1","success":true,"error":null}
{"timestamp":"2025-07-07T09:33:08.192Z","action":"READ","filename":"jygl","ip":"::1","success":true,"error":null}
{"timestamp":"2025-07-07T09:33:22.588Z","action":"READ","filename":"xiangmujx","ip":"::1","success":true,"error":null}
{"timestamp":"2025-07-07T09:33:35.657Z","action":"READ","filename":"xiangmujx","ip":"::1","success":true,"error":null}
{"timestamp":"2025-07-07T09:34:28.888Z","action":"READ","filename":"zlda","ip":"::1","success":true,"error":null}
{"timestamp":"2025-07-07T09:34:33.615Z","action":"READ","filename":"tree","ip":"::1","success":true,"error":null}
{"timestamp":"2025-07-07T09:34:33.658Z","action":"SAVE","filename":"zlda","ip":"::1","success":true,"error":null}
{"timestamp":"2025-07-07T09:34:37.666Z","action":"SAVE","filename":"tree","ip":"::1","success":true,"error":null}
{"timestamp":"2025-07-07T09:35:56.996Z","action":"READ","filename":"test8","ip":"::1","success":true,"error":null}
{"timestamp":"2025-07-07T09:36:08.843Z","action":"READ","filename":"gongshui","ip":"::1","success":true,"error":null}
{"timestamp":"2025-07-07T09:36:16.657Z","action":"SAVE","filename":"gongshui","ip":"::1","success":true,"error":null}
{"timestamp":"2025-07-07T09:36:56.618Z","action":"READ","filename":"completionStatus","ip":"::1","success":true,"error":null}
{"timestamp":"2025-07-07T09:36:56.633Z","action":"SAVE","filename":"gongshui","ip":"::1","success":true,"error":null}
{"timestamp":"2025-07-07T09:36:56.895Z","action":"READ","filename":"gongshui","ip":"::1","success":true,"error":null}
{"timestamp":"2025-07-07T09:36:56.919Z","action":"SAVE","filename":"completionStatus","ip":"::1","success":true,"error":null}
{"timestamp":"2025-07-07T09:40:28.286Z","action":"READ","filename":"jygl","ip":"::1","success":true,"error":null}
{"timestamp":"2025-07-07T09:40:53.109Z","action":"READ","filename":"gongshui","ip":"::1","success":true,"error":null}
{"timestamp":"2025-07-07T09:40:53.767Z","action":"SAVE","filename":"gongshui","ip":"::1","success":true,"error":null}
{"timestamp":"2025-07-07T09:40:54.750Z","action":"READ","filename":"sc","ip":"::1","success":true,"error":null}
{"timestamp":"2025-07-07T09:40:54.801Z","action":"SAVE","filename":"sc2","ip":"::1","success":true,"error":null}
{"timestamp":"2025-07-07T09:41:05.923Z","action":"SAVE","filename":"sc","ip":"::1","success":true,"error":null}
{"timestamp":"2025-07-07T09:41:42.592Z","action":"READ","filename":"gongshui","ip":"::1","success":true,"error":null}
{"timestamp":"2025-07-07T09:41:43.547Z","action":"READ","filename":"sc","ip":"::1","success":true,"error":null}
{"timestamp":"2025-07-07T09:41:43.571Z","action":"SAVE","filename":"gongshui","ip":"::1","success":true,"error":null}
{"timestamp":"2025-07-07T09:41:43.584Z","action":"SAVE","filename":"sc2","ip":"::1","success":true,"error":null}
{"timestamp":"2025-07-07T09:41:46.357Z","action":"READ","filename":"wsc","ip":"::1","success":true,"error":null}
{"timestamp":"2025-07-07T09:41:46.401Z","action":"SAVE","filename":"sc","ip":"::1","success":true,"error":null}
{"timestamp":"2025-07-07T09:41:46.945Z","action":"READ","filename":"sc","ip":"::1","success":true,"error":null}
{"timestamp":"2025-07-07T09:41:46.984Z","action":"SAVE","filename":"wsc","ip":"::1","success":true,"error":null}
{"timestamp":"2025-07-07T09:41:46.999Z","action":"SAVE","filename":"sc2","ip":"::1","success":true,"error":null}
{"timestamp":"2025-07-07T09:41:47.420Z","action":"READ","filename":"wsc","ip":"::1","success":true,"error":null}
{"timestamp":"2025-07-07T09:41:47.459Z","action":"SAVE","filename":"sc","ip":"::1","success":true,"error":null}
{"timestamp":"2025-07-07T09:41:47.815Z","action":"READ","filename":"sc","ip":"::1","success":true,"error":null}
{"timestamp":"2025-07-07T09:41:47.851Z","action":"SAVE","filename":"wsc","ip":"::1","success":true,"error":null}
{"timestamp":"2025-07-07T09:41:47.863Z","action":"SAVE","filename":"sc2","ip":"::1","success":true,"error":null}
{"timestamp":"2025-07-07T09:42:17.994Z","action":"SAVE","filename":"sc","ip":"::1","success":true,"error":null}
{"timestamp":"2025-07-07T09:42:31.637Z","action":"READ","filename":"gongshui","ip":"::1","success":true,"error":null}
{"timestamp":"2025-07-07T09:43:51.545Z","action":"READ","filename":"gongshui","ip":"::1","success":true,"error":null}
{"timestamp":"2025-07-07T09:44:48.642Z","action":"READ","filename":"gongshui","ip":"::1","success":true,"error":null}
{"timestamp":"2025-07-07T09:45:57.590Z","action":"READ","filename":"gongshui","ip":"::1","success":true,"error":null}
{"timestamp":"2025-07-07T09:46:59.541Z","action":"READ","filename":"completionStatus","ip":"::1","success":true,"error":null}
{"timestamp":"2025-07-07T09:47:00.992Z","action":"READ","filename":"gongshui","ip":"::1","success":true,"error":null}
{"timestamp":"2025-07-07T09:47:01.035Z","action":"SAVE","filename":"completionStatus","ip":"::1","success":true,"error":null}
{"timestamp":"2025-07-07T09:47:01.546Z","action":"READ","filename":"completionStatus","ip":"::1","success":true,"error":null}
{"timestamp":"2025-07-07T09:47:01.948Z","action":"READ","filename":"gongshui","ip":"::1","success":true,"error":null}
{"timestamp":"2025-07-07T09:47:01.990Z","action":"SAVE","filename":"completionStatus","ip":"::1","success":true,"error":null}
{"timestamp":"2025-07-07T09:47:02.876Z","action":"READ","filename":"completionStatus","ip":"::1","success":true,"error":null}
{"timestamp":"2025-07-07T09:49:17.376Z","action":"READ","filename":"sc","ip":"::1","success":true,"error":null}
{"timestamp":"2025-07-07T09:49:17.427Z","action":"SAVE","filename":"sc2","ip":"::1","success":true,"error":null}
{"timestamp":"2025-07-07T09:49:24.068Z","action":"READ","filename":"gongshui","ip":"::1","success":true,"error":null}
{"timestamp":"2025-07-07T09:49:24.105Z","action":"SAVE","filename":"sc","ip":"::1","success":true,"error":null}
{"timestamp":"2025-07-07T09:49:27.856Z","action":"READ","filename":"sc","ip":"::1","success":true,"error":null}
{"timestamp":"2025-07-07T09:49:27.910Z","action":"SAVE","filename":"sc2","ip":"::1","success":true,"error":null}
{"timestamp":"2025-07-07T09:49:28.313Z","action":"READ","filename":"gongshui","ip":"::1","success":true,"error":null}
{"timestamp":"2025-07-07T09:49:28.348Z","action":"SAVE","filename":"sc","ip":"::1","success":true,"error":null}
{"timestamp":"2025-07-07T09:49:30.980Z","action":"READ","filename":"completionStatus","ip":"::1","success":true,"error":null}
{"timestamp":"2025-07-07T09:50:12.846Z","action":"READ","filename":"completionStatus","ip":"::1","success":true,"error":null}
{"timestamp":"2025-07-07T09:50:12.864Z","action":"SAVE","filename":"completionStatus","ip":"::1","success":true,"error":null}
{"timestamp":"2025-07-07T09:50:32.558Z","action":"READ","filename":"completionStatus","ip":"::1","success":true,"error":null}
{"timestamp":"2025-07-07T09:50:32.580Z","action":"SAVE","filename":"completionStatus","ip":"::1","success":true,"error":null}
{"timestamp":"2025-07-07T09:50:40.337Z","action":"READ","filename":"sc","ip":"::1","success":true,"error":null}
{"timestamp":"2025-07-07T09:50:40.376Z","action":"SAVE","filename":"completionStatus","ip":"::1","success":true,"error":null}
{"timestamp":"2025-07-07T09:50:40.390Z","action":"SAVE","filename":"sc2","ip":"::1","success":true,"error":null}
{"timestamp":"2025-07-07T09:50:45.962Z","action":"SAVE","filename":"sc","ip":"::1","success":true,"error":null}
{"timestamp":"2025-07-07T09:50:51.279Z","action":"READ","filename":"sc","ip":"::1","success":true,"error":null}
{"timestamp":"2025-07-07T09:50:51.332Z","action":"SAVE","filename":"sc2","ip":"::1","success":true,"error":null}
{"timestamp":"2025-07-07T09:50:53.643Z","action":"READ","filename":"wsc","ip":"::1","success":true,"error":null}
{"timestamp":"2025-07-07T09:50:53.679Z","action":"SAVE","filename":"sc","ip":"::1","success":true,"error":null}
{"timestamp":"2025-07-07T09:50:54.579Z","action":"READ","filename":"sc","ip":"::1","success":true,"error":null}
{"timestamp":"2025-07-07T09:50:54.626Z","action":"SAVE","filename":"wsc","ip":"::1","success":true,"error":null}
{"timestamp":"2025-07-07T09:50:54.637Z","action":"SAVE","filename":"sc2","ip":"::1","success":true,"error":null}
{"timestamp":"2025-07-07T09:50:55.070Z","action":"READ","filename":"wsc","ip":"::1","success":true,"error":null}
{"timestamp":"2025-07-07T09:50:55.105Z","action":"SAVE","filename":"sc","ip":"::1","success":true,"error":null}
{"timestamp":"2025-07-07T09:50:55.730Z","action":"READ","filename":"sc","ip":"::1","success":true,"error":null}
{"timestamp":"2025-07-07T09:50:55.764Z","action":"SAVE","filename":"wsc","ip":"::1","success":true,"error":null}
{"timestamp":"2025-07-07T09:50:55.774Z","action":"SAVE","filename":"sc2","ip":"::1","success":true,"error":null}
{"timestamp":"2025-07-07T09:53:37.014Z","action":"READ","filename":"gongshui","ip":"::1","success":true,"error":null}
{"timestamp":"2025-07-07T09:53:47.678Z","action":"READ","filename":"gongshui","ip":"::1","success":true,"error":null}
{"timestamp":"2025-07-07T09:53:49.323Z","action":"READ","filename":"sc","ip":"::1","success":true,"error":null}
{"timestamp":"2025-07-07T09:54:27.155Z","action":"READ","filename":"sc","ip":"::1","success":true,"error":null}
{"timestamp":"2025-07-07T09:54:27.180Z","action":"SAVE","filename":"sc","ip":"::1","success":true,"error":null}
{"timestamp":"2025-07-07T09:55:07.823Z","action":"READ","filename":"sc","ip":"::1","success":true,"error":null}
{"timestamp":"2025-07-07T09:55:07.873Z","action":"SAVE","filename":"sc","ip":"::1","success":true,"error":null}
{"timestamp":"2025-07-07T09:55:17.903Z","action":"READ","filename":"wsc","ip":"::1","success":true,"error":null}
{"timestamp":"2025-07-07T09:55:17.924Z","action":"SAVE","filename":"sc","ip":"::1","success":true,"error":null}
{"timestamp":"2025-07-07T09:55:19.986Z","action":"READ","filename":"sc","ip":"::1","success":true,"error":null}
{"timestamp":"2025-07-07T09:55:20.010Z","action":"SAVE","filename":"wsc","ip":"::1","success":true,"error":null}
{"timestamp":"2025-07-07T09:55:20.374Z","action":"READ","filename":"wsc","ip":"::1","success":true,"error":null}
{"timestamp":"2025-07-07T09:55:20.394Z","action":"SAVE","filename":"sc","ip":"::1","success":true,"error":null}
{"timestamp":"2025-07-07T09:55:48.965Z","action":"READ","filename":"sc","ip":"::1","success":true,"error":null}
{"timestamp":"2025-07-07T09:55:48.990Z","action":"SAVE","filename":"wsc","ip":"::1","success":true,"error":null}
{"timestamp":"2025-07-07T09:55:49.812Z","action":"READ","filename":"wsc","ip":"::1","success":true,"error":null}
{"timestamp":"2025-07-07T09:55:50.191Z","action":"READ","filename":"sc","ip":"::1","success":true,"error":null}
{"timestamp":"2025-07-07T09:55:50.216Z","action":"SAVE","filename":"wsc","ip":"::1","success":true,"error":null}
{"timestamp":"2025-07-07T09:55:58.303Z","action":"READ","filename":"wsc","ip":"::1","success":true,"error":null}
{"timestamp":"2025-07-07T09:55:58.951Z","action":"READ","filename":"sc","ip":"::1","success":true,"error":null}
{"timestamp":"2025-07-07T09:55:58.979Z","action":"SAVE","filename":"wsc","ip":"::1","success":true,"error":null}
{"timestamp":"2025-07-07T09:56:00.084Z","action":"READ","filename":"wsc","ip":"::1","success":true,"error":null}
{"timestamp":"2025-07-07T09:56:00.426Z","action":"READ","filename":"sc","ip":"::1","success":true,"error":null}
{"timestamp":"2025-07-07T09:56:00.454Z","action":"SAVE","filename":"wsc","ip":"::1","success":true,"error":null}
{"timestamp":"2025-07-07T09:58:26.379Z","action":"READ","filename":"gongshui","ip":"::1","success":true,"error":null}
{"timestamp":"2025-07-07T09:58:29.774Z","action":"READ","filename":"sc","ip":"::1","success":true,"error":null}
{"timestamp":"2025-07-07T09:58:32.209Z","action":"READ","filename":"wsc","ip":"::1","success":true,"error":null}
{"timestamp":"2025-07-07T09:59:16.921Z","action":"READ","filename":"wsc","ip":"::1","success":true,"error":null}
{"timestamp":"2025-07-07T09:59:16.948Z","action":"SAVE","filename":"wsc","ip":"::1","success":true,"error":null}
{"timestamp":"2025-07-07T10:00:12.301Z","action":"READ","filename":"income","ip":"::1","success":true,"error":null}
{"timestamp":"2025-07-07T10:00:12.308Z","action":"READ","filename":"income_detail","ip":"::1","success":true,"error":null}
{"timestamp":"2025-07-07T10:00:12.924Z","action":"SAVE","filename":"income","ip":"::1","success":true,"error":null}
{"timestamp":"2025-07-07T10:00:12.963Z","action":"SAVE","filename":"income_detail","ip":"::1","success":true,"error":null}
{"timestamp":"2025-07-07T10:00:18.796Z","action":"READ","filename":"income","ip":"::1","success":true,"error":null}
{"timestamp":"2025-07-07T10:00:18.797Z","action":"READ","filename":"income_detail","ip":"::1","success":true,"error":null}
{"timestamp":"2025-07-07T10:00:25.828Z","action":"SAVE","filename":"income","ip":"::1","success":true,"error":null}
{"timestamp":"2025-07-07T10:00:25.869Z","action":"SAVE","filename":"income_detail","ip":"::1","success":true,"error":null}
{"timestamp":"2025-07-07T10:00:29.886Z","action":"READ","filename":"disburse","ip":"::1","success":true,"error":null}
{"timestamp":"2025-07-07T10:00:29.893Z","action":"READ","filename":"disburse_detail","ip":"::1","success":true,"error":null}
{"timestamp":"2025-07-07T10:00:31.857Z","action":"SAVE","filename":"disburse","ip":"::1","success":true,"error":null}
{"timestamp":"2025-07-07T10:00:31.907Z","action":"SAVE","filename":"disburse_detail","ip":"::1","success":true,"error":null}
{"timestamp":"2025-07-07T10:00:35.347Z","action":"READ","filename":"jygl","ip":"::1","success":true,"error":null}
