{"timestamp":"2025-07-03T11:20:37.820Z","action":"READ","filename":"jygl","ip":"::1","success":true,"error":null}
{"timestamp":"2025-07-03T11:20:38.179Z","action":"READ","filename":"jygl","ip":"::1","success":true,"error":null}
{"timestamp":"2025-07-03T11:20:38.572Z","action":"READ","filename":"jygl","ip":"::1","success":true,"error":null}
{"timestamp":"2025-07-03T11:21:24.585Z","action":"READ","filename":"xiangmujx","ip":"::1","success":true,"error":null}
{"timestamp":"2025-07-03T11:31:08.480Z","action":"READ","filename":"test8","ip":"::1","success":true,"error":null}
{"timestamp":"2025-07-03T11:32:29.349Z","action":"READ","filename":"xiangmujx","ip":"::1","success":true,"error":null}
{"timestamp":"2025-07-03T12:09:32.681Z","action":"READ","filename":"tree","ip":"::1","success":true,"error":null}
{"timestamp":"2025-07-03T12:09:34.296Z","action":"SAVE","filename":"tree","ip":"::1","success":true,"error":null}
{"timestamp":"2025-07-03T12:10:24.964Z","action":"READ","filename":"disburse_detail","ip":"::1","success":true,"error":null}
{"timestamp":"2025-07-03T12:10:24.964Z","action":"READ","filename":"disburse","ip":"::1","success":true,"error":null}
{"timestamp":"2025-07-03T12:10:32.444Z","action":"SAVE","filename":"disburse","ip":"::1","success":true,"error":null}
{"timestamp":"2025-07-03T12:10:32.473Z","action":"SAVE","filename":"disburse_detail","ip":"::1","success":true,"error":null}
{"timestamp":"2025-07-03T12:10:35.200Z","action":"READ","filename":"disburse","ip":"::1","success":true,"error":null}
{"timestamp":"2025-07-03T12:10:35.202Z","action":"READ","filename":"disburse_detail","ip":"::1","success":true,"error":null}
{"timestamp":"2025-07-03T12:10:57.964Z","action":"SAVE","filename":"disburse","ip":"::1","success":true,"error":null}
{"timestamp":"2025-07-03T12:10:57.993Z","action":"SAVE","filename":"disburse_detail","ip":"::1","success":true,"error":null}
{"timestamp":"2025-07-03T12:11:07.402Z","action":"SAVE","filename":"disburse","ip":"::1","success":true,"error":null}
{"timestamp":"2025-07-03T12:11:07.433Z","action":"SAVE","filename":"disburse_detail","ip":"::1","success":true,"error":null}
{"timestamp":"2025-07-03T12:11:08.100Z","action":"READ","filename":"disburse","ip":"::1","success":true,"error":null}
{"timestamp":"2025-07-03T12:11:08.100Z","action":"READ","filename":"disburse_detail","ip":"::1","success":true,"error":null}
{"timestamp":"2025-07-03T12:11:38.272Z","action":"SAVE","filename":"disburse","ip":"::1","success":true,"error":null}
{"timestamp":"2025-07-03T12:11:38.293Z","action":"SAVE","filename":"disburse_detail","ip":"::1","success":true,"error":null}
{"timestamp":"2025-07-03T12:11:39.188Z","action":"READ","filename":"disburse_detail","ip":"::1","success":true,"error":null}
{"timestamp":"2025-07-03T12:11:39.188Z","action":"READ","filename":"disburse","ip":"::1","success":true,"error":null}
{"timestamp":"2025-07-03T12:12:16.926Z","action":"SAVE","filename":"disburse","ip":"::1","success":true,"error":null}
{"timestamp":"2025-07-03T12:12:16.954Z","action":"SAVE","filename":"disburse_detail","ip":"::1","success":true,"error":null}
{"timestamp":"2025-07-03T12:13:00.883Z","action":"SAVE","filename":"disburse","ip":"::1","success":true,"error":null}
{"timestamp":"2025-07-03T12:13:00.937Z","action":"SAVE","filename":"disburse_detail","ip":"::1","success":true,"error":null}
{"timestamp":"2025-07-03T12:17:38.421Z","action":"READ","filename":"income_detail","ip":"::1","success":true,"error":null}
{"timestamp":"2025-07-03T12:17:38.493Z","action":"READ","filename":"disburse_detail","ip":"::1","success":true,"error":null}
{"timestamp":"2025-07-03T12:22:39.183Z","action":"READ","filename":"income_detail","ip":"::1","success":true,"error":null}
{"timestamp":"2025-07-03T12:22:39.191Z","action":"READ","filename":"disburse_detail","ip":"::1","success":true,"error":null}
{"timestamp":"2025-07-03T12:25:17.586Z","action":"READ","filename":"income_detail","ip":"::1","success":true,"error":null}
{"timestamp":"2025-07-03T12:25:17.684Z","action":"READ","filename":"disburse_detail","ip":"::1","success":true,"error":null}
{"timestamp":"2025-07-03T12:25:19.691Z","action":"READ","filename":"disburse_detail","ip":"::1","success":true,"error":null}
{"timestamp":"2025-07-03T12:25:22.027Z","action":"READ","filename":"income","ip":"::1","success":true,"error":null}
{"timestamp":"2025-07-03T12:25:22.030Z","action":"READ","filename":"income_detail","ip":"::1","success":true,"error":null}
{"timestamp":"2025-07-03T12:25:23.327Z","action":"READ","filename":"disburse_detail","ip":"::1","success":true,"error":null}
{"timestamp":"2025-07-03T12:25:23.344Z","action":"SAVE","filename":"income","ip":"::1","success":true,"error":null}
{"timestamp":"2025-07-03T12:25:23.399Z","action":"SAVE","filename":"income_detail","ip":"::1","success":true,"error":null}
{"timestamp":"2025-07-03T12:28:54.408Z","action":"READ","filename":"income","ip":"::1","success":true,"error":null}
{"timestamp":"2025-07-03T12:28:54.408Z","action":"READ","filename":"income_detail","ip":"::1","success":true,"error":null}
{"timestamp":"2025-07-03T12:28:54.753Z","action":"READ","filename":"disburse_detail","ip":"::1","success":true,"error":null}
{"timestamp":"2025-07-03T12:28:54.765Z","action":"SAVE","filename":"income","ip":"::1","success":true,"error":null}
{"timestamp":"2025-07-03T12:28:54.851Z","action":"SAVE","filename":"income_detail","ip":"::1","success":true,"error":null}
{"timestamp":"2025-07-03T12:29:41.051Z","action":"READ","filename":"disburse_detail","ip":"::1","success":true,"error":null}
{"timestamp":"2025-07-03T12:29:43.126Z","action":"READ","filename":"income_detail","ip":"::1","success":true,"error":null}
{"timestamp":"2025-07-03T12:29:43.217Z","action":"READ","filename":"disburse_detail","ip":"::1","success":true,"error":null}
{"timestamp":"2025-07-03T12:29:43.575Z","action":"READ","filename":"disburse_detail","ip":"::1","success":true,"error":null}
{"timestamp":"2025-07-03T12:30:28.637Z","action":"READ","filename":"income_detail","ip":"::1","success":true,"error":null}
{"timestamp":"2025-07-03T12:30:28.699Z","action":"READ","filename":"disburse_detail","ip":"::1","success":true,"error":null}
{"timestamp":"2025-07-03T12:30:28.958Z","action":"READ","filename":"disburse_detail","ip":"::1","success":true,"error":null}
{"timestamp":"2025-07-03T12:34:09.950Z","action":"READ","filename":"income_detail","ip":"::1","success":true,"error":null}
{"timestamp":"2025-07-03T12:34:10.003Z","action":"READ","filename":"disburse_detail","ip":"::1","success":true,"error":null}
{"timestamp":"2025-07-03T12:34:16.764Z","action":"READ","filename":"income_detail","ip":"::1","success":true,"error":null}
{"timestamp":"2025-07-03T12:34:16.818Z","action":"READ","filename":"disburse_detail","ip":"::1","success":true,"error":null}
{"timestamp":"2025-07-03T12:34:31.585Z","action":"SAVE","filename":"disburse_detail","ip":"::1","success":true,"error":null}
{"timestamp":"2025-07-03T12:34:36.504Z","action":"READ","filename":"income_detail","ip":"::1","success":true,"error":null}
{"timestamp":"2025-07-03T12:34:36.559Z","action":"READ","filename":"disburse_detail","ip":"::1","success":true,"error":null}
{"timestamp":"2025-07-03T12:34:42.542Z","action":"READ","filename":"income_detail","ip":"::1","success":true,"error":null}
{"timestamp":"2025-07-03T12:34:42.590Z","action":"READ","filename":"disburse_detail","ip":"::1","success":true,"error":null}
{"timestamp":"2025-07-03T12:35:30.427Z","action":"SAVE","filename":"disburse_detail","ip":"::1","success":true,"error":null}
{"timestamp":"2025-07-03T12:35:52.581Z","action":"READ","filename":"income_detail","ip":"::1","success":true,"error":null}
{"timestamp":"2025-07-03T12:35:52.627Z","action":"READ","filename":"disburse_detail","ip":"::1","success":true,"error":null}
{"timestamp":"2025-07-03T12:36:39.691Z","action":"READ","filename":"income_detail","ip":"::1","success":true,"error":null}
{"timestamp":"2025-07-03T12:36:39.739Z","action":"READ","filename":"disburse_detail","ip":"::1","success":true,"error":null}
{"timestamp":"2025-07-03T12:40:21.108Z","action":"READ","filename":"disburse_main","ip":"::1","success":true,"error":null}
{"timestamp":"2025-07-03T12:40:21.109Z","action":"READ","filename":"disburse_detail","ip":"::1","success":true,"error":null}
{"timestamp":"2025-07-03T12:40:25.997Z","action":"READ","filename":"income_detail","ip":"::1","success":true,"error":null}
{"timestamp":"2025-07-03T12:40:26.049Z","action":"READ","filename":"disburse_detail","ip":"::1","success":true,"error":null}
{"timestamp":"2025-07-03T12:40:26.395Z","action":"READ","filename":"disburse_main","ip":"::1","success":true,"error":null}
{"timestamp":"2025-07-03T12:40:26.396Z","action":"READ","filename":"disburse_detail","ip":"::1","success":true,"error":null}
{"timestamp":"2025-07-03T12:45:39.835Z","action":"READ","filename":"tree","ip":"::1","success":true,"error":null}
{"timestamp":"2025-07-03T12:45:40.705Z","action":"SAVE","filename":"tree","ip":"::1","success":true,"error":null}
{"timestamp":"2025-07-03T12:46:33.911Z","action":"READ","filename":"income_detail","ip":"::1","success":true,"error":null}
{"timestamp":"2025-07-03T12:46:33.955Z","action":"READ","filename":"disburse_detail","ip":"::1","success":true,"error":null}
{"timestamp":"2025-07-03T13:08:22.694Z","action":"READ","filename":"income_detail","ip":"::1","success":true,"error":null}
{"timestamp":"2025-07-03T13:08:22.694Z","action":"READ","filename":"income","ip":"::1","success":true,"error":null}
{"timestamp":"2025-07-03T13:08:23.652Z","action":"SAVE","filename":"income","ip":"::1","success":true,"error":null}
{"timestamp":"2025-07-03T13:08:23.704Z","action":"SAVE","filename":"income_detail","ip":"::1","success":true,"error":null}
{"timestamp":"2025-07-03T13:08:24.417Z","action":"READ","filename":"income_detail","ip":"::1","success":true,"error":null}
{"timestamp":"2025-07-03T13:08:24.462Z","action":"READ","filename":"disburse_detail","ip":"::1","success":true,"error":null}
{"timestamp":"2025-07-03T13:13:25.183Z","action":"READ","filename":"income_detail","ip":"::1","success":true,"error":null}
{"timestamp":"2025-07-03T13:13:25.190Z","action":"READ","filename":"disburse_detail","ip":"::1","success":true,"error":null}
{"timestamp":"2025-07-03T13:18:25.195Z","action":"READ","filename":"income_detail","ip":"::1","success":true,"error":null}
{"timestamp":"2025-07-03T13:18:25.200Z","action":"READ","filename":"disburse_detail","ip":"::1","success":true,"error":null}
{"timestamp":"2025-07-03T13:23:25.192Z","action":"READ","filename":"income_detail","ip":"::1","success":true,"error":null}
{"timestamp":"2025-07-03T13:23:25.204Z","action":"READ","filename":"disburse_detail","ip":"::1","success":true,"error":null}
{"timestamp":"2025-07-03T13:28:25.184Z","action":"READ","filename":"income_detail","ip":"::1","success":true,"error":null}
{"timestamp":"2025-07-03T13:28:25.190Z","action":"READ","filename":"disburse_detail","ip":"::1","success":true,"error":null}
{"timestamp":"2025-07-03T13:33:29.188Z","action":"READ","filename":"income_detail","ip":"::1","success":true,"error":null}
{"timestamp":"2025-07-03T13:33:29.197Z","action":"READ","filename":"disburse_detail","ip":"::1","success":true,"error":null}
{"timestamp":"2025-07-03T13:37:45.848Z","action":"READ","filename":"income_detail","ip":"::1","success":true,"error":null}
{"timestamp":"2025-07-03T13:37:45.939Z","action":"READ","filename":"disburse_detail","ip":"::1","success":true,"error":null}
{"timestamp":"2025-07-03T13:37:48.665Z","action":"READ","filename":"income","ip":"::1","success":true,"error":null}
{"timestamp":"2025-07-03T13:37:48.667Z","action":"READ","filename":"income_detail","ip":"::1","success":true,"error":null}
{"timestamp":"2025-07-03T13:37:49.864Z","action":"SAVE","filename":"income","ip":"::1","success":true,"error":null}
{"timestamp":"2025-07-03T13:37:49.951Z","action":"SAVE","filename":"income_detail","ip":"::1","success":true,"error":null}
{"timestamp":"2025-07-03T13:40:20.082Z","action":"READ","filename":"income","ip":"::1","success":true,"error":null}
{"timestamp":"2025-07-03T13:40:20.082Z","action":"READ","filename":"income_detail","ip":"::1","success":true,"error":null}
{"timestamp":"2025-07-03T13:40:20.650Z","action":"SAVE","filename":"income","ip":"::1","success":true,"error":null}
{"timestamp":"2025-07-03T13:40:20.759Z","action":"SAVE","filename":"income_detail","ip":"::1","success":true,"error":null}
{"timestamp":"2025-07-03T13:40:31.537Z","action":"READ","filename":"income","ip":"::1","success":true,"error":null}
{"timestamp":"2025-07-03T13:40:31.537Z","action":"READ","filename":"income_detail","ip":"::1","success":true,"error":null}
{"timestamp":"2025-07-03T13:40:31.955Z","action":"SAVE","filename":"income","ip":"::1","success":true,"error":null}
{"timestamp":"2025-07-03T13:40:32.003Z","action":"SAVE","filename":"income_detail","ip":"::1","success":true,"error":null}
{"timestamp":"2025-07-03T13:47:43.155Z","action":"READ","filename":"income","ip":"::1","success":true,"error":null}
{"timestamp":"2025-07-03T13:47:43.155Z","action":"READ","filename":"income_detail","ip":"::1","success":true,"error":null}
{"timestamp":"2025-07-03T13:47:43.572Z","action":"SAVE","filename":"income","ip":"::1","success":true,"error":null}
{"timestamp":"2025-07-03T13:47:43.684Z","action":"SAVE","filename":"income_detail","ip":"::1","success":true,"error":null}
{"timestamp":"2025-07-03T13:48:23.779Z","action":"READ","filename":"income_detail","ip":"::1","success":true,"error":null}
{"timestamp":"2025-07-03T13:48:23.836Z","action":"READ","filename":"disburse_detail","ip":"::1","success":true,"error":null}
{"timestamp":"2025-07-03T13:51:09.997Z","action":"READ","filename":"income","ip":"::1","success":true,"error":null}
{"timestamp":"2025-07-03T13:51:09.997Z","action":"READ","filename":"income_detail","ip":"::1","success":true,"error":null}
{"timestamp":"2025-07-03T13:51:10.393Z","action":"SAVE","filename":"income","ip":"::1","success":true,"error":null}
{"timestamp":"2025-07-03T13:51:10.442Z","action":"SAVE","filename":"income_detail","ip":"::1","success":true,"error":null}
{"timestamp":"2025-07-03T13:52:05.233Z","action":"READ","filename":"income_detail","ip":"::1","success":true,"error":null}
{"timestamp":"2025-07-03T13:52:05.327Z","action":"READ","filename":"disburse_detail","ip":"::1","success":true,"error":null}
{"timestamp":"2025-07-03T13:56:15.396Z","action":"READ","filename":"income_detail","ip":"::1","success":true,"error":null}
{"timestamp":"2025-07-03T13:56:15.474Z","action":"READ","filename":"disburse_detail","ip":"::1","success":true,"error":null}
{"timestamp":"2025-07-03T13:57:04.949Z","action":"READ","filename":"income_detail","ip":"::1","success":true,"error":null}
{"timestamp":"2025-07-03T13:57:05.005Z","action":"READ","filename":"disburse_detail","ip":"::1","success":true,"error":null}
{"timestamp":"2025-07-03T13:57:45.005Z","action":"READ","filename":"income","ip":"::1","success":true,"error":null}
{"timestamp":"2025-07-03T13:57:45.005Z","action":"READ","filename":"income_detail","ip":"::1","success":true,"error":null}
{"timestamp":"2025-07-03T13:57:45.413Z","action":"SAVE","filename":"income","ip":"::1","success":true,"error":null}
{"timestamp":"2025-07-03T13:57:45.466Z","action":"SAVE","filename":"income_detail","ip":"::1","success":true,"error":null}
{"timestamp":"2025-07-03T14:08:06.340Z","action":"READ","filename":"income_detail","ip":"::1","success":true,"error":null}
{"timestamp":"2025-07-03T14:08:06.409Z","action":"READ","filename":"disburse_detail","ip":"::1","success":true,"error":null}
{"timestamp":"2025-07-03T14:13:18.517Z","action":"READ","filename":"income","ip":"::1","success":true,"error":null}
{"timestamp":"2025-07-03T14:13:18.518Z","action":"READ","filename":"income_detail","ip":"::1","success":true,"error":null}
{"timestamp":"2025-07-03T14:13:18.794Z","action":"SAVE","filename":"income","ip":"::1","success":true,"error":null}
{"timestamp":"2025-07-03T14:13:18.874Z","action":"SAVE","filename":"income_detail","ip":"::1","success":true,"error":null}
{"timestamp":"2025-07-03T14:32:30.866Z","action":"READ","filename":"tree","ip":"::1","success":true,"error":null}
{"timestamp":"2025-07-03T14:32:34.169Z","action":"READ","filename":"income_detail","ip":"::1","success":true,"error":null}
{"timestamp":"2025-07-03T14:32:34.211Z","action":"SAVE","filename":"tree","ip":"::1","success":true,"error":null}
{"timestamp":"2025-07-03T14:32:34.223Z","action":"READ","filename":"disburse_detail","ip":"::1","success":true,"error":null}
{"timestamp":"2025-07-03T14:39:02.761Z","action":"READ","filename":"income_detail","ip":"::1","success":true,"error":null}
{"timestamp":"2025-07-03T14:39:02.841Z","action":"READ","filename":"disburse_detail","ip":"::1","success":true,"error":null}
{"timestamp":"2025-07-03T14:39:12.869Z","action":"READ","filename":"income_detail","ip":"::1","success":true,"error":null}
{"timestamp":"2025-07-03T14:39:12.969Z","action":"READ","filename":"disburse_detail","ip":"::1","success":true,"error":null}
{"timestamp":"2025-07-03T14:56:47.840Z","action":"READ","filename":"income_detail","ip":"::1","success":true,"error":null}
{"timestamp":"2025-07-03T14:56:47.962Z","action":"READ","filename":"disburse_detail","ip":"::1","success":true,"error":null}
{"timestamp":"2025-07-03T14:57:10.646Z","action":"READ","filename":"income_detail","ip":"::1","success":true,"error":null}
{"timestamp":"2025-07-03T14:57:10.745Z","action":"READ","filename":"disburse_detail","ip":"::1","success":true,"error":null}
{"timestamp":"2025-07-03T15:00:14.737Z","action":"READ","filename":"income_detail","ip":"::1","success":true,"error":null}
{"timestamp":"2025-07-03T15:00:14.841Z","action":"READ","filename":"disburse_detail","ip":"::1","success":true,"error":null}
{"timestamp":"2025-07-03T15:01:28.518Z","action":"READ","filename":"jygl","ip":"::1","success":true,"error":null}
{"timestamp":"2025-07-03T15:01:29.237Z","action":"READ","filename":"jygl","ip":"::1","success":true,"error":null}
{"timestamp":"2025-07-03T15:05:02.710Z","action":"READ","filename":"jygl","ip":"::1","success":true,"error":null}
{"timestamp":"2025-07-03T15:05:03.385Z","action":"READ","filename":"jygl","ip":"::1","success":true,"error":null}
{"timestamp":"2025-07-03T15:07:50.874Z","action":"READ","filename":"income_detail","ip":"::1","success":true,"error":null}
{"timestamp":"2025-07-03T15:07:50.874Z","action":"READ","filename":"income","ip":"::1","success":true,"error":null}
{"timestamp":"2025-07-03T15:07:51.206Z","action":"SAVE","filename":"income","ip":"::1","success":true,"error":null}
{"timestamp":"2025-07-03T15:07:51.268Z","action":"SAVE","filename":"income_detail","ip":"::1","success":true,"error":null}
{"timestamp":"2025-07-03T15:07:54.920Z","action":"READ","filename":"income","ip":"::1","success":true,"error":null}
{"timestamp":"2025-07-03T15:07:54.921Z","action":"READ","filename":"income_detail","ip":"::1","success":true,"error":null}
{"timestamp":"2025-07-03T15:07:58.309Z","action":"SAVE","filename":"income","ip":"::1","success":true,"error":null}
{"timestamp":"2025-07-03T15:07:58.357Z","action":"SAVE","filename":"income_detail","ip":"::1","success":true,"error":null}
{"timestamp":"2025-07-03T15:08:00.755Z","action":"READ","filename":"income_detail","ip":"::1","success":true,"error":null}
{"timestamp":"2025-07-03T15:08:00.827Z","action":"READ","filename":"disburse_detail","ip":"::1","success":true,"error":null}
{"timestamp":"2025-07-03T15:08:04.737Z","action":"READ","filename":"income_detail","ip":"::1","success":true,"error":null}
{"timestamp":"2025-07-03T15:08:04.822Z","action":"READ","filename":"disburse_detail","ip":"::1","success":true,"error":null}
{"timestamp":"2025-07-03T15:08:06.171Z","action":"READ","filename":"income_detail","ip":"::1","success":true,"error":null}
{"timestamp":"2025-07-03T15:08:06.172Z","action":"READ","filename":"income","ip":"::1","success":true,"error":null}
{"timestamp":"2025-07-03T15:08:07.379Z","action":"SAVE","filename":"income","ip":"::1","success":true,"error":null}
{"timestamp":"2025-07-03T15:08:07.439Z","action":"SAVE","filename":"income_detail","ip":"::1","success":true,"error":null}
{"timestamp":"2025-07-03T15:09:36.758Z","action":"READ","filename":"jygl","ip":"::1","success":true,"error":null}
{"timestamp":"2025-07-03T15:09:37.295Z","action":"READ","filename":"jygl","ip":"::1","success":true,"error":null}
{"timestamp":"2025-07-03T15:09:41.041Z","action":"READ","filename":"xiangmujx","ip":"::1","success":true,"error":null}
{"timestamp":"2025-07-03T15:09:53.066Z","action":"READ","filename":"zlda","ip":"::1","success":true,"error":null}
{"timestamp":"2025-07-03T15:09:54.581Z","action":"READ","filename":"tree","ip":"::1","success":true,"error":null}
{"timestamp":"2025-07-03T15:09:54.607Z","action":"SAVE","filename":"zlda","ip":"::1","success":true,"error":null}
{"timestamp":"2025-07-03T15:10:04.776Z","action":"READ","filename":"zlda","ip":"::1","success":true,"error":null}
{"timestamp":"2025-07-03T15:10:04.792Z","action":"SAVE","filename":"tree","ip":"::1","success":true,"error":null}
{"timestamp":"2025-07-03T15:10:05.134Z","action":"READ","filename":"tree","ip":"::1","success":true,"error":null}
{"timestamp":"2025-07-03T15:10:05.153Z","action":"SAVE","filename":"zlda","ip":"::1","success":true,"error":null}
{"timestamp":"2025-07-03T15:10:07.251Z","action":"READ","filename":"zlda","ip":"::1","success":true,"error":null}
{"timestamp":"2025-07-03T15:10:07.268Z","action":"SAVE","filename":"tree","ip":"::1","success":true,"error":null}
{"timestamp":"2025-07-03T15:10:12.523Z","action":"READ","filename":"tree","ip":"::1","success":true,"error":null}
{"timestamp":"2025-07-03T15:10:12.536Z","action":"SAVE","filename":"zlda","ip":"::1","success":true,"error":null}
{"timestamp":"2025-07-03T15:10:20.791Z","action":"READ","filename":"tree","ip":"::1","success":true,"error":null}
{"timestamp":"2025-07-03T15:11:22.346Z","action":"READ","filename":"zlda","ip":"::1","success":true,"error":null}
{"timestamp":"2025-07-03T15:11:22.361Z","action":"SAVE","filename":"tree","ip":"::1","success":true,"error":null}
{"timestamp":"2025-07-03T15:11:44.547Z","action":"READ","filename":"tree","ip":"::1","success":true,"error":null}
{"timestamp":"2025-07-03T15:11:44.563Z","action":"SAVE","filename":"zlda","ip":"::1","success":true,"error":null}
{"timestamp":"2025-07-03T15:11:47.387Z","action":"READ","filename":"zlda","ip":"::1","success":true,"error":null}
{"timestamp":"2025-07-03T15:11:47.447Z","action":"SAVE","filename":"tree","ip":"::1","success":true,"error":null}
{"timestamp":"2025-07-03T15:11:50.630Z","action":"READ","filename":"tree","ip":"::1","success":true,"error":null}
{"timestamp":"2025-07-03T15:11:50.646Z","action":"SAVE","filename":"zlda","ip":"::1","success":true,"error":null}
{"timestamp":"2025-07-03T15:11:52.393Z","action":"READ","filename":"zlda","ip":"::1","success":true,"error":null}
{"timestamp":"2025-07-03T15:11:52.412Z","action":"SAVE","filename":"tree","ip":"::1","success":true,"error":null}
{"timestamp":"2025-07-03T15:15:03.567Z","action":"READ","filename":"income_detail","ip":"::1","success":true,"error":null}
{"timestamp":"2025-07-03T15:15:03.646Z","action":"READ","filename":"disburse_detail","ip":"::1","success":true,"error":null}
{"timestamp":"2025-07-03T15:16:15.756Z","action":"READ","filename":"income_detail","ip":"::1","success":true,"error":null}
{"timestamp":"2025-07-03T15:16:15.839Z","action":"READ","filename":"disburse_detail","ip":"::1","success":true,"error":null}
{"timestamp":"2025-07-03T15:16:16.788Z","action":"READ","filename":"zlda","ip":"::1","success":true,"error":null}
{"timestamp":"2025-07-03T15:16:20.458Z","action":"READ","filename":"tree","ip":"::1","success":true,"error":null}
{"timestamp":"2025-07-03T15:16:20.486Z","action":"SAVE","filename":"zlda","ip":"::1","success":true,"error":null}
{"timestamp":"2025-07-03T15:16:23.537Z","action":"READ","filename":"zlda","ip":"::1","success":true,"error":null}
{"timestamp":"2025-07-03T15:16:23.554Z","action":"SAVE","filename":"tree","ip":"::1","success":true,"error":null}
{"timestamp":"2025-07-03T15:17:23.258Z","action":"READ","filename":"tree","ip":"::1","success":true,"error":null}
{"timestamp":"2025-07-03T15:17:23.281Z","action":"SAVE","filename":"zlda","ip":"::1","success":true,"error":null}
{"timestamp":"2025-07-03T15:17:31.872Z","action":"SAVE","filename":"file","ip":"::1","success":true,"error":null}
{"timestamp":"2025-07-03T15:17:33.696Z","action":"READ","filename":"zlda","ip":"::1","success":true,"error":null}
{"timestamp":"2025-07-03T15:17:33.714Z","action":"SAVE","filename":"tree","ip":"::1","success":true,"error":null}
{"timestamp":"2025-07-03T15:17:34.009Z","action":"READ","filename":"tree","ip":"::1","success":true,"error":null}
{"timestamp":"2025-07-03T15:17:34.027Z","action":"SAVE","filename":"zlda","ip":"::1","success":true,"error":null}
{"timestamp":"2025-07-03T15:17:38.917Z","action":"SAVE","filename":"tree","ip":"::1","success":true,"error":null}
{"timestamp":"2025-07-03T15:20:06.456Z","action":"READ","filename":"zlda","ip":"::1","success":true,"error":null}
{"timestamp":"2025-07-03T15:20:11.073Z","action":"SAVE","filename":"zlda","ip":"::1","success":true,"error":null}
{"timestamp":"2025-07-03T15:20:18.386Z","action":"READ","filename":"income_detail","ip":"::1","success":true,"error":null}
{"timestamp":"2025-07-03T15:20:18.440Z","action":"READ","filename":"disburse_detail","ip":"::1","success":true,"error":null}
{"timestamp":"2025-07-03T15:20:45.044Z","action":"READ","filename":"jygl","ip":"::1","success":true,"error":null}
{"timestamp":"2025-07-03T15:20:45.777Z","action":"READ","filename":"jygl","ip":"::1","success":true,"error":null}
{"timestamp":"2025-07-03T15:28:15.289Z","action":"READ","filename":"test8","ip":"::1","success":true,"error":null}
{"timestamp":"2025-07-03T15:28:17.017Z","action":"READ","filename":"test8","ip":"::1","success":true,"error":null}
{"timestamp":"2025-07-03T15:28:37.089Z","action":"READ","filename":"income","ip":"::1","success":true,"error":null}
{"timestamp":"2025-07-03T15:28:37.089Z","action":"READ","filename":"income_detail","ip":"::1","success":true,"error":null}
{"timestamp":"2025-07-03T15:28:37.854Z","action":"SAVE","filename":"income","ip":"::1","success":true,"error":null}
{"timestamp":"2025-07-03T15:28:37.906Z","action":"SAVE","filename":"income_detail","ip":"::1","success":true,"error":null}
{"timestamp":"2025-07-03T15:31:31.767Z","action":"READ","filename":"zlda","ip":"::1","success":true,"error":null}
{"timestamp":"2025-07-03T15:31:36.432Z","action":"READ","filename":"tree","ip":"::1","success":true,"error":null}
{"timestamp":"2025-07-03T15:31:36.450Z","action":"SAVE","filename":"zlda","ip":"::1","success":true,"error":null}
{"timestamp":"2025-07-03T15:31:38.126Z","action":"READ","filename":"income_detail","ip":"::1","success":true,"error":null}
{"timestamp":"2025-07-03T15:31:38.165Z","action":"SAVE","filename":"tree","ip":"::1","success":true,"error":null}
{"timestamp":"2025-07-03T15:31:38.175Z","action":"READ","filename":"disburse_detail","ip":"::1","success":true,"error":null}
{"timestamp":"2025-07-03T15:31:40.031Z","action":"READ","filename":"income_detail","ip":"::1","success":true,"error":null}
{"timestamp":"2025-07-03T15:31:40.129Z","action":"READ","filename":"disburse_detail","ip":"::1","success":true,"error":null}
{"timestamp":"2025-07-03T15:32:40.170Z","action":"READ","filename":"income_detail","ip":"::1","success":true,"error":null}
{"timestamp":"2025-07-03T15:32:40.256Z","action":"READ","filename":"disburse_detail","ip":"::1","success":true,"error":null}
{"timestamp":"2025-07-03T15:42:05.748Z","action":"READ","filename":"income_detail","ip":"::1","success":true,"error":null}
{"timestamp":"2025-07-03T15:42:05.804Z","action":"READ","filename":"disburse_detail","ip":"::1","success":true,"error":null}
{"timestamp":"2025-07-03T15:42:46.368Z","action":"READ","filename":"test8","ip":"::1","success":true,"error":null}
{"timestamp":"2025-07-03T15:42:47.489Z","action":"READ","filename":"test8","ip":"::1","success":true,"error":null}
{"timestamp":"2025-07-03T15:43:09.928Z","action":"READ","filename":"zlda","ip":"::1","success":true,"error":null}
{"timestamp":"2025-07-03T15:43:11.168Z","action":"READ","filename":"tree","ip":"::1","success":true,"error":null}
{"timestamp":"2025-07-03T15:43:11.228Z","action":"SAVE","filename":"zlda","ip":"::1","success":true,"error":null}
{"timestamp":"2025-07-03T15:43:13.797Z","action":"SAVE","filename":"tree","ip":"::1","success":true,"error":null}
{"timestamp":"2025-07-03T15:43:36.886Z","action":"READ","filename":"income_detail","ip":"::1","success":true,"error":null}
{"timestamp":"2025-07-03T15:43:36.943Z","action":"READ","filename":"disburse_detail","ip":"::1","success":true,"error":null}
{"timestamp":"2025-07-03T15:46:06.574Z","action":"READ","filename":"income","ip":"::1","success":true,"error":null}
{"timestamp":"2025-07-03T15:46:06.575Z","action":"READ","filename":"income_detail","ip":"::1","success":true,"error":null}
{"timestamp":"2025-07-03T15:46:07.091Z","action":"SAVE","filename":"income","ip":"::1","success":true,"error":null}
{"timestamp":"2025-07-03T15:46:07.163Z","action":"SAVE","filename":"income_detail","ip":"::1","success":true,"error":null}
{"timestamp":"2025-07-03T15:47:26.088Z","action":"READ","filename":"income","ip":"::1","success":true,"error":null}
{"timestamp":"2025-07-03T15:47:26.088Z","action":"READ","filename":"income_detail","ip":"::1","success":true,"error":null}
{"timestamp":"2025-07-03T15:47:26.374Z","action":"SAVE","filename":"income","ip":"::1","success":true,"error":null}
{"timestamp":"2025-07-03T15:47:26.444Z","action":"SAVE","filename":"income_detail","ip":"::1","success":true,"error":null}
{"timestamp":"2025-07-03T15:48:47.367Z","action":"READ","filename":"income_detail","ip":"::1","success":true,"error":null}
{"timestamp":"2025-07-03T15:48:47.417Z","action":"READ","filename":"disburse_detail","ip":"::1","success":true,"error":null}
{"timestamp":"2025-07-03T15:49:33.787Z","action":"READ","filename":"income","ip":"::1","success":true,"error":null}
{"timestamp":"2025-07-03T15:49:33.791Z","action":"READ","filename":"income_detail","ip":"::1","success":true,"error":null}
{"timestamp":"2025-07-03T15:50:47.356Z","action":"SAVE","filename":"income","ip":"::1","success":true,"error":null}
{"timestamp":"2025-07-03T15:50:47.420Z","action":"SAVE","filename":"income_detail","ip":"::1","success":true,"error":null}
{"timestamp":"2025-07-03T15:56:43.753Z","action":"READ","filename":"income_detail","ip":"::1","success":true,"error":null}
{"timestamp":"2025-07-03T15:56:43.795Z","action":"READ","filename":"disburse_detail","ip":"::1","success":true,"error":null}
{"timestamp":"2025-07-03T15:56:49.601Z","action":"READ","filename":"income_detail","ip":"::1","success":true,"error":null}
{"timestamp":"2025-07-03T15:56:49.717Z","action":"READ","filename":"disburse_detail","ip":"::1","success":true,"error":null}
{"timestamp":"2025-07-03T16:59:47.168Z","action":"READ","filename":"zlda","ip":"::1","success":true,"error":null}
{"timestamp":"2025-07-03T16:59:47.926Z","action":"READ","filename":"tree","ip":"::1","success":true,"error":null}
{"timestamp":"2025-07-03T16:59:47.957Z","action":"SAVE","filename":"zlda","ip":"::1","success":true,"error":null}
{"timestamp":"2025-07-03T16:59:49.634Z","action":"SAVE","filename":"tree","ip":"::1","success":true,"error":null}
{"timestamp":"2025-07-03T17:00:07.693Z","action":"READ","filename":"gongshui","ip":"::1","success":true,"error":null}
{"timestamp":"2025-07-03T17:00:08.745Z","action":"SAVE","filename":"gongshui","ip":"::1","success":true,"error":null}
{"timestamp":"2025-07-03T17:00:18.498Z","action":"READ","filename":"test8","ip":"::1","success":true,"error":null}
{"timestamp":"2025-07-03T17:00:22.059Z","action":"READ","filename":"test8","ip":"::1","success":true,"error":null}
{"timestamp":"2025-07-03T17:00:25.690Z","action":"READ","filename":"sc","ip":"::1","success":true,"error":null}
{"timestamp":"2025-07-03T17:00:25.741Z","action":"SAVE","filename":"sc2","ip":"::1","success":true,"error":null}
{"timestamp":"2025-07-03T17:00:26.226Z","action":"SAVE","filename":"sc","ip":"::1","success":true,"error":null}
{"timestamp":"2025-07-03T17:00:26.231Z","action":"READ","filename":"sczaizhi","ip":"::1","success":true,"error":null}
{"timestamp":"2025-07-03T17:00:31.164Z","action":"READ","filename":"sc","ip":"::1","success":true,"error":null}
{"timestamp":"2025-07-03T17:00:31.188Z","action":"SAVE","filename":"sczaizhi","ip":"::1","success":true,"error":null}
{"timestamp":"2025-07-03T17:00:31.230Z","action":"SAVE","filename":"sc2","ip":"::1","success":true,"error":null}
{"timestamp":"2025-07-03T17:00:32.324Z","action":"READ","filename":"gongshui","ip":"::1","success":true,"error":null}
{"timestamp":"2025-07-03T17:00:32.341Z","action":"SAVE","filename":"sc","ip":"::1","success":true,"error":null}
{"timestamp":"2025-07-03T17:00:37.048Z","action":"READ","filename":"cq1","ip":"::1","success":true,"error":null}
{"timestamp":"2025-07-03T17:00:37.059Z","action":"SAVE","filename":"gongshui","ip":"::1","success":true,"error":null}
{"timestamp":"2025-07-03T17:00:40.532Z","action":"SAVE","filename":"cq1","ip":"::1","success":true,"error":null}
{"timestamp":"2025-07-03T17:00:44.715Z","action":"READ","filename":"jjzb","ip":"::1","success":true,"error":null}
{"timestamp":"2025-07-03T17:04:22.675Z","action":"READ","filename":"zlda","ip":"::1","success":true,"error":null}
{"timestamp":"2025-07-03T17:04:23.199Z","action":"READ","filename":"tree","ip":"::1","success":true,"error":null}
{"timestamp":"2025-07-03T17:04:23.217Z","action":"SAVE","filename":"zlda","ip":"::1","success":true,"error":null}
{"timestamp":"2025-07-03T17:04:24.200Z","action":"SAVE","filename":"tree","ip":"::1","success":true,"error":null}
{"timestamp":"2025-07-03T17:04:41.754Z","action":"READ","filename":"xiangmujx","ip":"::1","success":true,"error":null}
{"timestamp":"2025-07-03T17:04:45.235Z","action":"READ","filename":"tree","ip":"::1","success":true,"error":null}
{"timestamp":"2025-07-03T17:04:46.315Z","action":"SAVE","filename":"tree","ip":"::1","success":true,"error":null}
