{"timestamp":"2025-06-30T06:11:59.063Z","action":"READ","filename":"tree","ip":"::1","success":true,"error":null}
{"timestamp":"2025-06-30T06:12:01.346Z","action":"SAVE","filename":"tree","ip":"::1","success":true,"error":null}
{"timestamp":"2025-06-30T06:12:04.772Z","action":"READ","filename":"zlda","ip":"::1","success":true,"error":null}
{"timestamp":"2025-06-30T06:12:04.821Z","action":"READ","filename":"tree","ip":"::1","success":true,"error":null}
{"timestamp":"2025-06-30T06:12:04.845Z","action":"SAVE","filename":"zlda","ip":"::1","success":true,"error":null}
{"timestamp":"2025-06-30T06:12:06.035Z","action":"READ","filename":"zlda","ip":"::1","success":true,"error":null}
{"timestamp":"2025-06-30T06:12:06.055Z","action":"SAVE","filename":"tree","ip":"::1","success":true,"error":null}
{"timestamp":"2025-06-30T06:12:06.914Z","action":"SAVE","filename":"zlda","ip":"::1","success":true,"error":null}
{"timestamp":"2025-06-30T06:16:23.102Z","action":"READ","filename":"xmjd","ip":"::1","success":true,"error":null}
{"timestamp":"2025-06-30T06:16:23.559Z","action":"READ","filename":"dazl","ip":"::1","success":true,"error":null}
{"timestamp":"2025-06-30T06:16:27.294Z","action":"READ","filename":"p1","ip":"::1","success":true,"error":null}
{"timestamp":"2025-06-30T06:16:29.328Z","action":"SAVE","filename":"p1","ip":"::1","success":true,"error":null}
{"timestamp":"2025-06-30T06:16:39.034Z","action":"READ","filename":"jjzb","ip":"::1","success":true,"error":null}
{"timestamp":"2025-06-30T06:16:41.559Z","action":"READ","filename":"dazl","ip":"::1","success":true,"error":null}
{"timestamp":"2025-06-30T06:16:44.290Z","action":"READ","filename":"xmjd","ip":"::1","success":true,"error":null}
{"timestamp":"2025-06-30T06:17:53.633Z","action":"READ","filename":"jjzb","ip":"::1","success":true,"error":null}
{"timestamp":"2025-06-30T06:27:33.760Z","action":"READ","filename":"gongshui","ip":"::1","success":true,"error":null}
{"timestamp":"2025-06-30T06:28:58.195Z","action":"READ","filename":"jjzb","ip":"::1","success":true,"error":null}
{"timestamp":"2025-06-30T06:28:58.240Z","action":"SAVE","filename":"gongshui","ip":"::1","success":true,"error":null}
{"timestamp":"2025-06-30T06:33:56.639Z","action":"READ","filename":"jjzb","ip":"::1","success":true,"error":null}
{"timestamp":"2025-06-30T06:34:03.406Z","action":"READ","filename":"zlda","ip":"::1","success":true,"error":null}
{"timestamp":"2025-06-30T06:34:05.724Z","action":"SAVE","filename":"zlda","ip":"::1","success":true,"error":null}
{"timestamp":"2025-06-30T06:38:06.562Z","action":"READ","filename":"zlda","ip":"::1","success":true,"error":null}
{"timestamp":"2025-06-30T06:38:07.454Z","action":"SAVE","filename":"zlda","ip":"::1","success":true,"error":null}
{"timestamp":"2025-06-30T06:49:48.615Z","action":"READ","filename":"jjzb","ip":"::1","success":true,"error":null}
{"timestamp":"2025-06-30T06:50:34.955Z","action":"READ","filename":"jjzb","ip":"::1","success":true,"error":null}
{"timestamp":"2025-06-30T06:52:09.761Z","action":"READ","filename":"dazl","ip":"::1","success":true,"error":null}
{"timestamp":"2025-06-30T06:55:17.629Z","action":"READ","filename":"performance","ip":"::1","success":true,"error":null}
{"timestamp":"2025-06-30T06:55:19.262Z","action":"SAVE","filename":"performance","ip":"::1","success":true,"error":null}
{"timestamp":"2025-06-30T06:55:19.268Z","action":"READ","filename":"grxx","ip":"::1","success":true,"error":null}
{"timestamp":"2025-06-30T06:55:21.473Z","action":"SAVE","filename":"grxx","ip":"::1","success":true,"error":null}
{"timestamp":"2025-06-30T06:55:22.016Z","action":"SAVE","filename":"rwjx","ip":"::1","success":true,"error":null}
{"timestamp":"2025-06-30T06:55:22.029Z","action":"READ","filename":"grxx","ip":"::1","success":true,"error":null}
{"timestamp":"2025-06-30T06:55:23.241Z","action":"SAVE","filename":"grxx","ip":"::1","success":true,"error":null}
{"timestamp":"2025-06-30T06:55:30.072Z","action":"READ","filename":"performance","ip":"::1","success":true,"error":null}
{"timestamp":"2025-06-30T06:55:30.082Z","action":"SAVE","filename":"rwjx","ip":"::1","success":true,"error":null}
{"timestamp":"2025-06-30T06:55:31.239Z","action":"SAVE","filename":"performance","ip":"::1","success":true,"error":null}
{"timestamp":"2025-06-30T06:55:31.243Z","action":"READ","filename":"grxx","ip":"::1","success":true,"error":null}
{"timestamp":"2025-06-30T06:55:33.649Z","action":"SAVE","filename":"grxx","ip":"::1","success":true,"error":null}
{"timestamp":"2025-06-30T06:55:51.644Z","action":"READ","filename":"performance","ip":"::1","success":true,"error":null}
{"timestamp":"2025-06-30T06:55:51.653Z","action":"SAVE","filename":"rwjx","ip":"::1","success":true,"error":null}
{"timestamp":"2025-06-30T06:56:18.816Z","action":"SAVE","filename":"performance","ip":"::1","success":true,"error":null}
{"timestamp":"2025-06-30T06:56:19.543Z","action":"READ","filename":"xiangmujx","ip":"::1","success":true,"error":null}
{"timestamp":"2025-06-30T06:56:19.562Z","action":"SAVE","filename":"rwjx","ip":"::1","success":true,"error":null}
{"timestamp":"2025-06-30T06:56:21.364Z","action":"READ","filename":"grxx","ip":"::1","success":true,"error":null}
{"timestamp":"2025-06-30T06:56:21.909Z","action":"SAVE","filename":"grxx","ip":"::1","success":true,"error":null}
{"timestamp":"2025-06-30T06:56:21.914Z","action":"READ","filename":"performance","ip":"::1","success":true,"error":null}
{"timestamp":"2025-06-30T06:56:22.475Z","action":"SAVE","filename":"performance","ip":"::1","success":true,"error":null}
{"timestamp":"2025-06-30T06:56:22.480Z","action":"READ","filename":"grxx","ip":"::1","success":true,"error":null}
{"timestamp":"2025-06-30T06:56:26.042Z","action":"SAVE","filename":"grxx","ip":"::1","success":true,"error":null}
{"timestamp":"2025-06-30T06:56:26.056Z","action":"READ","filename":"performance","ip":"::1","success":true,"error":null}
{"timestamp":"2025-06-30T06:56:31.796Z","action":"SAVE","filename":"performance","ip":"::1","success":true,"error":null}
{"timestamp":"2025-06-30T06:56:32.126Z","action":"READ","filename":"xiangmujx","ip":"::1","success":true,"error":null}
{"timestamp":"2025-06-30T06:56:32.144Z","action":"SAVE","filename":"rwjx","ip":"::1","success":true,"error":null}
{"timestamp":"2025-06-30T06:56:33.537Z","action":"SAVE","filename":"rwjx","ip":"::1","success":true,"error":null}
{"timestamp":"2025-06-30T06:56:33.539Z","action":"READ","filename":"grxx","ip":"::1","success":true,"error":null}
{"timestamp":"2025-06-30T06:56:49.250Z","action":"READ","filename":"xiangmujx","ip":"::1","success":true,"error":null}
{"timestamp":"2025-06-30T06:56:49.254Z","action":"SAVE","filename":"grxx","ip":"::1","success":true,"error":null}
{"timestamp":"2025-06-30T06:57:19.453Z","action":"READ","filename":"grxx","ip":"::1","success":true,"error":null}
{"timestamp":"2025-06-30T06:57:19.462Z","action":"SAVE","filename":"rwjx","ip":"::1","success":true,"error":null}
{"timestamp":"2025-06-30T06:57:19.793Z","action":"SAVE","filename":"grxx","ip":"::1","success":true,"error":null}
{"timestamp":"2025-06-30T06:57:19.801Z","action":"READ","filename":"performance","ip":"::1","success":true,"error":null}
{"timestamp":"2025-06-30T07:11:37.734Z","action":"SAVE","filename":"performance","ip":"::1","success":true,"error":null}
{"timestamp":"2025-06-30T07:24:36.431Z","action":"READ","filename":"grxx","ip":"::1","success":true,"error":null}
{"timestamp":"2025-06-30T07:24:57.043Z","action":"SAVE","filename":"grxx","ip":"::1","success":true,"error":null}
{"timestamp":"2025-06-30T07:32:47.756Z","action":"READ","filename":"grxx","ip":"::1","success":true,"error":null}
{"timestamp":"2025-06-30T07:32:48.517Z","action":"SAVE","filename":"grxx","ip":"::1","success":true,"error":null}
{"timestamp":"2025-06-30T07:33:18.479Z","action":"READ","filename":"grxx","ip":"::1","success":true,"error":null}
{"timestamp":"2025-06-30T07:33:48.684Z","action":"SAVE","filename":"grxx","ip":"::1","success":true,"error":null}
{"timestamp":"2025-06-30T07:33:49.681Z","action":"READ","filename":"grxx","ip":"::1","success":true,"error":null}
{"timestamp":"2025-06-30T07:33:50.564Z","action":"SAVE","filename":"grxx","ip":"::1","success":true,"error":null}
{"timestamp":"2025-06-30T07:34:00.914Z","action":"READ","filename":"grxx","ip":"::1","success":true,"error":null}
{"timestamp":"2025-06-30T07:38:39.615Z","action":"SAVE","filename":"grxx","ip":"::1","success":true,"error":null}
{"timestamp":"2025-06-30T07:39:30.480Z","action":"READ","filename":"grxx","ip":"::1","success":true,"error":null}
{"timestamp":"2025-06-30T07:49:28.531Z","action":"READ","filename":"jjzb","ip":"::1","success":true,"error":null}
{"timestamp":"2025-06-30T07:50:10.137Z","action":"READ","filename":"gongshui","ip":"::1","success":true,"error":null}
{"timestamp":"2025-06-30T07:50:13.630Z","action":"READ","filename":"sc","ip":"::1","success":true,"error":null}
{"timestamp":"2025-06-30T07:50:13.651Z","action":"SAVE","filename":"gongshui","ip":"::1","success":true,"error":null}
{"timestamp":"2025-06-30T07:50:13.694Z","action":"SAVE","filename":"sc2","ip":"::1","success":true,"error":null}
{"timestamp":"2025-06-30T07:50:15.113Z","action":"READ","filename":"sczaizhi","ip":"::1","success":true,"error":null}
{"timestamp":"2025-06-30T07:50:15.144Z","action":"SAVE","filename":"sc","ip":"::1","success":true,"error":null}
{"timestamp":"2025-06-30T07:50:17.514Z","action":"SAVE","filename":"sczaizhi","ip":"::1","success":true,"error":null}
{"timestamp":"2025-06-30T07:53:21.545Z","action":"READ","filename":"xiangmujx","ip":"::1","success":true,"error":null}
{"timestamp":"2025-06-30T07:58:44.988Z","action":"READ","filename":"zlda","ip":"::1","success":true,"error":null}
{"timestamp":"2025-06-30T08:27:51.714Z","action":"READ","filename":"xiangmujx","ip":"::1","success":true,"error":null}
{"timestamp":"2025-06-30T08:27:51.752Z","action":"SAVE","filename":"zlda","ip":"::1","success":true,"error":null}
{"timestamp":"2025-06-30T08:27:55.181Z","action":"SAVE","filename":"rwjx","ip":"::1","success":true,"error":null}
{"timestamp":"2025-06-30T10:57:10.805Z","action":"SAVE","filename":"rwjx","ip":"::1","success":true,"error":null}
{"timestamp":"2025-06-30T10:57:54.977Z","action":"READ","filename":"xiangmujx","ip":"::1","success":true,"error":null}
{"timestamp":"2025-06-30T10:58:57.026Z","action":"READ","filename":"xiangmujx","ip":"::1","success":true,"error":null}
{"timestamp":"2025-06-30T10:58:57.077Z","action":"SAVE","filename":"rwjx","ip":"::1","success":true,"error":null}
{"timestamp":"2025-06-30T10:59:08.444Z","action":"READ","filename":"grxx","ip":"::1","success":true,"error":null}
{"timestamp":"2025-06-30T10:59:33.070Z","action":"READ","filename":"grxx","ip":"::1","success":true,"error":null}
{"timestamp":"2025-06-30T10:59:36.678Z","action":"READ","filename":"grxx","ip":"::1","success":true,"error":null}
{"timestamp":"2025-06-30T10:59:46.920Z","action":"READ","filename":"grxx","ip":"::1","success":true,"error":null}
{"timestamp":"2025-06-30T10:59:46.950Z","action":"SAVE","filename":"rwjx","ip":"::1","success":true,"error":null}
{"timestamp":"2025-06-30T11:03:53.475Z","action":"READ","filename":"grxx","ip":"::1","success":true,"error":null}
{"timestamp":"2025-06-30T11:07:30.605Z","action":"SAVE","filename":"rwjx","ip":"::1","success":true,"error":null}
{"timestamp":"2025-06-30T11:08:05.938Z","action":"SAVE","filename":"rwjx","ip":"::1","success":true,"error":null}
{"timestamp":"2025-06-30T11:11:51.625Z","action":"SAVE","filename":"rwjx","ip":"::1","success":true,"error":null}
{"timestamp":"2025-06-30T11:13:17.883Z","action":"READ","filename":"grxx","ip":"::1","success":true,"error":null}
{"timestamp":"2025-06-30T11:13:32.830Z","action":"SAVE","filename":"rwjx","ip":"::1","success":true,"error":null}
{"timestamp":"2025-06-30T11:25:29.185Z","action":"SAVE","filename":"rwjx","ip":"::1","success":true,"error":null}
{"timestamp":"2025-06-30T11:25:29.188Z","action":"READ","filename":"grxx","ip":"::1","success":true,"error":null}
{"timestamp":"2025-06-30T11:26:04.760Z","action":"READ","filename":"xiangmujx","ip":"::1","success":true,"error":null}
{"timestamp":"2025-06-30T11:26:06.426Z","action":"READ","filename":"grxx","ip":"::1","success":true,"error":null}
{"timestamp":"2025-06-30T11:26:06.446Z","action":"SAVE","filename":"rwjx","ip":"::1","success":true,"error":null}
{"timestamp":"2025-06-30T11:26:11.610Z","action":"READ","filename":"grxx","ip":"::1","success":true,"error":null}
{"timestamp":"2025-06-30T11:26:11.620Z","action":"SAVE","filename":"rwjx","ip":"::1","success":true,"error":null}
{"timestamp":"2025-06-30T11:26:28.274Z","action":"READ","filename":"grxx","ip":"::1","success":true,"error":null}
{"timestamp":"2025-06-30T11:26:28.288Z","action":"SAVE","filename":"rwjx","ip":"::1","success":true,"error":null}
{"timestamp":"2025-06-30T11:28:40.046Z","action":"SAVE","filename":"rwjx","ip":"::1","success":true,"error":null}
{"timestamp":"2025-06-30T11:31:08.202Z","action":"SAVE","filename":"rwjx","ip":"::1","success":true,"error":null}
{"timestamp":"2025-06-30T11:40:30.535Z","action":"SAVE","filename":"rwjx","ip":"::1","success":true,"error":null}
